[2.354s] Invoking command in '/home/user/M_system/src/my_string_publisher': PYTHONPATH=/home/user/M_system/build/my_string_publisher/prefix_override:/home/user/M_system/install/my_string_publisher/lib/python3.10/site-packages: /usr/bin/python3 setup.py egg_info --egg-base ../../build/my_string_publisher build --build-base /home/user/M_system/build/my_string_publisher/build install --record /home/user/M_system/build/my_string_publisher/install.log --single-version-externally-managed
[3.307s] running egg_info
[3.310s] writing ../../build/my_string_publisher/my_string_publisher.egg-info/PKG-INFO
[3.310s] writing dependency_links to ../../build/my_string_publisher/my_string_publisher.egg-info/dependency_links.txt
[3.311s] writing entry points to ../../build/my_string_publisher/my_string_publisher.egg-info/entry_points.txt
[3.311s] writing requirements to ../../build/my_string_publisher/my_string_publisher.egg-info/requires.txt
[3.312s] writing top-level names to ../../build/my_string_publisher/my_string_publisher.egg-info/top_level.txt
[3.319s] reading manifest file '../../build/my_string_publisher/my_string_publisher.egg-info/SOURCES.txt'
[3.322s] writing manifest file '../../build/my_string_publisher/my_string_publisher.egg-info/SOURCES.txt'
[3.324s] running build
[3.324s] running build_py
[3.326s] running install
[3.328s] running install_lib
[3.332s] running install_egg_info
[3.339s] removing '/home/user/M_system/install/my_string_publisher/lib/python3.10/site-packages/my_string_publisher-0.0.1-py3.10.egg-info' (and everything under it)
[3.341s] Copying ../../build/my_string_publisher/my_string_publisher.egg-info to /home/user/M_system/install/my_string_publisher/lib/python3.10/site-packages/my_string_publisher-0.0.1-py3.10.egg-info
[3.344s] running install_scripts
[3.414s] Installing StringPublisher script to /home/user/M_system/install/my_string_publisher/lib/my_string_publisher
[3.416s] writing list of installed files to '/home/user/M_system/build/my_string_publisher/install.log'
[3.520s] Invoked command in '/home/user/M_system/src/my_string_publisher' returned '0': PYTHONPATH=/home/user/M_system/build/my_string_publisher/prefix_override:/home/user/M_system/install/my_string_publisher/lib/python3.10/site-packages: /usr/bin/python3 setup.py egg_info --egg-base ../../build/my_string_publisher build --build-base /home/user/M_system/build/my_string_publisher/build install --record /home/user/M_system/build/my_string_publisher/install.log --single-version-externally-managed
