[4.176s] Invoking command in '/home/user/M_system/src/my_string_publisher': PYTHONPATH=/home/user/M_system/build/my_string_publisher/prefix_override:/home/user/M_system/install/my_string_publisher/lib/python3.10/site-packages:${PYTHONPATH} /usr/bin/python3 setup.py egg_info --egg-base ../../build/my_string_publisher build --build-base /home/user/M_system/build/my_string_publisher/build install --record /home/user/M_system/build/my_string_publisher/install.log --single-version-externally-managed
[5.416s] running egg_info
[5.420s] writing ../../build/my_string_publisher/my_string_publisher.egg-info/PKG-INFO
[5.421s] writing dependency_links to ../../build/my_string_publisher/my_string_publisher.egg-info/dependency_links.txt
[5.422s] writing entry points to ../../build/my_string_publisher/my_string_publisher.egg-info/entry_points.txt
[5.423s] writing requirements to ../../build/my_string_publisher/my_string_publisher.egg-info/requires.txt
[5.424s] writing top-level names to ../../build/my_string_publisher/my_string_publisher.egg-info/top_level.txt
[5.432s] reading manifest file '../../build/my_string_publisher/my_string_publisher.egg-info/SOURCES.txt'
[5.435s] writing manifest file '../../build/my_string_publisher/my_string_publisher.egg-info/SOURCES.txt'
[5.436s] running build
[5.436s] running build_py
[5.438s] running install
[5.440s] running install_lib
[5.453s] running install_egg_info
[5.459s] removing '/home/user/M_system/install/my_string_publisher/lib/python3.10/site-packages/my_string_publisher-0.0.1-py3.10.egg-info' (and everything under it)
[5.460s] Copying ../../build/my_string_publisher/my_string_publisher.egg-info to /home/user/M_system/install/my_string_publisher/lib/python3.10/site-packages/my_string_publisher-0.0.1-py3.10.egg-info
[5.464s] running install_scripts
[5.558s] Installing StringPublisher script to /home/user/M_system/install/my_string_publisher/lib/my_string_publisher
[5.560s] writing list of installed files to '/home/user/M_system/build/my_string_publisher/install.log'
[5.687s] Invoked command in '/home/user/M_system/src/my_string_publisher' returned '0': PYTHONPATH=/home/user/M_system/build/my_string_publisher/prefix_override:/home/user/M_system/install/my_string_publisher/lib/python3.10/site-packages:${PYTHONPATH} /usr/bin/python3 setup.py egg_info --egg-base ../../build/my_string_publisher build --build-base /home/user/M_system/build/my_string_publisher/build install --record /home/user/M_system/build/my_string_publisher/install.log --single-version-externally-managed
