/home/user/.local/lib/python3.10/site-packages/setuptools/_distutils/dist.py:261: UserWarning: Unknown distribution option: 'tests_require'
  warnings.warn(msg)
running egg_info
writing ../../build/my_string_publisher/my_string_publisher.egg-info/PKG-INFO
writing dependency_links to ../../build/my_string_publisher/my_string_publisher.egg-info/dependency_links.txt
writing entry points to ../../build/my_string_publisher/my_string_publisher.egg-info/entry_points.txt
writing requirements to ../../build/my_string_publisher/my_string_publisher.egg-info/requires.txt
writing top-level names to ../../build/my_string_publisher/my_string_publisher.egg-info/top_level.txt
reading manifest file '../../build/my_string_publisher/my_string_publisher.egg-info/SOURCES.txt'
writing manifest file '../../build/my_string_publisher/my_string_publisher.egg-info/SOURCES.txt'
running build
running build_py
copying my_string_publisher/__init__.py -> /home/user/M_system/build/my_string_publisher/build/lib/my_string_publisher
copying my_string_publisher/publisher_node.py -> /home/user/M_system/build/my_string_publisher/build/lib/my_string_publisher
running install
/home/user/.local/lib/python3.10/site-packages/setuptools/_distutils/cmd.py:66: SetuptoolsDeprecationWarning: setup.py install is deprecated.
!!

        ********************************************************************************
        Please avoid running ``setup.py`` directly.
        Instead, use pypa/build, pypa/installer or other
        standards-based tools.

        See https://blog.ganssle.io/articles/2021/10/setup-py-deprecated.html for details.
        ********************************************************************************

!!
  self.initialize_options()
running install_lib
running install_egg_info
removing '/home/user/M_system/install/my_string_publisher/lib/python3.10/site-packages/my_string_publisher-0.0.1-py3.10.egg-info' (and everything under it)
Copying ../../build/my_string_publisher/my_string_publisher.egg-info to /home/user/M_system/install/my_string_publisher/lib/python3.10/site-packages/my_string_publisher-0.0.1-py3.10.egg-info
running install_scripts
Installing publisher_node script to /home/user/M_system/install/my_string_publisher/lib/my_string_publisher
writing list of installed files to '/home/user/M_system/build/my_string_publisher/install.log'
