[1.692s] Invoking command in '/home/user/M_system/src/my_string_publisher': PYTHONPATH=/home/user/M_system/build/my_string_publisher/prefix_override:/home/user/M_system/install/my_string_publisher/lib/python3.10/site-packages:${PYTHONPATH} /usr/bin/python3 setup.py egg_info --egg-base ../../build/my_string_publisher build --build-base /home/user/M_system/build/my_string_publisher/build install --record /home/user/M_system/build/my_string_publisher/install.log --single-version-externally-managed
[2.106s] /home/user/.local/lib/python3.10/site-packages/setuptools/_distutils/dist.py:261: UserWarning: Unknown distribution option: 'tests_require'
[2.106s]   warnings.warn(msg)
[2.355s] running egg_info
[2.400s] writing ../../build/my_string_publisher/my_string_publisher.egg-info/PKG-INFO
[2.401s] writing dependency_links to ../../build/my_string_publisher/my_string_publisher.egg-info/dependency_links.txt
[2.402s] writing entry points to ../../build/my_string_publisher/my_string_publisher.egg-info/entry_points.txt
[2.403s] writing requirements to ../../build/my_string_publisher/my_string_publisher.egg-info/requires.txt
[2.404s] writing top-level names to ../../build/my_string_publisher/my_string_publisher.egg-info/top_level.txt
[2.501s] reading manifest file '../../build/my_string_publisher/my_string_publisher.egg-info/SOURCES.txt'
[2.505s] writing manifest file '../../build/my_string_publisher/my_string_publisher.egg-info/SOURCES.txt'
[2.505s] running build
[2.505s] running build_py
[2.506s] copying my_string_publisher/__init__.py -> /home/user/M_system/build/my_string_publisher/build/lib/my_string_publisher
[2.507s] copying my_string_publisher/publisher_node.py -> /home/user/M_system/build/my_string_publisher/build/lib/my_string_publisher
[2.508s] running install
[2.508s] /home/user/.local/lib/python3.10/site-packages/setuptools/_distutils/cmd.py:66: SetuptoolsDeprecationWarning: setup.py install is deprecated.
[2.509s] !!
[2.510s] 
[2.510s]         ********************************************************************************
[2.510s]         Please avoid running ``setup.py`` directly.
[2.510s]         Instead, use pypa/build, pypa/installer or other
[2.510s]         standards-based tools.
[2.511s] 
[2.511s]         See https://blog.ganssle.io/articles/2021/10/setup-py-deprecated.html for details.
[2.511s]         ********************************************************************************
[2.511s] 
[2.511s] !!
[2.512s]   self.initialize_options()
[2.522s] running install_lib
[2.575s] running install_egg_info
[2.624s] removing '/home/user/M_system/install/my_string_publisher/lib/python3.10/site-packages/my_string_publisher-0.0.1-py3.10.egg-info' (and everything under it)
[2.625s] Copying ../../build/my_string_publisher/my_string_publisher.egg-info to /home/user/M_system/install/my_string_publisher/lib/python3.10/site-packages/my_string_publisher-0.0.1-py3.10.egg-info
[2.627s] running install_scripts
[3.002s] Installing publisher_node script to /home/user/M_system/install/my_string_publisher/lib/my_string_publisher
[3.003s] writing list of installed files to '/home/user/M_system/build/my_string_publisher/install.log'
[3.088s] Invoked command in '/home/user/M_system/src/my_string_publisher' returned '0': PYTHONPATH=/home/user/M_system/build/my_string_publisher/prefix_override:/home/user/M_system/install/my_string_publisher/lib/python3.10/site-packages:${PYTHONPATH} /usr/bin/python3 setup.py egg_info --egg-base ../../build/my_string_publisher build --build-base /home/user/M_system/build/my_string_publisher/build install --record /home/user/M_system/build/my_string_publisher/install.log --single-version-externally-managed
