[4.205s] Invoking command in '/home/user/M_system/src/P_m_gps_listener': PYTHONPATH=/home/user/M_system/src/build/P_m_gps_listener/prefix_override:/home/user/M_system/src/install/P_m_gps_listener/lib/python3.10/site-packages:${PYTHONPATH} /usr/bin/python3 setup.py egg_info --egg-base ../build/P_m_gps_listener build --build-base /home/user/M_system/src/build/P_m_gps_listener/build install --record /home/user/M_system/src/build/P_m_gps_listener/install.log --single-version-externally-managed
[6.029s] running egg_info
[6.032s] writing ../build/P_m_gps_listener/P_m_gps_listener.egg-info/PKG-INFO
[6.034s] writing dependency_links to ../build/P_m_gps_listener/P_m_gps_listener.egg-info/dependency_links.txt
[6.035s] writing entry points to ../build/P_m_gps_listener/P_m_gps_listener.egg-info/entry_points.txt
[6.047s] writing requirements to ../build/P_m_gps_listener/P_m_gps_listener.egg-info/requires.txt
[6.048s] writing top-level names to ../build/P_m_gps_listener/P_m_gps_listener.egg-info/top_level.txt
[6.066s] reading manifest file '../build/P_m_gps_listener/P_m_gps_listener.egg-info/SOURCES.txt'
[6.070s] writing manifest file '../build/P_m_gps_listener/P_m_gps_listener.egg-info/SOURCES.txt'
[6.083s] running build
[6.084s] running build_py
[6.086s] running install
[6.088s] running install_lib
[6.103s] running install_data
[6.115s] running install_egg_info
[6.123s] removing '/home/user/M_system/src/install/P_m_gps_listener/lib/python3.10/site-packages/P_m_gps_listener-0.0.1-py3.10.egg-info' (and everything under it)
[6.125s] Copying ../build/P_m_gps_listener/P_m_gps_listener.egg-info to /home/user/M_system/src/install/P_m_gps_listener/lib/python3.10/site-packages/P_m_gps_listener-0.0.1-py3.10.egg-info
[6.129s] running install_scripts
[6.271s] Installing gps_listener script to /home/user/M_system/src/install/P_m_gps_listener/lib/P_m_gps_listener
[6.277s] writing list of installed files to '/home/user/M_system/src/build/P_m_gps_listener/install.log'
[7.253s] Invoked command in '/home/user/M_system/src/P_m_gps_listener' returned '0': PYTHONPATH=/home/user/M_system/src/build/P_m_gps_listener/prefix_override:/home/user/M_system/src/install/P_m_gps_listener/lib/python3.10/site-packages:${PYTHONPATH} /usr/bin/python3 setup.py egg_info --egg-base ../build/P_m_gps_listener build --build-base /home/user/M_system/src/build/P_m_gps_listener/build install --record /home/user/M_system/src/build/P_m_gps_listener/install.log --single-version-externally-managed
