[3.551s] Invoking command in '/home/user/M_system/src/my_string_publisher': PYTHONPATH=/home/user/M_system/src/build/my_string_publisher/prefix_override:/home/user/M_system/src/install/my_string_publisher/lib/python3.10/site-packages:${PYTHONPATH} /usr/bin/python3 setup.py egg_info --egg-base ../build/my_string_publisher build --build-base /home/user/M_system/src/build/my_string_publisher/build install --record /home/user/M_system/src/build/my_string_publisher/install.log --single-version-externally-managed
[4.682s] running egg_info
[4.685s] creating ../build/my_string_publisher/my_string_publisher.egg-info
[4.686s] writing ../build/my_string_publisher/my_string_publisher.egg-info/PKG-INFO
[4.687s] writing dependency_links to ../build/my_string_publisher/my_string_publisher.egg-info/dependency_links.txt
[4.688s] writing entry points to ../build/my_string_publisher/my_string_publisher.egg-info/entry_points.txt
[4.688s] writing requirements to ../build/my_string_publisher/my_string_publisher.egg-info/requires.txt
[4.689s] writing top-level names to ../build/my_string_publisher/my_string_publisher.egg-info/top_level.txt
[4.690s] writing manifest file '../build/my_string_publisher/my_string_publisher.egg-info/SOURCES.txt'
[4.696s] reading manifest file '../build/my_string_publisher/my_string_publisher.egg-info/SOURCES.txt'
[4.699s] writing manifest file '../build/my_string_publisher/my_string_publisher.egg-info/SOURCES.txt'
[4.699s] running build
[4.700s] running build_py
[4.702s] creating /home/user/M_system/src/build/my_string_publisher/build
[4.702s] creating /home/user/M_system/src/build/my_string_publisher/build/lib
[4.702s] creating /home/user/M_system/src/build/my_string_publisher/build/lib/my_string_publisher
[4.703s] copying my_string_publisher/__init__.py -> /home/user/M_system/src/build/my_string_publisher/build/lib/my_string_publisher
[4.703s] copying my_string_publisher/publisher_node.py -> /home/user/M_system/src/build/my_string_publisher/build/lib/my_string_publisher
[4.704s] running install
[4.705s] running install_lib
[4.707s] creating /home/user/M_system/src/install/my_string_publisher/lib/python3.10/site-packages/my_string_publisher
[4.708s] copying /home/user/M_system/src/build/my_string_publisher/build/lib/my_string_publisher/__init__.py -> /home/user/M_system/src/install/my_string_publisher/lib/python3.10/site-packages/my_string_publisher
[4.709s] copying /home/user/M_system/src/build/my_string_publisher/build/lib/my_string_publisher/publisher_node.py -> /home/user/M_system/src/install/my_string_publisher/lib/python3.10/site-packages/my_string_publisher
[4.711s] byte-compiling /home/user/M_system/src/install/my_string_publisher/lib/python3.10/site-packages/my_string_publisher/__init__.py to __init__.cpython-310.pyc
[4.711s] byte-compiling /home/user/M_system/src/install/my_string_publisher/lib/python3.10/site-packages/my_string_publisher/publisher_node.py to publisher_node.cpython-310.pyc
[4.713s] running install_egg_info
[4.727s] Copying ../build/my_string_publisher/my_string_publisher.egg-info to /home/user/M_system/src/install/my_string_publisher/lib/python3.10/site-packages/my_string_publisher-0.0.1-py3.10.egg-info
[4.730s] running install_scripts
[4.802s] Installing StringPublisher script to /home/user/M_system/src/install/my_string_publisher/lib/my_string_publisher
[4.803s] writing list of installed files to '/home/user/M_system/src/build/my_string_publisher/install.log'
[4.925s] Invoked command in '/home/user/M_system/src/my_string_publisher' returned '0': PYTHONPATH=/home/user/M_system/src/build/my_string_publisher/prefix_override:/home/user/M_system/src/install/my_string_publisher/lib/python3.10/site-packages:${PYTHONPATH} /usr/bin/python3 setup.py egg_info --egg-base ../build/my_string_publisher build --build-base /home/user/M_system/src/build/my_string_publisher/build install --record /home/user/M_system/src/build/my_string_publisher/install.log --single-version-externally-managed
