[3.125s] Invoking command in '/home/user/M_system/src/nmea_navsat_driver': PYTHONPATH=/home/user/M_system/build/nmea_navsat_driver/prefix_override:/home/user/M_system/install/nmea_navsat_driver/lib/python3.10/site-packages: /usr/bin/python3 setup.py egg_info --egg-base ../../build/nmea_navsat_driver build --build-base /home/user/M_system/build/nmea_navsat_driver/build install --record /home/user/M_system/build/nmea_navsat_driver/install.log --single-version-externally-managed
[3.923s] running egg_info
[3.925s] creating ../../build/nmea_navsat_driver/nmea_navsat_driver.egg-info
[3.925s] writing ../../build/nmea_navsat_driver/nmea_navsat_driver.egg-info/PKG-INFO
[3.926s] writing dependency_links to ../../build/nmea_navsat_driver/nmea_navsat_driver.egg-info/dependency_links.txt
[3.926s] writing entry points to ../../build/nmea_navsat_driver/nmea_navsat_driver.egg-info/entry_points.txt
[3.927s] writing requirements to ../../build/nmea_navsat_driver/nmea_navsat_driver.egg-info/requires.txt
[3.927s] writing top-level names to ../../build/nmea_navsat_driver/nmea_navsat_driver.egg-info/top_level.txt
[3.928s] writing manifest file '../../build/nmea_navsat_driver/nmea_navsat_driver.egg-info/SOURCES.txt'
[3.933s] reading manifest file '../../build/nmea_navsat_driver/nmea_navsat_driver.egg-info/SOURCES.txt'
[3.935s] writing manifest file '../../build/nmea_navsat_driver/nmea_navsat_driver.egg-info/SOURCES.txt'
[3.935s] running build
[3.936s] running build_py
[3.937s] creating /home/user/M_system/build/nmea_navsat_driver/build
[3.937s] creating /home/user/M_system/build/nmea_navsat_driver/build/lib
[3.937s] creating /home/user/M_system/build/nmea_navsat_driver/build/lib/libnmea_navsat_driver
[3.938s] copying src/libnmea_navsat_driver/__init__.py -> /home/user/M_system/build/nmea_navsat_driver/build/lib/libnmea_navsat_driver
[3.938s] copying src/libnmea_navsat_driver/checksum_utils.py -> /home/user/M_system/build/nmea_navsat_driver/build/lib/libnmea_navsat_driver
[3.939s] copying src/libnmea_navsat_driver/parser.py -> /home/user/M_system/build/nmea_navsat_driver/build/lib/libnmea_navsat_driver
[3.940s] copying src/libnmea_navsat_driver/driver.py -> /home/user/M_system/build/nmea_navsat_driver/build/lib/libnmea_navsat_driver
[3.940s] creating /home/user/M_system/build/nmea_navsat_driver/build/lib/libnmea_navsat_driver/nodes
[3.941s] copying src/libnmea_navsat_driver/nodes/__init__.py -> /home/user/M_system/build/nmea_navsat_driver/build/lib/libnmea_navsat_driver/nodes
[3.941s] copying src/libnmea_navsat_driver/nodes/nmea_topic_driver.py -> /home/user/M_system/build/nmea_navsat_driver/build/lib/libnmea_navsat_driver/nodes
[3.941s] copying src/libnmea_navsat_driver/nodes/nmea_tcpclient_driver.py -> /home/user/M_system/build/nmea_navsat_driver/build/lib/libnmea_navsat_driver/nodes
[3.941s] copying src/libnmea_navsat_driver/nodes/nmea_socket_driver.py -> /home/user/M_system/build/nmea_navsat_driver/build/lib/libnmea_navsat_driver/nodes
[3.942s] copying src/libnmea_navsat_driver/nodes/nmea_serial_driver.py -> /home/user/M_system/build/nmea_navsat_driver/build/lib/libnmea_navsat_driver/nodes
[3.942s] copying src/libnmea_navsat_driver/nodes/nmea_topic_serial_reader.py -> /home/user/M_system/build/nmea_navsat_driver/build/lib/libnmea_navsat_driver/nodes
[3.943s] running install
[3.944s] running install_lib
[3.945s] creating /home/user/M_system/install/nmea_navsat_driver/lib/python3.10/site-packages/libnmea_navsat_driver
[3.946s] copying /home/user/M_system/build/nmea_navsat_driver/build/lib/libnmea_navsat_driver/__init__.py -> /home/user/M_system/install/nmea_navsat_driver/lib/python3.10/site-packages/libnmea_navsat_driver
[3.946s] copying /home/user/M_system/build/nmea_navsat_driver/build/lib/libnmea_navsat_driver/checksum_utils.py -> /home/user/M_system/install/nmea_navsat_driver/lib/python3.10/site-packages/libnmea_navsat_driver
[3.946s] copying /home/user/M_system/build/nmea_navsat_driver/build/lib/libnmea_navsat_driver/parser.py -> /home/user/M_system/install/nmea_navsat_driver/lib/python3.10/site-packages/libnmea_navsat_driver
[3.947s] creating /home/user/M_system/install/nmea_navsat_driver/lib/python3.10/site-packages/libnmea_navsat_driver/nodes
[3.947s] copying /home/user/M_system/build/nmea_navsat_driver/build/lib/libnmea_navsat_driver/nodes/__init__.py -> /home/user/M_system/install/nmea_navsat_driver/lib/python3.10/site-packages/libnmea_navsat_driver/nodes
[3.947s] copying /home/user/M_system/build/nmea_navsat_driver/build/lib/libnmea_navsat_driver/nodes/nmea_topic_driver.py -> /home/user/M_system/install/nmea_navsat_driver/lib/python3.10/site-packages/libnmea_navsat_driver/nodes
[3.948s] copying /home/user/M_system/build/nmea_navsat_driver/build/lib/libnmea_navsat_driver/nodes/nmea_tcpclient_driver.py -> /home/user/M_system/install/nmea_navsat_driver/lib/python3.10/site-packages/libnmea_navsat_driver/nodes
[3.948s] copying /home/user/M_system/build/nmea_navsat_driver/build/lib/libnmea_navsat_driver/nodes/nmea_socket_driver.py -> /home/user/M_system/install/nmea_navsat_driver/lib/python3.10/site-packages/libnmea_navsat_driver/nodes
[3.949s] copying /home/user/M_system/build/nmea_navsat_driver/build/lib/libnmea_navsat_driver/nodes/nmea_serial_driver.py -> /home/user/M_system/install/nmea_navsat_driver/lib/python3.10/site-packages/libnmea_navsat_driver/nodes
[3.950s] copying /home/user/M_system/build/nmea_navsat_driver/build/lib/libnmea_navsat_driver/nodes/nmea_topic_serial_reader.py -> /home/user/M_system/install/nmea_navsat_driver/lib/python3.10/site-packages/libnmea_navsat_driver/nodes
[3.951s] copying /home/user/M_system/build/nmea_navsat_driver/build/lib/libnmea_navsat_driver/driver.py -> /home/user/M_system/install/nmea_navsat_driver/lib/python3.10/site-packages/libnmea_navsat_driver
[3.951s] byte-compiling /home/user/M_system/install/nmea_navsat_driver/lib/python3.10/site-packages/libnmea_navsat_driver/__init__.py to __init__.cpython-310.pyc
[3.951s] byte-compiling /home/user/M_system/install/nmea_navsat_driver/lib/python3.10/site-packages/libnmea_navsat_driver/checksum_utils.py to checksum_utils.cpython-310.pyc
[3.952s] byte-compiling /home/user/M_system/install/nmea_navsat_driver/lib/python3.10/site-packages/libnmea_navsat_driver/parser.py to parser.cpython-310.pyc
[3.955s] byte-compiling /home/user/M_system/install/nmea_navsat_driver/lib/python3.10/site-packages/libnmea_navsat_driver/nodes/__init__.py to __init__.cpython-310.pyc
[3.956s] byte-compiling /home/user/M_system/install/nmea_navsat_driver/lib/python3.10/site-packages/libnmea_navsat_driver/nodes/nmea_topic_driver.py to nmea_topic_driver.cpython-310.pyc
[3.957s] byte-compiling /home/user/M_system/install/nmea_navsat_driver/lib/python3.10/site-packages/libnmea_navsat_driver/nodes/nmea_tcpclient_driver.py to nmea_tcpclient_driver.cpython-310.pyc
[3.958s] byte-compiling /home/user/M_system/install/nmea_navsat_driver/lib/python3.10/site-packages/libnmea_navsat_driver/nodes/nmea_socket_driver.py to nmea_socket_driver.cpython-310.pyc
[3.959s] byte-compiling /home/user/M_system/install/nmea_navsat_driver/lib/python3.10/site-packages/libnmea_navsat_driver/nodes/nmea_serial_driver.py to nmea_serial_driver.cpython-310.pyc
[3.961s] byte-compiling /home/user/M_system/install/nmea_navsat_driver/lib/python3.10/site-packages/libnmea_navsat_driver/nodes/nmea_topic_serial_reader.py to nmea_topic_serial_reader.cpython-310.pyc
[3.962s] byte-compiling /home/user/M_system/install/nmea_navsat_driver/lib/python3.10/site-packages/libnmea_navsat_driver/driver.py to driver.cpython-310.pyc
[3.966s] running install_data
[3.967s] creating /home/user/M_system/install/nmea_navsat_driver/share/ament_index
[3.967s] creating /home/user/M_system/install/nmea_navsat_driver/share/ament_index/resource_index
[3.967s] creating /home/user/M_system/install/nmea_navsat_driver/share/ament_index/resource_index/packages
[3.968s] copying resource/nmea_navsat_driver -> /home/user/M_system/install/nmea_navsat_driver/share/ament_index/resource_index/packages
[3.968s] copying package.xml -> /home/user/M_system/install/nmea_navsat_driver/share/nmea_navsat_driver
[3.968s] creating /home/user/M_system/install/nmea_navsat_driver/share/nmea_navsat_driver/launch
[3.969s] copying launch/nmea_socket_driver.launch.py -> /home/user/M_system/install/nmea_navsat_driver/share/nmea_navsat_driver/launch
[3.969s] copying launch/nmea_tcpclient_driver.launch.py -> /home/user/M_system/install/nmea_navsat_driver/share/nmea_navsat_driver/launch
[3.970s] copying launch/nmea_serial_driver.launch.py -> /home/user/M_system/install/nmea_navsat_driver/share/nmea_navsat_driver/launch
[3.970s] creating /home/user/M_system/install/nmea_navsat_driver/share/nmea_navsat_driver/config
[3.970s] copying config/nmea_socket_driver.yaml -> /home/user/M_system/install/nmea_navsat_driver/share/nmea_navsat_driver/config
[3.970s] copying config/nmea_serial_driver.yaml -> /home/user/M_system/install/nmea_navsat_driver/share/nmea_navsat_driver/config
[3.971s] copying config/nmea_tcpclient_driver.yaml -> /home/user/M_system/install/nmea_navsat_driver/share/nmea_navsat_driver/config
[3.971s] running install_egg_info
[3.974s] Copying ../../build/nmea_navsat_driver/nmea_navsat_driver.egg-info to /home/user/M_system/install/nmea_navsat_driver/lib/python3.10/site-packages/nmea_navsat_driver-2.0.1-py3.10.egg-info
[3.976s] running install_scripts
[4.027s] Installing nmea_serial_driver script to /home/user/M_system/install/nmea_navsat_driver/lib/nmea_navsat_driver
[4.028s] Installing nmea_socket_driver script to /home/user/M_system/install/nmea_navsat_driver/lib/nmea_navsat_driver
[4.028s] Installing nmea_tcpclient_driver script to /home/user/M_system/install/nmea_navsat_driver/lib/nmea_navsat_driver
[4.028s] Installing nmea_topic_driver script to /home/user/M_system/install/nmea_navsat_driver/lib/nmea_navsat_driver
[4.029s] Installing nmea_topic_serial_reader script to /home/user/M_system/install/nmea_navsat_driver/lib/nmea_navsat_driver
[4.030s] writing list of installed files to '/home/user/M_system/build/nmea_navsat_driver/install.log'
[4.114s] Invoked command in '/home/user/M_system/src/nmea_navsat_driver' returned '0': PYTHONPATH=/home/user/M_system/build/nmea_navsat_driver/prefix_override:/home/user/M_system/install/nmea_navsat_driver/lib/python3.10/site-packages: /usr/bin/python3 setup.py egg_info --egg-base ../../build/nmea_navsat_driver build --build-base /home/user/M_system/build/nmea_navsat_driver/build install --record /home/user/M_system/build/nmea_navsat_driver/install.log --single-version-externally-managed
