[2.723s] Invoking command in '/home/user/M_system/src/nmea_navsat_driver': PYTHONPATH=/home/user/M_system/src/build/nmea_navsat_driver/prefix_override:/home/user/M_system/src/install/nmea_navsat_driver/lib/python3.10/site-packages:${PYTHONPATH} /usr/bin/python3 setup.py egg_info --egg-base ../build/nmea_navsat_driver build --build-base /home/user/M_system/src/build/nmea_navsat_driver/build install --record /home/user/M_system/src/build/nmea_navsat_driver/install.log --single-version-externally-managed
[3.473s] running egg_info
[3.475s] creating ../build/nmea_navsat_driver/nmea_navsat_driver.egg-info
[3.483s] writing ../build/nmea_navsat_driver/nmea_navsat_driver.egg-info/PKG-INFO
[3.484s] writing dependency_links to ../build/nmea_navsat_driver/nmea_navsat_driver.egg-info/dependency_links.txt
[3.484s] writing entry points to ../build/nmea_navsat_driver/nmea_navsat_driver.egg-info/entry_points.txt
[3.484s] writing requirements to ../build/nmea_navsat_driver/nmea_navsat_driver.egg-info/requires.txt
[3.484s] writing top-level names to ../build/nmea_navsat_driver/nmea_navsat_driver.egg-info/top_level.txt
[3.485s] writing manifest file '../build/nmea_navsat_driver/nmea_navsat_driver.egg-info/SOURCES.txt'
[3.488s] reading manifest file '../build/nmea_navsat_driver/nmea_navsat_driver.egg-info/SOURCES.txt'
[3.491s] writing manifest file '../build/nmea_navsat_driver/nmea_navsat_driver.egg-info/SOURCES.txt'
[3.492s] running build
[3.492s] running build_py
[3.493s] creating /home/user/M_system/src/build/nmea_navsat_driver/build
[3.493s] creating /home/user/M_system/src/build/nmea_navsat_driver/build/lib
[3.493s] creating /home/user/M_system/src/build/nmea_navsat_driver/build/lib/libnmea_navsat_driver
[3.493s] copying src/libnmea_navsat_driver/__init__.py -> /home/user/M_system/src/build/nmea_navsat_driver/build/lib/libnmea_navsat_driver
[3.494s] copying src/libnmea_navsat_driver/checksum_utils.py -> /home/user/M_system/src/build/nmea_navsat_driver/build/lib/libnmea_navsat_driver
[3.494s] copying src/libnmea_navsat_driver/parser.py -> /home/user/M_system/src/build/nmea_navsat_driver/build/lib/libnmea_navsat_driver
[3.494s] copying src/libnmea_navsat_driver/driver.py -> /home/user/M_system/src/build/nmea_navsat_driver/build/lib/libnmea_navsat_driver
[3.495s] creating /home/user/M_system/src/build/nmea_navsat_driver/build/lib/libnmea_navsat_driver/nodes
[3.495s] copying src/libnmea_navsat_driver/nodes/__init__.py -> /home/user/M_system/src/build/nmea_navsat_driver/build/lib/libnmea_navsat_driver/nodes
[3.495s] copying src/libnmea_navsat_driver/nodes/nmea_topic_driver.py -> /home/user/M_system/src/build/nmea_navsat_driver/build/lib/libnmea_navsat_driver/nodes
[3.496s] copying src/libnmea_navsat_driver/nodes/nmea_tcpclient_driver.py -> /home/user/M_system/src/build/nmea_navsat_driver/build/lib/libnmea_navsat_driver/nodes
[3.496s] copying src/libnmea_navsat_driver/nodes/nmea_socket_driver.py -> /home/user/M_system/src/build/nmea_navsat_driver/build/lib/libnmea_navsat_driver/nodes
[3.496s] copying src/libnmea_navsat_driver/nodes/nmea_serial_driver.py -> /home/user/M_system/src/build/nmea_navsat_driver/build/lib/libnmea_navsat_driver/nodes
[3.497s] copying src/libnmea_navsat_driver/nodes/nmea_topic_serial_reader.py -> /home/user/M_system/src/build/nmea_navsat_driver/build/lib/libnmea_navsat_driver/nodes
[3.498s] running install
[3.502s] running install_lib
[3.502s] creating /home/user/M_system/src/install/nmea_navsat_driver/lib/python3.10/site-packages/libnmea_navsat_driver
[3.503s] copying /home/user/M_system/src/build/nmea_navsat_driver/build/lib/libnmea_navsat_driver/__init__.py -> /home/user/M_system/src/install/nmea_navsat_driver/lib/python3.10/site-packages/libnmea_navsat_driver
[3.503s] copying /home/user/M_system/src/build/nmea_navsat_driver/build/lib/libnmea_navsat_driver/checksum_utils.py -> /home/user/M_system/src/install/nmea_navsat_driver/lib/python3.10/site-packages/libnmea_navsat_driver
[3.503s] copying /home/user/M_system/src/build/nmea_navsat_driver/build/lib/libnmea_navsat_driver/parser.py -> /home/user/M_system/src/install/nmea_navsat_driver/lib/python3.10/site-packages/libnmea_navsat_driver
[3.504s] creating /home/user/M_system/src/install/nmea_navsat_driver/lib/python3.10/site-packages/libnmea_navsat_driver/nodes
[3.504s] copying /home/user/M_system/src/build/nmea_navsat_driver/build/lib/libnmea_navsat_driver/nodes/__init__.py -> /home/user/M_system/src/install/nmea_navsat_driver/lib/python3.10/site-packages/libnmea_navsat_driver/nodes
[3.505s] copying /home/user/M_system/src/build/nmea_navsat_driver/build/lib/libnmea_navsat_driver/nodes/nmea_topic_driver.py -> /home/user/M_system/src/install/nmea_navsat_driver/lib/python3.10/site-packages/libnmea_navsat_driver/nodes
[3.505s] copying /home/user/M_system/src/build/nmea_navsat_driver/build/lib/libnmea_navsat_driver/nodes/nmea_tcpclient_driver.py -> /home/user/M_system/src/install/nmea_navsat_driver/lib/python3.10/site-packages/libnmea_navsat_driver/nodes
[3.507s] copying /home/user/M_system/src/build/nmea_navsat_driver/build/lib/libnmea_navsat_driver/nodes/nmea_socket_driver.py -> /home/user/M_system/src/install/nmea_navsat_driver/lib/python3.10/site-packages/libnmea_navsat_driver/nodes
[3.507s] copying /home/user/M_system/src/build/nmea_navsat_driver/build/lib/libnmea_navsat_driver/nodes/nmea_serial_driver.py -> /home/user/M_system/src/install/nmea_navsat_driver/lib/python3.10/site-packages/libnmea_navsat_driver/nodes
[3.508s] copying /home/user/M_system/src/build/nmea_navsat_driver/build/lib/libnmea_navsat_driver/nodes/nmea_topic_serial_reader.py -> /home/user/M_system/src/install/nmea_navsat_driver/lib/python3.10/site-packages/libnmea_navsat_driver/nodes
[3.508s] copying /home/user/M_system/src/build/nmea_navsat_driver/build/lib/libnmea_navsat_driver/driver.py -> /home/user/M_system/src/install/nmea_navsat_driver/lib/python3.10/site-packages/libnmea_navsat_driver
[3.508s] byte-compiling /home/user/M_system/src/install/nmea_navsat_driver/lib/python3.10/site-packages/libnmea_navsat_driver/__init__.py to __init__.cpython-310.pyc
[3.509s] byte-compiling /home/user/M_system/src/install/nmea_navsat_driver/lib/python3.10/site-packages/libnmea_navsat_driver/checksum_utils.py to checksum_utils.cpython-310.pyc
[3.509s] byte-compiling /home/user/M_system/src/install/nmea_navsat_driver/lib/python3.10/site-packages/libnmea_navsat_driver/parser.py to parser.cpython-310.pyc
[3.513s] byte-compiling /home/user/M_system/src/install/nmea_navsat_driver/lib/python3.10/site-packages/libnmea_navsat_driver/nodes/__init__.py to __init__.cpython-310.pyc
[3.513s] byte-compiling /home/user/M_system/src/install/nmea_navsat_driver/lib/python3.10/site-packages/libnmea_navsat_driver/nodes/nmea_topic_driver.py to nmea_topic_driver.cpython-310.pyc
[3.514s] byte-compiling /home/user/M_system/src/install/nmea_navsat_driver/lib/python3.10/site-packages/libnmea_navsat_driver/nodes/nmea_tcpclient_driver.py to nmea_tcpclient_driver.cpython-310.pyc
[3.516s] byte-compiling /home/user/M_system/src/install/nmea_navsat_driver/lib/python3.10/site-packages/libnmea_navsat_driver/nodes/nmea_socket_driver.py to nmea_socket_driver.cpython-310.pyc
[3.517s] byte-compiling /home/user/M_system/src/install/nmea_navsat_driver/lib/python3.10/site-packages/libnmea_navsat_driver/nodes/nmea_serial_driver.py to nmea_serial_driver.cpython-310.pyc
[3.518s] byte-compiling /home/user/M_system/src/install/nmea_navsat_driver/lib/python3.10/site-packages/libnmea_navsat_driver/nodes/nmea_topic_serial_reader.py to nmea_topic_serial_reader.cpython-310.pyc
[3.520s] byte-compiling /home/user/M_system/src/install/nmea_navsat_driver/lib/python3.10/site-packages/libnmea_navsat_driver/driver.py to driver.cpython-310.pyc
[3.523s] running install_data
[3.525s] creating /home/user/M_system/src/install/nmea_navsat_driver/share/ament_index
[3.525s] creating /home/user/M_system/src/install/nmea_navsat_driver/share/ament_index/resource_index
[3.525s] creating /home/user/M_system/src/install/nmea_navsat_driver/share/ament_index/resource_index/packages
[3.526s] copying resource/nmea_navsat_driver -> /home/user/M_system/src/install/nmea_navsat_driver/share/ament_index/resource_index/packages
[3.526s] copying package.xml -> /home/user/M_system/src/install/nmea_navsat_driver/share/nmea_navsat_driver
[3.527s] creating /home/user/M_system/src/install/nmea_navsat_driver/share/nmea_navsat_driver/launch
[3.528s] copying launch/nmea_socket_driver.launch.py -> /home/user/M_system/src/install/nmea_navsat_driver/share/nmea_navsat_driver/launch
[3.528s] copying launch/nmea_tcpclient_driver.launch.py -> /home/user/M_system/src/install/nmea_navsat_driver/share/nmea_navsat_driver/launch
[3.528s] copying launch/nmea_serial_driver.launch.py -> /home/user/M_system/src/install/nmea_navsat_driver/share/nmea_navsat_driver/launch
[3.529s] creating /home/user/M_system/src/install/nmea_navsat_driver/share/nmea_navsat_driver/config
[3.529s] copying config/nmea_socket_driver.yaml -> /home/user/M_system/src/install/nmea_navsat_driver/share/nmea_navsat_driver/config
[3.529s] copying config/nmea_serial_driver.yaml -> /home/user/M_system/src/install/nmea_navsat_driver/share/nmea_navsat_driver/config
[3.529s] copying config/nmea_tcpclient_driver.yaml -> /home/user/M_system/src/install/nmea_navsat_driver/share/nmea_navsat_driver/config
[3.529s] running install_egg_info
[3.533s] Copying ../build/nmea_navsat_driver/nmea_navsat_driver.egg-info to /home/user/M_system/src/install/nmea_navsat_driver/lib/python3.10/site-packages/nmea_navsat_driver-2.0.1-py3.10.egg-info
[3.535s] running install_scripts
[3.588s] Installing nmea_serial_driver script to /home/user/M_system/src/install/nmea_navsat_driver/lib/nmea_navsat_driver
[3.588s] Installing nmea_socket_driver script to /home/user/M_system/src/install/nmea_navsat_driver/lib/nmea_navsat_driver
[3.589s] Installing nmea_tcpclient_driver script to /home/user/M_system/src/install/nmea_navsat_driver/lib/nmea_navsat_driver
[3.589s] Installing nmea_topic_driver script to /home/user/M_system/src/install/nmea_navsat_driver/lib/nmea_navsat_driver
[3.589s] Installing nmea_topic_serial_reader script to /home/user/M_system/src/install/nmea_navsat_driver/lib/nmea_navsat_driver
[3.591s] writing list of installed files to '/home/user/M_system/src/build/nmea_navsat_driver/install.log'
[3.695s] Invoked command in '/home/user/M_system/src/nmea_navsat_driver' returned '0': PYTHONPATH=/home/user/M_system/src/build/nmea_navsat_driver/prefix_override:/home/user/M_system/src/install/nmea_navsat_driver/lib/python3.10/site-packages:${PYTHONPATH} /usr/bin/python3 setup.py egg_info --egg-base ../build/nmea_navsat_driver build --build-base /home/user/M_system/src/build/nmea_navsat_driver/build install --record /home/user/M_system/src/build/nmea_navsat_driver/install.log --single-version-externally-managed
