[5.521s] Invoking command in '/home/user/M_system/src/my_string_publisher': PYTHONPATH=/home/user/M_system/build/my_string_publisher/prefix_override:/home/user/M_system/install/my_string_publisher/lib/python3.10/site-packages:${PYTHONPATH} /usr/bin/python3 setup.py egg_info --egg-base ../../build/my_string_publisher build --build-base /home/user/M_system/build/my_string_publisher/build install --record /home/user/M_system/build/my_string_publisher/install.log --single-version-externally-managed
[6.783s] running egg_info
[6.794s] writing ../../build/my_string_publisher/my_string_publisher.egg-info/PKG-INFO
[6.794s] writing dependency_links to ../../build/my_string_publisher/my_string_publisher.egg-info/dependency_links.txt
[6.794s] writing entry points to ../../build/my_string_publisher/my_string_publisher.egg-info/entry_points.txt
[6.795s] writing requirements to ../../build/my_string_publisher/my_string_publisher.egg-info/requires.txt
[6.795s] writing top-level names to ../../build/my_string_publisher/my_string_publisher.egg-info/top_level.txt
[6.801s] reading manifest file '../../build/my_string_publisher/my_string_publisher.egg-info/SOURCES.txt'
[6.805s] writing manifest file '../../build/my_string_publisher/my_string_publisher.egg-info/SOURCES.txt'
[6.806s] running build
[6.807s] running build_py
[6.808s] running install
[6.811s] running install_lib
[6.816s] running install_egg_info
[6.823s] removing '/home/user/M_system/install/my_string_publisher/lib/python3.10/site-packages/my_string_publisher-0.0.1-py3.10.egg-info' (and everything under it)
[6.828s] Copying ../../build/my_string_publisher/my_string_publisher.egg-info to /home/user/M_system/install/my_string_publisher/lib/python3.10/site-packages/my_string_publisher-0.0.1-py3.10.egg-info
[6.835s] running install_scripts
[6.927s] Installing StringPublisher script to /home/user/M_system/install/my_string_publisher/lib/my_string_publisher
[6.929s] writing list of installed files to '/home/user/M_system/build/my_string_publisher/install.log'
[7.057s] Invoked command in '/home/user/M_system/src/my_string_publisher' returned '0': PYTHONPATH=/home/user/M_system/build/my_string_publisher/prefix_override:/home/user/M_system/install/my_string_publisher/lib/python3.10/site-packages:${PYTHONPATH} /usr/bin/python3 setup.py egg_info --egg-base ../../build/my_string_publisher build --build-base /home/user/M_system/build/my_string_publisher/build install --record /home/user/M_system/build/my_string_publisher/install.log --single-version-externally-managed
