[2.987s] DEBUG:colcon:Command line arguments: ['/usr/bin/colcon', 'build']
[2.988s] DEBUG:colcon:Parsed command line arguments: Namespace(log_base=None, log_level=None, verb_name='build', build_base='build', install_base='install', merge_install=False, symlink_install=False, test_result_base=None, continue_on_error=False, executor='parallel', parallel_workers=2, event_handlers=None, ignore_user_meta=False, metas=['./colcon.meta'], base_paths=['.'], packages_ignore=None, packages_ignore_regex=None, paths=None, packages_up_to=None, packages_up_to_regex=None, packages_above=None, packages_above_and_dependencies=None, packages_above_depth=None, packages_select_by_dep=None, packages_skip_by_dep=None, packages_skip_up_to=None, packages_select_build_failed=False, packages_skip_build_finished=False, packages_select_test_failures=False, packages_skip_test_passed=False, packages_select=None, packages_skip=None, packages_select_regex=None, packages_skip_regex=None, packages_start=None, packages_end=None, allow_overriding=[], cmake_args=None, cmake_target=None, cmake_target_skip_unavailable=False, cmake_clean_cache=False, cmake_clean_first=False, cmake_force_configure=False, ament_cmake_args=None, catkin_cmake_args=None, catkin_skip_building_tests=False, verb_parser=<colcon_defaults.argument_parser.defaults.DefaultArgumentsDecorator object at 0x78c6dae71d50>, verb_extension=<colcon_core.verb.build.BuildVerb object at 0x78c6db2dbd00>, main=<bound method BuildVerb.main of <colcon_core.verb.build.BuildVerb object at 0x78c6db2dbd00>>)
[3.113s] Level 1:colcon.colcon_core.package_discovery:discover_packages(colcon_meta) check parameters
[3.113s] Level 1:colcon.colcon_core.package_discovery:discover_packages(recursive) check parameters
[3.113s] Level 1:colcon.colcon_core.package_discovery:discover_packages(ignore) check parameters
[3.113s] Level 1:colcon.colcon_core.package_discovery:discover_packages(path) check parameters
[3.113s] Level 1:colcon.colcon_core.package_discovery:discover_packages(colcon_meta) discover
[3.113s] Level 1:colcon.colcon_core.package_discovery:discover_packages(recursive) discover
[3.114s] INFO:colcon.colcon_core.package_discovery:Crawling recursively for packages in '/home/user/M_system'
[3.114s] Level 1:colcon.colcon_core.package_identification:_identify(.) by extensions ['ignore', 'ignore_ament_install']
[3.114s] Level 1:colcon.colcon_core.package_identification:_identify(.) by extension 'ignore'
[3.114s] Level 1:colcon.colcon_core.package_identification:_identify(.) by extension 'ignore_ament_install'
[3.114s] Level 1:colcon.colcon_core.package_identification:_identify(.) by extensions ['colcon_pkg']
[3.114s] Level 1:colcon.colcon_core.package_identification:_identify(.) by extension 'colcon_pkg'
[3.114s] Level 1:colcon.colcon_core.package_identification:_identify(.) by extensions ['colcon_meta']
[3.114s] Level 1:colcon.colcon_core.package_identification:_identify(.) by extension 'colcon_meta'
[3.114s] Level 1:colcon.colcon_core.package_identification:_identify(.) by extensions ['ros']
[3.115s] Level 1:colcon.colcon_core.package_identification:_identify(.) by extension 'ros'
[3.144s] Level 1:colcon.colcon_core.package_identification:_identify(.) by extensions ['cmake', 'python']
[3.144s] Level 1:colcon.colcon_core.package_identification:_identify(.) by extension 'cmake'
[3.144s] Level 1:colcon.colcon_core.package_identification:_identify(.) by extension 'python'
[3.144s] Level 1:colcon.colcon_core.package_identification:_identify(.) by extensions ['python_setup_py']
[3.144s] Level 1:colcon.colcon_core.package_identification:_identify(.) by extension 'python_setup_py'
[3.144s] Level 1:colcon.colcon_core.package_identification:_identify(build) by extensions ['ignore', 'ignore_ament_install']
[3.145s] Level 1:colcon.colcon_core.package_identification:_identify(build) by extension 'ignore'
[3.145s] Level 1:colcon.colcon_core.package_identification:_identify(build) ignored
[3.145s] Level 1:colcon.colcon_core.package_identification:_identify(install) by extensions ['ignore', 'ignore_ament_install']
[3.145s] Level 1:colcon.colcon_core.package_identification:_identify(install) by extension 'ignore'
[3.145s] Level 1:colcon.colcon_core.package_identification:_identify(install) ignored
[3.146s] Level 1:colcon.colcon_core.package_identification:_identify(log) by extensions ['ignore', 'ignore_ament_install']
[3.146s] Level 1:colcon.colcon_core.package_identification:_identify(log) by extension 'ignore'
[3.146s] Level 1:colcon.colcon_core.package_identification:_identify(log) ignored
[3.146s] Level 1:colcon.colcon_core.package_identification:_identify(src) by extensions ['ignore', 'ignore_ament_install']
[3.146s] Level 1:colcon.colcon_core.package_identification:_identify(src) by extension 'ignore'
[3.146s] Level 1:colcon.colcon_core.package_identification:_identify(src) by extension 'ignore_ament_install'
[3.146s] Level 1:colcon.colcon_core.package_identification:_identify(src) by extensions ['colcon_pkg']
[3.146s] Level 1:colcon.colcon_core.package_identification:_identify(src) by extension 'colcon_pkg'
[3.147s] Level 1:colcon.colcon_core.package_identification:_identify(src) by extensions ['colcon_meta']
[3.147s] Level 1:colcon.colcon_core.package_identification:_identify(src) by extension 'colcon_meta'
[3.147s] Level 1:colcon.colcon_core.package_identification:_identify(src) by extensions ['ros']
[3.147s] Level 1:colcon.colcon_core.package_identification:_identify(src) by extension 'ros'
[3.147s] Level 1:colcon.colcon_core.package_identification:_identify(src) by extensions ['cmake', 'python']
[3.147s] Level 1:colcon.colcon_core.package_identification:_identify(src) by extension 'cmake'
[3.147s] Level 1:colcon.colcon_core.package_identification:_identify(src) by extension 'python'
[3.147s] Level 1:colcon.colcon_core.package_identification:_identify(src) by extensions ['python_setup_py']
[3.147s] Level 1:colcon.colcon_core.package_identification:_identify(src) by extension 'python_setup_py'
[3.147s] Level 1:colcon.colcon_core.package_identification:_identify(src/my_string_publisher) by extensions ['ignore', 'ignore_ament_install']
[3.148s] Level 1:colcon.colcon_core.package_identification:_identify(src/my_string_publisher) by extension 'ignore'
[3.148s] Level 1:colcon.colcon_core.package_identification:_identify(src/my_string_publisher) by extension 'ignore_ament_install'
[3.148s] Level 1:colcon.colcon_core.package_identification:_identify(src/my_string_publisher) by extensions ['colcon_pkg']
[3.148s] Level 1:colcon.colcon_core.package_identification:_identify(src/my_string_publisher) by extension 'colcon_pkg'
[3.148s] Level 1:colcon.colcon_core.package_identification:_identify(src/my_string_publisher) by extensions ['colcon_meta']
[3.148s] Level 1:colcon.colcon_core.package_identification:_identify(src/my_string_publisher) by extension 'colcon_meta'
[3.148s] Level 1:colcon.colcon_core.package_identification:_identify(src/my_string_publisher) by extensions ['ros']
[3.148s] Level 1:colcon.colcon_core.package_identification:_identify(src/my_string_publisher) by extension 'ros'
[3.153s] DEBUG:colcon.colcon_core.package_identification:Failed to parse potential ROS package manifest in'src/my_string_publisher': Error(s) in package 'src/my_string_publisher/package.xml':
Error(s):
- The generic dependency on 'rclpy' is redundant with: exec_depend
- The generic dependency on 'std_msgs' is redundant with: exec_depend
[3.153s] Level 1:colcon.colcon_core.package_identification:_identify(src/my_string_publisher) by extensions ['cmake', 'python']
[3.153s] Level 1:colcon.colcon_core.package_identification:_identify(src/my_string_publisher) by extension 'cmake'
[3.153s] Level 1:colcon.colcon_core.package_identification:_identify(src/my_string_publisher) by extension 'python'
[3.153s] DEBUG:colcon.colcon_core.package_identification:Python package in 'src/my_string_publisher' passes arguments to the setup() function which requires a different identification extension than 'python'
[3.153s] Level 1:colcon.colcon_core.package_identification:_identify(src/my_string_publisher) by extensions ['python_setup_py']
[3.153s] Level 1:colcon.colcon_core.package_identification:_identify(src/my_string_publisher) by extension 'python_setup_py'
[3.921s] DEBUG:colcon.colcon_core.package_identification:Package 'src/my_string_publisher' with type 'python' and name 'my_string_publisher'
[3.921s] Level 1:colcon.colcon_core.package_identification:_identify(src/nmea_navsat_driver) by extensions ['ignore', 'ignore_ament_install']
[3.921s] Level 1:colcon.colcon_core.package_identification:_identify(src/nmea_navsat_driver) by extension 'ignore'
[3.921s] Level 1:colcon.colcon_core.package_identification:_identify(src/nmea_navsat_driver) by extension 'ignore_ament_install'
[3.921s] Level 1:colcon.colcon_core.package_identification:_identify(src/nmea_navsat_driver) by extensions ['colcon_pkg']
[3.921s] Level 1:colcon.colcon_core.package_identification:_identify(src/nmea_navsat_driver) by extension 'colcon_pkg'
[3.921s] Level 1:colcon.colcon_core.package_identification:_identify(src/nmea_navsat_driver) by extensions ['colcon_meta']
[3.922s] Level 1:colcon.colcon_core.package_identification:_identify(src/nmea_navsat_driver) by extension 'colcon_meta'
[3.922s] Level 1:colcon.colcon_core.package_identification:_identify(src/nmea_navsat_driver) by extensions ['ros']
[3.922s] Level 1:colcon.colcon_core.package_identification:_identify(src/nmea_navsat_driver) by extension 'ros'
[3.925s] DEBUG:colcon.colcon_core.package_identification:Package 'src/nmea_navsat_driver' with type 'ros.ament_python' and name 'nmea_navsat_driver'
[3.925s] Level 1:colcon.colcon_core.package_discovery:discover_packages(recursive) using defaults
[3.925s] Level 1:colcon.colcon_core.package_discovery:discover_packages(ignore) discover
[3.925s] Level 1:colcon.colcon_core.package_discovery:discover_packages(ignore) using defaults
[3.925s] Level 1:colcon.colcon_core.package_discovery:discover_packages(path) discover
[3.925s] Level 1:colcon.colcon_core.package_discovery:discover_packages(path) using defaults
[4.186s] Level 1:colcon.colcon_core.package_discovery:discover_packages(prefix_path) check parameters
[4.186s] Level 1:colcon.colcon_core.package_discovery:discover_packages(prefix_path) discover
[4.296s] DEBUG:colcon.colcon_installed_package_information.package_discovery:Found 2 installed packages in /home/user/M_system/install
[4.340s] DEBUG:colcon.colcon_installed_package_information.package_discovery:Found 330 installed packages in /opt/ros/humble
[4.345s] Level 1:colcon.colcon_core.package_discovery:discover_packages(prefix_path) using defaults
[4.599s] Level 5:colcon.colcon_core.verb:set package 'my_string_publisher' build argument 'cmake_args' from command line to 'None'
[4.599s] Level 5:colcon.colcon_core.verb:set package 'my_string_publisher' build argument 'cmake_target' from command line to 'None'
[4.599s] Level 5:colcon.colcon_core.verb:set package 'my_string_publisher' build argument 'cmake_target_skip_unavailable' from command line to 'False'
[4.599s] Level 5:colcon.colcon_core.verb:set package 'my_string_publisher' build argument 'cmake_clean_cache' from command line to 'False'
[4.599s] Level 5:colcon.colcon_core.verb:set package 'my_string_publisher' build argument 'cmake_clean_first' from command line to 'False'
[4.599s] Level 5:colcon.colcon_core.verb:set package 'my_string_publisher' build argument 'cmake_force_configure' from command line to 'False'
[4.599s] Level 5:colcon.colcon_core.verb:set package 'my_string_publisher' build argument 'ament_cmake_args' from command line to 'None'
[4.600s] Level 5:colcon.colcon_core.verb:set package 'my_string_publisher' build argument 'catkin_cmake_args' from command line to 'None'
[4.600s] Level 5:colcon.colcon_core.verb:set package 'my_string_publisher' build argument 'catkin_skip_building_tests' from command line to 'False'
[4.600s] DEBUG:colcon.colcon_core.verb:Building package 'my_string_publisher' with the following arguments: {'ament_cmake_args': None, 'build_base': '/home/user/M_system/build/my_string_publisher', 'catkin_cmake_args': None, 'catkin_skip_building_tests': False, 'cmake_args': None, 'cmake_clean_cache': False, 'cmake_clean_first': False, 'cmake_force_configure': False, 'cmake_target': None, 'cmake_target_skip_unavailable': False, 'install_base': '/home/user/M_system/install/my_string_publisher', 'merge_install': False, 'path': '/home/user/M_system/src/my_string_publisher', 'symlink_install': False, 'test_result_base': None}
[4.642s] Level 5:colcon.colcon_core.verb:set package 'nmea_navsat_driver' build argument 'cmake_args' from command line to 'None'
[4.642s] Level 5:colcon.colcon_core.verb:set package 'nmea_navsat_driver' build argument 'cmake_target' from command line to 'None'
[4.642s] Level 5:colcon.colcon_core.verb:set package 'nmea_navsat_driver' build argument 'cmake_target_skip_unavailable' from command line to 'False'
[4.642s] Level 5:colcon.colcon_core.verb:set package 'nmea_navsat_driver' build argument 'cmake_clean_cache' from command line to 'False'
[4.642s] Level 5:colcon.colcon_core.verb:set package 'nmea_navsat_driver' build argument 'cmake_clean_first' from command line to 'False'
[4.642s] Level 5:colcon.colcon_core.verb:set package 'nmea_navsat_driver' build argument 'cmake_force_configure' from command line to 'False'
[4.642s] Level 5:colcon.colcon_core.verb:set package 'nmea_navsat_driver' build argument 'ament_cmake_args' from command line to 'None'
[4.642s] Level 5:colcon.colcon_core.verb:set package 'nmea_navsat_driver' build argument 'catkin_cmake_args' from command line to 'None'
[4.642s] Level 5:colcon.colcon_core.verb:set package 'nmea_navsat_driver' build argument 'catkin_skip_building_tests' from command line to 'False'
[4.642s] DEBUG:colcon.colcon_core.verb:Building package 'nmea_navsat_driver' with the following arguments: {'ament_cmake_args': None, 'build_base': '/home/user/M_system/build/nmea_navsat_driver', 'catkin_cmake_args': None, 'catkin_skip_building_tests': False, 'cmake_args': None, 'cmake_clean_cache': False, 'cmake_clean_first': False, 'cmake_force_configure': False, 'cmake_target': None, 'cmake_target_skip_unavailable': False, 'install_base': '/home/user/M_system/install/nmea_navsat_driver', 'merge_install': False, 'path': '/home/user/M_system/src/nmea_navsat_driver', 'symlink_install': False, 'test_result_base': None}
[4.685s] INFO:colcon.colcon_core.executor:Executing jobs using 'parallel' executor
[4.727s] DEBUG:colcon.colcon_parallel_executor.executor.parallel:run_until_complete
[4.728s] INFO:colcon.colcon_core.task.python.build:Building Python package in '/home/user/M_system/src/my_string_publisher'
[4.781s] INFO:colcon.colcon_core.plugin_system:Skipping extension 'colcon_core.shell.bat': Not used on non-Windows systems
[4.781s] INFO:colcon.colcon_core.shell:Skip shell extension 'powershell' for command environment: Not usable outside of PowerShell
[4.781s] DEBUG:colcon.colcon_core.shell:Skip shell extension 'dsv' for command environment
[4.938s] INFO:colcon.colcon_ros.task.ament_python.build:Building ROS package in '/home/user/M_system/src/nmea_navsat_driver' with build type 'ament_python'
[4.938s] Level 1:colcon.colcon_core.shell:create_environment_hook('nmea_navsat_driver', 'ament_prefix_path')
[4.992s] INFO:colcon.colcon_core.shell:Creating environment hook '/home/user/M_system/install/nmea_navsat_driver/share/nmea_navsat_driver/hook/ament_prefix_path.ps1'
[4.994s] INFO:colcon.colcon_core.shell:Creating environment descriptor '/home/user/M_system/install/nmea_navsat_driver/share/nmea_navsat_driver/hook/ament_prefix_path.dsv'
[4.995s] INFO:colcon.colcon_core.shell:Creating environment hook '/home/user/M_system/install/nmea_navsat_driver/share/nmea_navsat_driver/hook/ament_prefix_path.sh'
[5.038s] INFO:colcon.colcon_core.shell:Skip shell extension 'powershell' for command environment: Not usable outside of PowerShell
[5.038s] DEBUG:colcon.colcon_core.shell:Skip shell extension 'dsv' for command environment
[7.013s] INFO:colcon.colcon_core.task.python.build:Building Python package in '/home/user/M_system/src/nmea_navsat_driver'
[7.105s] INFO:colcon.colcon_core.shell:Skip shell extension 'powershell' for command environment: Not usable outside of PowerShell
[7.105s] DEBUG:colcon.colcon_core.shell:Skip shell extension 'dsv' for command environment
[7.644s] DEBUG:colcon.colcon_core.event_handler.log_command:Invoking command in '/home/user/M_system/src/my_string_publisher': PYTHONPATH=/home/user/M_system/build/my_string_publisher/prefix_override:/home/user/M_system/install/my_string_publisher/lib/python3.10/site-packages:${PYTHONPATH} /usr/bin/python3 setup.py egg_info --egg-base ../../build/my_string_publisher build --build-base /home/user/M_system/build/my_string_publisher/build install --record /home/user/M_system/build/my_string_publisher/install.log --single-version-externally-managed
[9.020s] DEBUG:colcon.colcon_core.event_handler.log_command:Invoking command in '/home/user/M_system/src/nmea_navsat_driver': PYTHONPATH=/home/user/M_system/build/nmea_navsat_driver/prefix_override:/home/user/M_system/install/nmea_navsat_driver/lib/python3.10/site-packages:${PYTHONPATH} /usr/bin/python3 setup.py egg_info --egg-base ../../build/nmea_navsat_driver build --build-base /home/user/M_system/build/nmea_navsat_driver/build install --record /home/user/M_system/build/nmea_navsat_driver/install.log --single-version-externally-managed
[9.025s] DEBUG:colcon.colcon_core.event_handler.log_command:Invoked command in '/home/user/M_system/src/my_string_publisher' returned '0': PYTHONPATH=/home/user/M_system/build/my_string_publisher/prefix_override:/home/user/M_system/install/my_string_publisher/lib/python3.10/site-packages:${PYTHONPATH} /usr/bin/python3 setup.py egg_info --egg-base ../../build/my_string_publisher build --build-base /home/user/M_system/build/my_string_publisher/build install --record /home/user/M_system/build/my_string_publisher/install.log --single-version-externally-managed
[9.129s] Level 1:colcon.colcon_core.environment:checking '/home/user/M_system/install/my_string_publisher' for CMake module files
[9.132s] Level 1:colcon.colcon_core.environment:checking '/home/user/M_system/install/my_string_publisher' for CMake config files
[9.136s] Level 1:colcon.colcon_core.environment:checking '/home/user/M_system/install/my_string_publisher/lib'
[9.137s] Level 1:colcon.colcon_core.environment:checking '/home/user/M_system/install/my_string_publisher/bin'
[9.137s] Level 1:colcon.colcon_core.environment:checking '/home/user/M_system/install/my_string_publisher/lib/pkgconfig/my_string_publisher.pc'
[9.138s] Level 1:colcon.colcon_core.environment:checking '/home/user/M_system/install/my_string_publisher/lib/python3.10/site-packages'
[9.138s] Level 1:colcon.colcon_core.shell:create_environment_hook('my_string_publisher', 'pythonpath')
[9.235s] INFO:colcon.colcon_core.shell:Creating environment hook '/home/user/M_system/install/my_string_publisher/share/my_string_publisher/hook/pythonpath.ps1'
[9.237s] INFO:colcon.colcon_core.shell:Creating environment descriptor '/home/user/M_system/install/my_string_publisher/share/my_string_publisher/hook/pythonpath.dsv'
[9.238s] INFO:colcon.colcon_core.shell:Creating environment hook '/home/user/M_system/install/my_string_publisher/share/my_string_publisher/hook/pythonpath.sh'
[9.240s] Level 1:colcon.colcon_core.environment:checking '/home/user/M_system/install/my_string_publisher/bin'
[9.240s] Level 1:colcon.colcon_core.environment:create_environment_scripts_only(my_string_publisher)
[9.322s] INFO:colcon.colcon_core.shell:Creating package script '/home/user/M_system/install/my_string_publisher/share/my_string_publisher/package.ps1'
[9.324s] INFO:colcon.colcon_core.shell:Creating package descriptor '/home/user/M_system/install/my_string_publisher/share/my_string_publisher/package.dsv'
[9.327s] INFO:colcon.colcon_core.shell:Creating package script '/home/user/M_system/install/my_string_publisher/share/my_string_publisher/package.sh'
[9.329s] INFO:colcon.colcon_core.shell:Creating package script '/home/user/M_system/install/my_string_publisher/share/my_string_publisher/package.bash'
[9.334s] INFO:colcon.colcon_core.shell:Creating package script '/home/user/M_system/install/my_string_publisher/share/my_string_publisher/package.zsh'
[9.336s] Level 1:colcon.colcon_core.environment:create_file_with_runtime_dependencies(/home/user/M_system/install/my_string_publisher/share/colcon-core/packages/my_string_publisher)
[10.113s] DEBUG:colcon.colcon_core.event_handler.log_command:Invoked command in '/home/user/M_system/src/nmea_navsat_driver' returned '0': PYTHONPATH=/home/user/M_system/build/nmea_navsat_driver/prefix_override:/home/user/M_system/install/nmea_navsat_driver/lib/python3.10/site-packages:${PYTHONPATH} /usr/bin/python3 setup.py egg_info --egg-base ../../build/nmea_navsat_driver build --build-base /home/user/M_system/build/nmea_navsat_driver/build install --record /home/user/M_system/build/nmea_navsat_driver/install.log --single-version-externally-managed
[10.170s] Level 1:colcon.colcon_core.environment:checking '/home/user/M_system/install/nmea_navsat_driver' for CMake module files
[10.172s] Level 1:colcon.colcon_core.environment:checking '/home/user/M_system/install/nmea_navsat_driver' for CMake config files
[10.173s] Level 1:colcon.colcon_core.environment:checking '/home/user/M_system/install/nmea_navsat_driver/lib'
[10.174s] Level 1:colcon.colcon_core.environment:checking '/home/user/M_system/install/nmea_navsat_driver/bin'
[10.174s] Level 1:colcon.colcon_core.environment:checking '/home/user/M_system/install/nmea_navsat_driver/lib/pkgconfig/nmea_navsat_driver.pc'
[10.174s] Level 1:colcon.colcon_core.environment:checking '/home/user/M_system/install/nmea_navsat_driver/lib/python3.10/site-packages'
[10.174s] Level 1:colcon.colcon_core.shell:create_environment_hook('nmea_navsat_driver', 'pythonpath')
[10.230s] INFO:colcon.colcon_core.shell:Creating environment hook '/home/user/M_system/install/nmea_navsat_driver/share/nmea_navsat_driver/hook/pythonpath.ps1'
[10.231s] INFO:colcon.colcon_core.shell:Creating environment descriptor '/home/user/M_system/install/nmea_navsat_driver/share/nmea_navsat_driver/hook/pythonpath.dsv'
[10.232s] INFO:colcon.colcon_core.shell:Creating environment hook '/home/user/M_system/install/nmea_navsat_driver/share/nmea_navsat_driver/hook/pythonpath.sh'
[10.234s] Level 1:colcon.colcon_core.environment:checking '/home/user/M_system/install/nmea_navsat_driver/bin'
[10.234s] Level 1:colcon.colcon_core.environment:create_environment_scripts_only(nmea_navsat_driver)
[10.280s] INFO:colcon.colcon_core.shell:Creating package script '/home/user/M_system/install/nmea_navsat_driver/share/nmea_navsat_driver/package.ps1'
[10.281s] INFO:colcon.colcon_core.shell:Creating package descriptor '/home/user/M_system/install/nmea_navsat_driver/share/nmea_navsat_driver/package.dsv'
[10.283s] INFO:colcon.colcon_core.shell:Creating package script '/home/user/M_system/install/nmea_navsat_driver/share/nmea_navsat_driver/package.sh'
[10.284s] INFO:colcon.colcon_core.shell:Creating package script '/home/user/M_system/install/nmea_navsat_driver/share/nmea_navsat_driver/package.bash'
[10.285s] INFO:colcon.colcon_core.shell:Creating package script '/home/user/M_system/install/nmea_navsat_driver/share/nmea_navsat_driver/package.zsh'
[10.286s] Level 1:colcon.colcon_core.environment:create_file_with_runtime_dependencies(/home/user/M_system/install/nmea_navsat_driver/share/colcon-core/packages/nmea_navsat_driver)
[10.287s] DEBUG:colcon.colcon_parallel_executor.executor.parallel:closing loop
[10.288s] DEBUG:colcon.colcon_parallel_executor.executor.parallel:loop closed
[10.288s] DEBUG:colcon.colcon_parallel_executor.executor.parallel:run_until_complete finished with '0'
[10.288s] DEBUG:colcon.colcon_core.event_reactor:joining thread
[10.368s] INFO:colcon.colcon_core.plugin_system:Skipping extension 'colcon_notification.desktop_notification.terminal_notifier': Not used on non-Darwin systems
[10.368s] INFO:colcon.colcon_core.plugin_system:Skipping extension 'colcon_notification.desktop_notification.win32': Not used on non-Windows systems
[10.368s] INFO:colcon.colcon_notification.desktop_notification:Sending desktop notification using 'notify2'
[10.400s] DEBUG:colcon.colcon_core.event_reactor:joined thread
[10.476s] INFO:colcon.colcon_core.shell:Creating prefix script '/home/user/M_system/install/local_setup.ps1'
[10.479s] INFO:colcon.colcon_core.shell:Creating prefix util module '/home/user/M_system/install/_local_setup_util_ps1.py'
[10.483s] INFO:colcon.colcon_core.shell:Creating prefix chain script '/home/user/M_system/install/setup.ps1'
[10.549s] INFO:colcon.colcon_core.shell:Creating prefix script '/home/user/M_system/install/local_setup.sh'
[10.551s] INFO:colcon.colcon_core.shell:Creating prefix util module '/home/user/M_system/install/_local_setup_util_sh.py'
[10.553s] INFO:colcon.colcon_core.shell:Creating prefix chain script '/home/user/M_system/install/setup.sh'
[10.619s] INFO:colcon.colcon_core.shell:Creating prefix script '/home/user/M_system/install/local_setup.bash'
[10.620s] INFO:colcon.colcon_core.shell:Creating prefix chain script '/home/user/M_system/install/setup.bash'
[10.675s] INFO:colcon.colcon_core.shell:Creating prefix script '/home/user/M_system/install/local_setup.zsh'
[10.676s] INFO:colcon.colcon_core.shell:Creating prefix chain script '/home/user/M_system/install/setup.zsh'
