[3.078s] DEBUG:colcon:Command line arguments: ['/usr/bin/colcon', 'build']
[3.078s] DEBUG:colcon:Parsed command line arguments: Namespace(log_base=None, log_level=None, verb_name='build', build_base='build', install_base='install', merge_install=False, symlink_install=False, test_result_base=None, continue_on_error=False, executor='parallel', parallel_workers=2, event_handlers=None, ignore_user_meta=False, metas=['./colcon.meta'], base_paths=['.'], packages_ignore=None, packages_ignore_regex=None, paths=None, packages_up_to=None, packages_up_to_regex=None, packages_above=None, packages_above_and_dependencies=None, packages_above_depth=None, packages_select_by_dep=None, packages_skip_by_dep=None, packages_skip_up_to=None, packages_select_build_failed=False, packages_skip_build_finished=False, packages_select_test_failures=False, packages_skip_test_passed=False, packages_select=None, packages_skip=None, packages_select_regex=None, packages_skip_regex=None, packages_start=None, packages_end=None, allow_overriding=[], cmake_args=None, cmake_target=None, cmake_target_skip_unavailable=False, cmake_clean_cache=False, cmake_clean_first=False, cmake_force_configure=False, ament_cmake_args=None, catkin_cmake_args=None, catkin_skip_building_tests=False, verb_parser=<colcon_defaults.argument_parser.defaults.DefaultArgumentsDecorator object at 0x7965a36da770>, verb_extension=<colcon_core.verb.build.BuildVerb object at 0x7965a3adc790>, main=<bound method BuildVerb.main of <colcon_core.verb.build.BuildVerb object at 0x7965a3adc790>>)
[3.220s] Level 1:colcon.colcon_core.package_discovery:discover_packages(colcon_meta) check parameters
[3.220s] Level 1:colcon.colcon_core.package_discovery:discover_packages(recursive) check parameters
[3.220s] Level 1:colcon.colcon_core.package_discovery:discover_packages(ignore) check parameters
[3.220s] Level 1:colcon.colcon_core.package_discovery:discover_packages(path) check parameters
[3.220s] Level 1:colcon.colcon_core.package_discovery:discover_packages(colcon_meta) discover
[3.220s] Level 1:colcon.colcon_core.package_discovery:discover_packages(recursive) discover
[3.220s] INFO:colcon.colcon_core.package_discovery:Crawling recursively for packages in '/home/user/M_system/src'
[3.221s] Level 1:colcon.colcon_core.package_identification:_identify(.) by extensions ['ignore', 'ignore_ament_install']
[3.221s] Level 1:colcon.colcon_core.package_identification:_identify(.) by extension 'ignore'
[3.221s] Level 1:colcon.colcon_core.package_identification:_identify(.) by extension 'ignore_ament_install'
[3.221s] Level 1:colcon.colcon_core.package_identification:_identify(.) by extensions ['colcon_pkg']
[3.221s] Level 1:colcon.colcon_core.package_identification:_identify(.) by extension 'colcon_pkg'
[3.221s] Level 1:colcon.colcon_core.package_identification:_identify(.) by extensions ['colcon_meta']
[3.221s] Level 1:colcon.colcon_core.package_identification:_identify(.) by extension 'colcon_meta'
[3.221s] Level 1:colcon.colcon_core.package_identification:_identify(.) by extensions ['ros']
[3.221s] Level 1:colcon.colcon_core.package_identification:_identify(.) by extension 'ros'
[3.250s] Level 1:colcon.colcon_core.package_identification:_identify(.) by extensions ['cmake', 'python']
[3.251s] Level 1:colcon.colcon_core.package_identification:_identify(.) by extension 'cmake'
[3.251s] Level 1:colcon.colcon_core.package_identification:_identify(.) by extension 'python'
[3.251s] Level 1:colcon.colcon_core.package_identification:_identify(.) by extensions ['python_setup_py']
[3.251s] Level 1:colcon.colcon_core.package_identification:_identify(.) by extension 'python_setup_py'
[3.251s] Level 1:colcon.colcon_core.package_identification:_identify(P_m_gps_listener) by extensions ['ignore', 'ignore_ament_install']
[3.251s] Level 1:colcon.colcon_core.package_identification:_identify(P_m_gps_listener) by extension 'ignore'
[3.252s] Level 1:colcon.colcon_core.package_identification:_identify(P_m_gps_listener) by extension 'ignore_ament_install'
[3.252s] Level 1:colcon.colcon_core.package_identification:_identify(P_m_gps_listener) by extensions ['colcon_pkg']
[3.252s] Level 1:colcon.colcon_core.package_identification:_identify(P_m_gps_listener) by extension 'colcon_pkg'
[3.252s] Level 1:colcon.colcon_core.package_identification:_identify(P_m_gps_listener) by extensions ['colcon_meta']
[3.252s] Level 1:colcon.colcon_core.package_identification:_identify(P_m_gps_listener) by extension 'colcon_meta'
[3.252s] Level 1:colcon.colcon_core.package_identification:_identify(P_m_gps_listener) by extensions ['ros']
[3.252s] Level 1:colcon.colcon_core.package_identification:_identify(P_m_gps_listener) by extension 'ros'
[3.258s] DEBUG:colcon.colcon_core.package_identification:Package 'P_m_gps_listener' with type 'ros.ament_python' and name 'P_m_gps_listener'
[3.258s] Level 1:colcon.colcon_core.package_identification:_identify(build) by extensions ['ignore', 'ignore_ament_install']
[3.259s] Level 1:colcon.colcon_core.package_identification:_identify(build) by extension 'ignore'
[3.259s] Level 1:colcon.colcon_core.package_identification:_identify(build) ignored
[3.259s] Level 1:colcon.colcon_core.package_identification:_identify(install) by extensions ['ignore', 'ignore_ament_install']
[3.259s] Level 1:colcon.colcon_core.package_identification:_identify(install) by extension 'ignore'
[3.259s] Level 1:colcon.colcon_core.package_identification:_identify(install) ignored
[3.260s] Level 1:colcon.colcon_core.package_identification:_identify(log) by extensions ['ignore', 'ignore_ament_install']
[3.260s] Level 1:colcon.colcon_core.package_identification:_identify(log) by extension 'ignore'
[3.260s] Level 1:colcon.colcon_core.package_identification:_identify(log) ignored
[3.260s] Level 1:colcon.colcon_core.package_identification:_identify(my_string_publisher) by extensions ['ignore', 'ignore_ament_install']
[3.260s] Level 1:colcon.colcon_core.package_identification:_identify(my_string_publisher) by extension 'ignore'
[3.260s] Level 1:colcon.colcon_core.package_identification:_identify(my_string_publisher) by extension 'ignore_ament_install'
[3.261s] Level 1:colcon.colcon_core.package_identification:_identify(my_string_publisher) by extensions ['colcon_pkg']
[3.261s] Level 1:colcon.colcon_core.package_identification:_identify(my_string_publisher) by extension 'colcon_pkg'
[3.261s] Level 1:colcon.colcon_core.package_identification:_identify(my_string_publisher) by extensions ['colcon_meta']
[3.261s] Level 1:colcon.colcon_core.package_identification:_identify(my_string_publisher) by extension 'colcon_meta'
[3.261s] Level 1:colcon.colcon_core.package_identification:_identify(my_string_publisher) by extensions ['ros']
[3.261s] Level 1:colcon.colcon_core.package_identification:_identify(my_string_publisher) by extension 'ros'
[3.263s] DEBUG:colcon.colcon_core.package_identification:Failed to parse potential ROS package manifest in'my_string_publisher': Error(s) in package 'my_string_publisher/package.xml':
Error(s):
- The generic dependency on 'rclpy' is redundant with: exec_depend
- The generic dependency on 'std_msgs' is redundant with: exec_depend
[3.263s] Level 1:colcon.colcon_core.package_identification:_identify(my_string_publisher) by extensions ['cmake', 'python']
[3.263s] Level 1:colcon.colcon_core.package_identification:_identify(my_string_publisher) by extension 'cmake'
[3.263s] Level 1:colcon.colcon_core.package_identification:_identify(my_string_publisher) by extension 'python'
[3.263s] DEBUG:colcon.colcon_core.package_identification:Python package in 'my_string_publisher' passes arguments to the setup() function which requires a different identification extension than 'python'
[3.263s] Level 1:colcon.colcon_core.package_identification:_identify(my_string_publisher) by extensions ['python_setup_py']
[3.263s] Level 1:colcon.colcon_core.package_identification:_identify(my_string_publisher) by extension 'python_setup_py'
[4.046s] DEBUG:colcon.colcon_core.package_identification:Package 'my_string_publisher' with type 'python' and name 'my_string_publisher'
[4.046s] Level 1:colcon.colcon_core.package_identification:_identify(nmea_navsat_driver) by extensions ['ignore', 'ignore_ament_install']
[4.046s] Level 1:colcon.colcon_core.package_identification:_identify(nmea_navsat_driver) by extension 'ignore'
[4.046s] Level 1:colcon.colcon_core.package_identification:_identify(nmea_navsat_driver) by extension 'ignore_ament_install'
[4.046s] Level 1:colcon.colcon_core.package_identification:_identify(nmea_navsat_driver) by extensions ['colcon_pkg']
[4.046s] Level 1:colcon.colcon_core.package_identification:_identify(nmea_navsat_driver) by extension 'colcon_pkg'
[4.047s] Level 1:colcon.colcon_core.package_identification:_identify(nmea_navsat_driver) by extensions ['colcon_meta']
[4.047s] Level 1:colcon.colcon_core.package_identification:_identify(nmea_navsat_driver) by extension 'colcon_meta'
[4.047s] Level 1:colcon.colcon_core.package_identification:_identify(nmea_navsat_driver) by extensions ['ros']
[4.047s] Level 1:colcon.colcon_core.package_identification:_identify(nmea_navsat_driver) by extension 'ros'
[4.048s] DEBUG:colcon.colcon_core.package_identification:Package 'nmea_navsat_driver' with type 'ros.ament_python' and name 'nmea_navsat_driver'
[4.048s] Level 1:colcon.colcon_core.package_discovery:discover_packages(recursive) using defaults
[4.049s] Level 1:colcon.colcon_core.package_discovery:discover_packages(ignore) discover
[4.049s] Level 1:colcon.colcon_core.package_discovery:discover_packages(ignore) using defaults
[4.049s] Level 1:colcon.colcon_core.package_discovery:discover_packages(path) discover
[4.049s] Level 1:colcon.colcon_core.package_discovery:discover_packages(path) using defaults
[4.318s] Level 1:colcon.colcon_core.package_discovery:discover_packages(prefix_path) check parameters
[4.318s] Level 1:colcon.colcon_core.package_discovery:discover_packages(prefix_path) discover
[4.439s] DEBUG:colcon.colcon_installed_package_information.package_discovery:Found 335 installed packages in /opt/ros/humble
[4.444s] Level 1:colcon.colcon_core.package_discovery:discover_packages(prefix_path) using defaults
[4.721s] Level 5:colcon.colcon_core.verb:set package 'P_m_gps_listener' build argument 'cmake_args' from command line to 'None'
[4.721s] Level 5:colcon.colcon_core.verb:set package 'P_m_gps_listener' build argument 'cmake_target' from command line to 'None'
[4.721s] Level 5:colcon.colcon_core.verb:set package 'P_m_gps_listener' build argument 'cmake_target_skip_unavailable' from command line to 'False'
[4.721s] Level 5:colcon.colcon_core.verb:set package 'P_m_gps_listener' build argument 'cmake_clean_cache' from command line to 'False'
[4.721s] Level 5:colcon.colcon_core.verb:set package 'P_m_gps_listener' build argument 'cmake_clean_first' from command line to 'False'
[4.721s] Level 5:colcon.colcon_core.verb:set package 'P_m_gps_listener' build argument 'cmake_force_configure' from command line to 'False'
[4.721s] Level 5:colcon.colcon_core.verb:set package 'P_m_gps_listener' build argument 'ament_cmake_args' from command line to 'None'
[4.721s] Level 5:colcon.colcon_core.verb:set package 'P_m_gps_listener' build argument 'catkin_cmake_args' from command line to 'None'
[4.722s] Level 5:colcon.colcon_core.verb:set package 'P_m_gps_listener' build argument 'catkin_skip_building_tests' from command line to 'False'
[4.722s] DEBUG:colcon.colcon_core.verb:Building package 'P_m_gps_listener' with the following arguments: {'ament_cmake_args': None, 'build_base': '/home/user/M_system/src/build/P_m_gps_listener', 'catkin_cmake_args': None, 'catkin_skip_building_tests': False, 'cmake_args': None, 'cmake_clean_cache': False, 'cmake_clean_first': False, 'cmake_force_configure': False, 'cmake_target': None, 'cmake_target_skip_unavailable': False, 'install_base': '/home/user/M_system/src/install/P_m_gps_listener', 'merge_install': False, 'path': '/home/user/M_system/src/P_m_gps_listener', 'symlink_install': False, 'test_result_base': None}
[4.768s] Level 5:colcon.colcon_core.verb:set package 'my_string_publisher' build argument 'cmake_args' from command line to 'None'
[4.768s] Level 5:colcon.colcon_core.verb:set package 'my_string_publisher' build argument 'cmake_target' from command line to 'None'
[4.769s] Level 5:colcon.colcon_core.verb:set package 'my_string_publisher' build argument 'cmake_target_skip_unavailable' from command line to 'False'
[4.769s] Level 5:colcon.colcon_core.verb:set package 'my_string_publisher' build argument 'cmake_clean_cache' from command line to 'False'
[4.769s] Level 5:colcon.colcon_core.verb:set package 'my_string_publisher' build argument 'cmake_clean_first' from command line to 'False'
[4.769s] Level 5:colcon.colcon_core.verb:set package 'my_string_publisher' build argument 'cmake_force_configure' from command line to 'False'
[4.769s] Level 5:colcon.colcon_core.verb:set package 'my_string_publisher' build argument 'ament_cmake_args' from command line to 'None'
[4.769s] Level 5:colcon.colcon_core.verb:set package 'my_string_publisher' build argument 'catkin_cmake_args' from command line to 'None'
[4.769s] Level 5:colcon.colcon_core.verb:set package 'my_string_publisher' build argument 'catkin_skip_building_tests' from command line to 'False'
[4.769s] DEBUG:colcon.colcon_core.verb:Building package 'my_string_publisher' with the following arguments: {'ament_cmake_args': None, 'build_base': '/home/user/M_system/src/build/my_string_publisher', 'catkin_cmake_args': None, 'catkin_skip_building_tests': False, 'cmake_args': None, 'cmake_clean_cache': False, 'cmake_clean_first': False, 'cmake_force_configure': False, 'cmake_target': None, 'cmake_target_skip_unavailable': False, 'install_base': '/home/user/M_system/src/install/my_string_publisher', 'merge_install': False, 'path': '/home/user/M_system/src/my_string_publisher', 'symlink_install': False, 'test_result_base': None}
[4.814s] Level 5:colcon.colcon_core.verb:set package 'nmea_navsat_driver' build argument 'cmake_args' from command line to 'None'
[4.814s] Level 5:colcon.colcon_core.verb:set package 'nmea_navsat_driver' build argument 'cmake_target' from command line to 'None'
[4.814s] Level 5:colcon.colcon_core.verb:set package 'nmea_navsat_driver' build argument 'cmake_target_skip_unavailable' from command line to 'False'
[4.814s] Level 5:colcon.colcon_core.verb:set package 'nmea_navsat_driver' build argument 'cmake_clean_cache' from command line to 'False'
[4.814s] Level 5:colcon.colcon_core.verb:set package 'nmea_navsat_driver' build argument 'cmake_clean_first' from command line to 'False'
[4.814s] Level 5:colcon.colcon_core.verb:set package 'nmea_navsat_driver' build argument 'cmake_force_configure' from command line to 'False'
[4.814s] Level 5:colcon.colcon_core.verb:set package 'nmea_navsat_driver' build argument 'ament_cmake_args' from command line to 'None'
[4.814s] Level 5:colcon.colcon_core.verb:set package 'nmea_navsat_driver' build argument 'catkin_cmake_args' from command line to 'None'
[4.814s] Level 5:colcon.colcon_core.verb:set package 'nmea_navsat_driver' build argument 'catkin_skip_building_tests' from command line to 'False'
[4.814s] DEBUG:colcon.colcon_core.verb:Building package 'nmea_navsat_driver' with the following arguments: {'ament_cmake_args': None, 'build_base': '/home/user/M_system/src/build/nmea_navsat_driver', 'catkin_cmake_args': None, 'catkin_skip_building_tests': False, 'cmake_args': None, 'cmake_clean_cache': False, 'cmake_clean_first': False, 'cmake_force_configure': False, 'cmake_target': None, 'cmake_target_skip_unavailable': False, 'install_base': '/home/user/M_system/src/install/nmea_navsat_driver', 'merge_install': False, 'path': '/home/user/M_system/src/nmea_navsat_driver', 'symlink_install': False, 'test_result_base': None}
[4.859s] INFO:colcon.colcon_core.executor:Executing jobs using 'parallel' executor
[4.904s] DEBUG:colcon.colcon_parallel_executor.executor.parallel:run_until_complete
[4.905s] INFO:colcon.colcon_ros.task.ament_python.build:Building ROS package in '/home/user/M_system/src/P_m_gps_listener' with build type 'ament_python'
[4.905s] Level 1:colcon.colcon_core.shell:create_environment_hook('P_m_gps_listener', 'ament_prefix_path')
[4.967s] INFO:colcon.colcon_core.plugin_system:Skipping extension 'colcon_core.shell.bat': Not used on non-Windows systems
[4.967s] INFO:colcon.colcon_core.shell:Creating environment hook '/home/user/M_system/src/install/P_m_gps_listener/share/P_m_gps_listener/hook/ament_prefix_path.ps1'
[4.969s] INFO:colcon.colcon_core.shell:Creating environment descriptor '/home/user/M_system/src/install/P_m_gps_listener/share/P_m_gps_listener/hook/ament_prefix_path.dsv'
[4.970s] INFO:colcon.colcon_core.shell:Creating environment hook '/home/user/M_system/src/install/P_m_gps_listener/share/P_m_gps_listener/hook/ament_prefix_path.sh'
[5.022s] INFO:colcon.colcon_core.shell:Skip shell extension 'powershell' for command environment: Not usable outside of PowerShell
[5.022s] DEBUG:colcon.colcon_core.shell:Skip shell extension 'dsv' for command environment
[5.135s] INFO:colcon.colcon_core.task.python.build:Building Python package in '/home/user/M_system/src/my_string_publisher'
[5.188s] INFO:colcon.colcon_core.shell:Skip shell extension 'powershell' for command environment: Not usable outside of PowerShell
[5.188s] DEBUG:colcon.colcon_core.shell:Skip shell extension 'dsv' for command environment
[6.122s] INFO:colcon.colcon_core.task.python.build:Building Python package in '/home/user/M_system/src/P_m_gps_listener'
[6.171s] INFO:colcon.colcon_core.shell:Skip shell extension 'powershell' for command environment: Not usable outside of PowerShell
[6.172s] DEBUG:colcon.colcon_core.shell:Skip shell extension 'dsv' for command environment
[8.510s] DEBUG:colcon.colcon_core.event_handler.log_command:Invoking command in '/home/user/M_system/src/P_m_gps_listener': PYTHONPATH=/home/user/M_system/src/build/P_m_gps_listener/prefix_override:/home/user/M_system/src/install/P_m_gps_listener/lib/python3.10/site-packages:${PYTHONPATH} /usr/bin/python3 setup.py egg_info --egg-base ../build/P_m_gps_listener build --build-base /home/user/M_system/src/build/P_m_gps_listener/build install --record /home/user/M_system/src/build/P_m_gps_listener/install.log --single-version-externally-managed
[8.842s] DEBUG:colcon.colcon_core.event_handler.log_command:Invoking command in '/home/user/M_system/src/my_string_publisher': PYTHONPATH=/home/user/M_system/src/build/my_string_publisher/prefix_override:/home/user/M_system/src/install/my_string_publisher/lib/python3.10/site-packages:${PYTHONPATH} /usr/bin/python3 setup.py egg_info --egg-base ../build/my_string_publisher build --build-base /home/user/M_system/src/build/my_string_publisher/build install --record /home/user/M_system/src/build/my_string_publisher/install.log --single-version-externally-managed
[9.786s] DEBUG:colcon.colcon_core.event_handler.log_command:Invoked command in '/home/user/M_system/src/P_m_gps_listener' returned '0': PYTHONPATH=/home/user/M_system/src/build/P_m_gps_listener/prefix_override:/home/user/M_system/src/install/P_m_gps_listener/lib/python3.10/site-packages:${PYTHONPATH} /usr/bin/python3 setup.py egg_info --egg-base ../build/P_m_gps_listener build --build-base /home/user/M_system/src/build/P_m_gps_listener/build install --record /home/user/M_system/src/build/P_m_gps_listener/install.log --single-version-externally-managed
[9.888s] Level 1:colcon.colcon_core.environment:checking '/home/user/M_system/src/install/P_m_gps_listener' for CMake module files
[9.890s] Level 1:colcon.colcon_core.environment:checking '/home/user/M_system/src/install/P_m_gps_listener' for CMake config files
[9.892s] Level 1:colcon.colcon_core.environment:checking '/home/user/M_system/src/install/P_m_gps_listener/lib'
[9.893s] Level 1:colcon.colcon_core.environment:checking '/home/user/M_system/src/install/P_m_gps_listener/bin'
[9.893s] Level 1:colcon.colcon_core.environment:checking '/home/user/M_system/src/install/P_m_gps_listener/lib/pkgconfig/P_m_gps_listener.pc'
[9.894s] Level 1:colcon.colcon_core.environment:checking '/home/user/M_system/src/install/P_m_gps_listener/lib/python3.10/site-packages'
[9.894s] Level 1:colcon.colcon_core.shell:create_environment_hook('P_m_gps_listener', 'pythonpath')
[9.980s] INFO:colcon.colcon_core.shell:Creating environment hook '/home/user/M_system/src/install/P_m_gps_listener/share/P_m_gps_listener/hook/pythonpath.ps1'
[9.981s] INFO:colcon.colcon_core.shell:Creating environment descriptor '/home/user/M_system/src/install/P_m_gps_listener/share/P_m_gps_listener/hook/pythonpath.dsv'
[9.982s] INFO:colcon.colcon_core.shell:Creating environment hook '/home/user/M_system/src/install/P_m_gps_listener/share/P_m_gps_listener/hook/pythonpath.sh'
[9.984s] Level 1:colcon.colcon_core.environment:checking '/home/user/M_system/src/install/P_m_gps_listener/bin'
[9.984s] Level 1:colcon.colcon_core.environment:create_environment_scripts_only(P_m_gps_listener)
[10.084s] INFO:colcon.colcon_core.shell:Creating package script '/home/user/M_system/src/install/P_m_gps_listener/share/P_m_gps_listener/package.ps1'
[10.089s] INFO:colcon.colcon_core.shell:Creating package descriptor '/home/user/M_system/src/install/P_m_gps_listener/share/P_m_gps_listener/package.dsv'
[10.091s] INFO:colcon.colcon_core.shell:Creating package script '/home/user/M_system/src/install/P_m_gps_listener/share/P_m_gps_listener/package.sh'
[10.097s] INFO:colcon.colcon_core.shell:Creating package script '/home/user/M_system/src/install/P_m_gps_listener/share/P_m_gps_listener/package.bash'
[10.100s] INFO:colcon.colcon_core.shell:Creating package script '/home/user/M_system/src/install/P_m_gps_listener/share/P_m_gps_listener/package.zsh'
[10.102s] Level 1:colcon.colcon_core.environment:create_file_with_runtime_dependencies(/home/user/M_system/src/install/P_m_gps_listener/share/colcon-core/packages/P_m_gps_listener)
[10.105s] INFO:colcon.colcon_ros.task.ament_python.build:Building ROS package in '/home/user/M_system/src/nmea_navsat_driver' with build type 'ament_python'
[10.105s] Level 1:colcon.colcon_core.shell:create_environment_hook('nmea_navsat_driver', 'ament_prefix_path')
[10.227s] INFO:colcon.colcon_core.shell:Creating environment hook '/home/user/M_system/src/install/nmea_navsat_driver/share/nmea_navsat_driver/hook/ament_prefix_path.ps1'
[10.228s] INFO:colcon.colcon_core.shell:Creating environment descriptor '/home/user/M_system/src/install/nmea_navsat_driver/share/nmea_navsat_driver/hook/ament_prefix_path.dsv'
[10.231s] INFO:colcon.colcon_core.shell:Creating environment hook '/home/user/M_system/src/install/nmea_navsat_driver/share/nmea_navsat_driver/hook/ament_prefix_path.sh'
[10.311s] INFO:colcon.colcon_core.shell:Skip shell extension 'powershell' for command environment: Not usable outside of PowerShell
[10.311s] DEBUG:colcon.colcon_core.shell:Skip shell extension 'dsv' for command environment
[10.422s] DEBUG:colcon.colcon_core.event_handler.log_command:Invoked command in '/home/user/M_system/src/my_string_publisher' returned '0': PYTHONPATH=/home/user/M_system/src/build/my_string_publisher/prefix_override:/home/user/M_system/src/install/my_string_publisher/lib/python3.10/site-packages:${PYTHONPATH} /usr/bin/python3 setup.py egg_info --egg-base ../build/my_string_publisher build --build-base /home/user/M_system/src/build/my_string_publisher/build install --record /home/user/M_system/src/build/my_string_publisher/install.log --single-version-externally-managed
[10.471s] Level 1:colcon.colcon_core.environment:checking '/home/user/M_system/src/install/my_string_publisher' for CMake module files
[10.472s] Level 1:colcon.colcon_core.environment:checking '/home/user/M_system/src/install/my_string_publisher' for CMake config files
[10.473s] Level 1:colcon.colcon_core.environment:checking '/home/user/M_system/src/install/my_string_publisher/lib'
[10.474s] Level 1:colcon.colcon_core.environment:checking '/home/user/M_system/src/install/my_string_publisher/bin'
[10.474s] Level 1:colcon.colcon_core.environment:checking '/home/user/M_system/src/install/my_string_publisher/lib/pkgconfig/my_string_publisher.pc'
[10.474s] Level 1:colcon.colcon_core.environment:checking '/home/user/M_system/src/install/my_string_publisher/lib/python3.10/site-packages'
[10.474s] Level 1:colcon.colcon_core.shell:create_environment_hook('my_string_publisher', 'pythonpath')
[10.525s] INFO:colcon.colcon_core.shell:Creating environment hook '/home/user/M_system/src/install/my_string_publisher/share/my_string_publisher/hook/pythonpath.ps1'
[10.527s] INFO:colcon.colcon_core.shell:Creating environment descriptor '/home/user/M_system/src/install/my_string_publisher/share/my_string_publisher/hook/pythonpath.dsv'
[10.527s] INFO:colcon.colcon_core.shell:Creating environment hook '/home/user/M_system/src/install/my_string_publisher/share/my_string_publisher/hook/pythonpath.sh'
[10.529s] Level 1:colcon.colcon_core.environment:checking '/home/user/M_system/src/install/my_string_publisher/bin'
[10.529s] Level 1:colcon.colcon_core.environment:create_environment_scripts_only(my_string_publisher)
[10.581s] INFO:colcon.colcon_core.shell:Creating package script '/home/user/M_system/src/install/my_string_publisher/share/my_string_publisher/package.ps1'
[10.583s] INFO:colcon.colcon_core.shell:Creating package descriptor '/home/user/M_system/src/install/my_string_publisher/share/my_string_publisher/package.dsv'
[10.584s] INFO:colcon.colcon_core.shell:Creating package script '/home/user/M_system/src/install/my_string_publisher/share/my_string_publisher/package.sh'
[10.585s] INFO:colcon.colcon_core.shell:Creating package script '/home/user/M_system/src/install/my_string_publisher/share/my_string_publisher/package.bash'
[10.586s] INFO:colcon.colcon_core.shell:Creating package script '/home/user/M_system/src/install/my_string_publisher/share/my_string_publisher/package.zsh'
[10.587s] Level 1:colcon.colcon_core.environment:create_file_with_runtime_dependencies(/home/user/M_system/src/install/my_string_publisher/share/colcon-core/packages/my_string_publisher)
[11.486s] INFO:colcon.colcon_core.task.python.build:Building Python package in '/home/user/M_system/src/nmea_navsat_driver'
[11.531s] INFO:colcon.colcon_core.shell:Skip shell extension 'powershell' for command environment: Not usable outside of PowerShell
[11.531s] DEBUG:colcon.colcon_core.shell:Skip shell extension 'dsv' for command environment
[12.829s] DEBUG:colcon.colcon_core.event_handler.log_command:Invoking command in '/home/user/M_system/src/nmea_navsat_driver': PYTHONPATH=/home/user/M_system/src/build/nmea_navsat_driver/prefix_override:/home/user/M_system/src/install/nmea_navsat_driver/lib/python3.10/site-packages:${PYTHONPATH} /usr/bin/python3 setup.py egg_info --egg-base ../build/nmea_navsat_driver build --build-base /home/user/M_system/src/build/nmea_navsat_driver/build install --record /home/user/M_system/src/build/nmea_navsat_driver/install.log --single-version-externally-managed
[13.800s] DEBUG:colcon.colcon_core.event_handler.log_command:Invoked command in '/home/user/M_system/src/nmea_navsat_driver' returned '0': PYTHONPATH=/home/user/M_system/src/build/nmea_navsat_driver/prefix_override:/home/user/M_system/src/install/nmea_navsat_driver/lib/python3.10/site-packages:${PYTHONPATH} /usr/bin/python3 setup.py egg_info --egg-base ../build/nmea_navsat_driver build --build-base /home/user/M_system/src/build/nmea_navsat_driver/build install --record /home/user/M_system/src/build/nmea_navsat_driver/install.log --single-version-externally-managed
[13.863s] Level 1:colcon.colcon_core.environment:checking '/home/user/M_system/src/install/nmea_navsat_driver' for CMake module files
[13.864s] Level 1:colcon.colcon_core.environment:checking '/home/user/M_system/src/install/nmea_navsat_driver' for CMake config files
[13.866s] Level 1:colcon.colcon_core.environment:checking '/home/user/M_system/src/install/nmea_navsat_driver/lib'
[13.866s] Level 1:colcon.colcon_core.environment:checking '/home/user/M_system/src/install/nmea_navsat_driver/bin'
[13.867s] Level 1:colcon.colcon_core.environment:checking '/home/user/M_system/src/install/nmea_navsat_driver/lib/pkgconfig/nmea_navsat_driver.pc'
[13.868s] Level 1:colcon.colcon_core.environment:checking '/home/user/M_system/src/install/nmea_navsat_driver/lib/python3.10/site-packages'
[13.868s] Level 1:colcon.colcon_core.shell:create_environment_hook('nmea_navsat_driver', 'pythonpath')
[13.924s] INFO:colcon.colcon_core.shell:Creating environment hook '/home/user/M_system/src/install/nmea_navsat_driver/share/nmea_navsat_driver/hook/pythonpath.ps1'
[13.925s] INFO:colcon.colcon_core.shell:Creating environment descriptor '/home/user/M_system/src/install/nmea_navsat_driver/share/nmea_navsat_driver/hook/pythonpath.dsv'
[13.926s] INFO:colcon.colcon_core.shell:Creating environment hook '/home/user/M_system/src/install/nmea_navsat_driver/share/nmea_navsat_driver/hook/pythonpath.sh'
[13.928s] Level 1:colcon.colcon_core.environment:checking '/home/user/M_system/src/install/nmea_navsat_driver/bin'
[13.928s] Level 1:colcon.colcon_core.environment:create_environment_scripts_only(nmea_navsat_driver)
[13.975s] INFO:colcon.colcon_core.shell:Creating package script '/home/user/M_system/src/install/nmea_navsat_driver/share/nmea_navsat_driver/package.ps1'
[13.976s] INFO:colcon.colcon_core.shell:Creating package descriptor '/home/user/M_system/src/install/nmea_navsat_driver/share/nmea_navsat_driver/package.dsv'
[13.977s] INFO:colcon.colcon_core.shell:Creating package script '/home/user/M_system/src/install/nmea_navsat_driver/share/nmea_navsat_driver/package.sh'
[13.979s] INFO:colcon.colcon_core.shell:Creating package script '/home/user/M_system/src/install/nmea_navsat_driver/share/nmea_navsat_driver/package.bash'
[13.979s] INFO:colcon.colcon_core.shell:Creating package script '/home/user/M_system/src/install/nmea_navsat_driver/share/nmea_navsat_driver/package.zsh'
[13.980s] Level 1:colcon.colcon_core.environment:create_file_with_runtime_dependencies(/home/user/M_system/src/install/nmea_navsat_driver/share/colcon-core/packages/nmea_navsat_driver)
[13.981s] DEBUG:colcon.colcon_parallel_executor.executor.parallel:closing loop
[13.982s] DEBUG:colcon.colcon_parallel_executor.executor.parallel:loop closed
[13.982s] DEBUG:colcon.colcon_parallel_executor.executor.parallel:run_until_complete finished with '0'
[13.982s] DEBUG:colcon.colcon_core.event_reactor:joining thread
[14.068s] INFO:colcon.colcon_core.plugin_system:Skipping extension 'colcon_notification.desktop_notification.terminal_notifier': Not used on non-Darwin systems
[14.068s] INFO:colcon.colcon_core.plugin_system:Skipping extension 'colcon_notification.desktop_notification.win32': Not used on non-Windows systems
[14.068s] INFO:colcon.colcon_notification.desktop_notification:Sending desktop notification using 'notify2'
[14.105s] DEBUG:colcon.colcon_core.event_reactor:joined thread
[14.181s] INFO:colcon.colcon_core.shell:Creating prefix script '/home/user/M_system/src/install/local_setup.ps1'
[14.184s] INFO:colcon.colcon_core.shell:Creating prefix util module '/home/user/M_system/src/install/_local_setup_util_ps1.py'
[14.188s] INFO:colcon.colcon_core.shell:Creating prefix chain script '/home/user/M_system/src/install/setup.ps1'
[14.250s] INFO:colcon.colcon_core.shell:Creating prefix script '/home/user/M_system/src/install/local_setup.sh'
[14.251s] INFO:colcon.colcon_core.shell:Creating prefix util module '/home/user/M_system/src/install/_local_setup_util_sh.py'
[14.253s] INFO:colcon.colcon_core.shell:Creating prefix chain script '/home/user/M_system/src/install/setup.sh'
[14.322s] INFO:colcon.colcon_core.shell:Creating prefix script '/home/user/M_system/src/install/local_setup.bash'
[14.324s] INFO:colcon.colcon_core.shell:Creating prefix chain script '/home/user/M_system/src/install/setup.bash'
[14.374s] INFO:colcon.colcon_core.shell:Creating prefix script '/home/user/M_system/src/install/local_setup.zsh'
[14.375s] INFO:colcon.colcon_core.shell:Creating prefix chain script '/home/user/M_system/src/install/setup.zsh'
