[4.519s] Invoking command in '/home/user/M_system/src/P_m_gps_listener': PYTHONPATH=/home/user/M_system/build/P_m_gps_listener/prefix_override:/home/user/M_system/install/P_m_gps_listener/lib/python3.10/site-packages:${PYTHONPATH} /usr/bin/python3 setup.py egg_info --egg-base ../../build/P_m_gps_listener build --build-base /home/user/M_system/build/P_m_gps_listener/build install --record /home/user/M_system/build/P_m_gps_listener/install.log --single-version-externally-managed
[5.867s] running egg_info
[5.871s] writing ../../build/P_m_gps_listener/P_m_gps_listener.egg-info/PKG-INFO
[5.873s] writing dependency_links to ../../build/P_m_gps_listener/P_m_gps_listener.egg-info/dependency_links.txt
[5.874s] writing entry points to ../../build/P_m_gps_listener/P_m_gps_listener.egg-info/entry_points.txt
[5.876s] writing requirements to ../../build/P_m_gps_listener/P_m_gps_listener.egg-info/requires.txt
[5.877s] writing top-level names to ../../build/P_m_gps_listener/P_m_gps_listener.egg-info/top_level.txt
[5.887s] reading manifest file '../../build/P_m_gps_listener/P_m_gps_listener.egg-info/SOURCES.txt'
[5.891s] writing manifest file '../../build/P_m_gps_listener/P_m_gps_listener.egg-info/SOURCES.txt'
[5.892s] running build
[5.892s] running build_py
[5.894s] running install
[5.896s] running install_lib
[5.903s] running install_data
[5.906s] running install_egg_info
[5.914s] removing '/home/user/M_system/install/P_m_gps_listener/lib/python3.10/site-packages/P_m_gps_listener-0.0.1-py3.10.egg-info' (and everything under it)
[5.916s] Copying ../../build/P_m_gps_listener/P_m_gps_listener.egg-info to /home/user/M_system/install/P_m_gps_listener/lib/python3.10/site-packages/P_m_gps_listener-0.0.1-py3.10.egg-info
[5.923s] running install_scripts
[6.017s] Installing gps_listener script to /home/user/M_system/install/P_m_gps_listener/lib/P_m_gps_listener
[6.019s] writing list of installed files to '/home/user/M_system/build/P_m_gps_listener/install.log'
[6.821s] Invoked command in '/home/user/M_system/src/P_m_gps_listener' returned '0': PYTHONPATH=/home/user/M_system/build/P_m_gps_listener/prefix_override:/home/user/M_system/install/P_m_gps_listener/lib/python3.10/site-packages:${PYTHONPATH} /usr/bin/python3 setup.py egg_info --egg-base ../../build/P_m_gps_listener build --build-base /home/user/M_system/build/P_m_gps_listener/build install --record /home/user/M_system/build/P_m_gps_listener/install.log --single-version-externally-managed
