[2.010s] Invoking command in '/home/user/M_system/src/my_string_publisher': PYTHONPATH=/home/user/M_system/build/my_string_publisher/prefix_override:/home/user/M_system/install/my_string_publisher/lib/python3.10/site-packages:${PYTHONPATH} /usr/bin/python3 setup.py egg_info --egg-base ../../build/my_string_publisher build --build-base /home/user/M_system/build/my_string_publisher/build install --record /home/user/M_system/build/my_string_publisher/install.log --single-version-externally-managed
[3.026s] running egg_info
[3.031s] writing ../../build/my_string_publisher/my_string_publisher.egg-info/PKG-INFO
[3.033s] writing dependency_links to ../../build/my_string_publisher/my_string_publisher.egg-info/dependency_links.txt
[3.034s] writing entry points to ../../build/my_string_publisher/my_string_publisher.egg-info/entry_points.txt
[3.038s] writing requirements to ../../build/my_string_publisher/my_string_publisher.egg-info/requires.txt
[3.040s] writing top-level names to ../../build/my_string_publisher/my_string_publisher.egg-info/top_level.txt
[3.049s] reading manifest file '../../build/my_string_publisher/my_string_publisher.egg-info/SOURCES.txt'
[3.056s] writing manifest file '../../build/my_string_publisher/my_string_publisher.egg-info/SOURCES.txt'
[3.058s] running build
[3.061s] running build_py
[3.061s] copying my_string_publisher/publisher_node.py -> /home/user/M_system/build/my_string_publisher/build/lib/my_string_publisher
[3.062s] running install
[3.063s] /usr/lib/python3/dist-packages/setuptools/command/install.py:34: SetuptoolsDeprecationWarning: setup.py install is deprecated. Use build and pip and other standards-based tools.
[3.064s]   warnings.warn(
[3.065s] running install_lib
[3.070s] copying /home/user/M_system/build/my_string_publisher/build/lib/my_string_publisher/publisher_node.py -> /home/user/M_system/install/my_string_publisher/lib/python3.10/site-packages/my_string_publisher
[3.081s] byte-compiling /home/user/M_system/install/my_string_publisher/lib/python3.10/site-packages/my_string_publisher/publisher_node.py to publisher_node.cpython-310.pyc
[3.083s] running install_egg_info
[3.094s] removing '/home/user/M_system/install/my_string_publisher/lib/python3.10/site-packages/my_string_publisher-0.0.1-py3.10.egg-info' (and everything under it)
[3.095s] Copying ../../build/my_string_publisher/my_string_publisher.egg-info to /home/user/M_system/install/my_string_publisher/lib/python3.10/site-packages/my_string_publisher-0.0.1-py3.10.egg-info
[3.103s] running install_scripts
[3.223s] Installing publisher_node script to /home/user/M_system/install/my_string_publisher/lib/my_string_publisher
[3.225s] writing list of installed files to '/home/user/M_system/build/my_string_publisher/install.log'
[3.332s] Invoked command in '/home/user/M_system/src/my_string_publisher' returned '0': PYTHONPATH=/home/user/M_system/build/my_string_publisher/prefix_override:/home/user/M_system/install/my_string_publisher/lib/python3.10/site-packages:${PYTHONPATH} /usr/bin/python3 setup.py egg_info --egg-base ../../build/my_string_publisher build --build-base /home/user/M_system/build/my_string_publisher/build install --record /home/user/M_system/build/my_string_publisher/install.log --single-version-externally-managed
