[2.988s] DEBUG:colcon:Command line arguments: ['/usr/bin/colcon', 'build']
[2.988s] DEBUG:colcon:Parsed command line arguments: Namespace(log_base=None, log_level=None, verb_name='build', build_base='build', install_base='install', merge_install=False, symlink_install=False, test_result_base=None, continue_on_error=False, executor='parallel', parallel_workers=2, event_handlers=None, ignore_user_meta=False, metas=['./colcon.meta'], base_paths=['.'], packages_ignore=None, packages_ignore_regex=None, paths=None, packages_up_to=None, packages_up_to_regex=None, packages_above=None, packages_above_and_dependencies=None, packages_above_depth=None, packages_select_by_dep=None, packages_skip_by_dep=None, packages_skip_up_to=None, packages_select_build_failed=False, packages_skip_build_finished=False, packages_select_test_failures=False, packages_skip_test_passed=False, packages_select=None, packages_skip=None, packages_select_regex=None, packages_skip_regex=None, packages_start=None, packages_end=None, allow_overriding=[], cmake_args=None, cmake_target=None, cmake_target_skip_unavailable=False, cmake_clean_cache=False, cmake_clean_first=False, cmake_force_configure=False, ament_cmake_args=None, catkin_cmake_args=None, catkin_skip_building_tests=False, verb_parser=<colcon_defaults.argument_parser.defaults.DefaultArgumentsDecorator object at 0x7dfb34241270>, verb_extension=<colcon_core.verb.build.BuildVerb object at 0x7dfb346dbd00>, main=<bound method BuildVerb.main of <colcon_core.verb.build.BuildVerb object at 0x7dfb346dbd00>>)
[3.116s] Level 1:colcon.colcon_core.package_discovery:discover_packages(colcon_meta) check parameters
[3.117s] Level 1:colcon.colcon_core.package_discovery:discover_packages(recursive) check parameters
[3.117s] Level 1:colcon.colcon_core.package_discovery:discover_packages(ignore) check parameters
[3.117s] Level 1:colcon.colcon_core.package_discovery:discover_packages(path) check parameters
[3.117s] Level 1:colcon.colcon_core.package_discovery:discover_packages(colcon_meta) discover
[3.117s] Level 1:colcon.colcon_core.package_discovery:discover_packages(recursive) discover
[3.117s] INFO:colcon.colcon_core.package_discovery:Crawling recursively for packages in '/home/user/M_system'
[3.117s] Level 1:colcon.colcon_core.package_identification:_identify(.) by extensions ['ignore', 'ignore_ament_install']
[3.118s] Level 1:colcon.colcon_core.package_identification:_identify(.) by extension 'ignore'
[3.118s] Level 1:colcon.colcon_core.package_identification:_identify(.) by extension 'ignore_ament_install'
[3.118s] Level 1:colcon.colcon_core.package_identification:_identify(.) by extensions ['colcon_pkg']
[3.118s] Level 1:colcon.colcon_core.package_identification:_identify(.) by extension 'colcon_pkg'
[3.118s] Level 1:colcon.colcon_core.package_identification:_identify(.) by extensions ['colcon_meta']
[3.118s] Level 1:colcon.colcon_core.package_identification:_identify(.) by extension 'colcon_meta'
[3.118s] Level 1:colcon.colcon_core.package_identification:_identify(.) by extensions ['ros']
[3.118s] Level 1:colcon.colcon_core.package_identification:_identify(.) by extension 'ros'
[3.147s] Level 1:colcon.colcon_core.package_identification:_identify(.) by extensions ['cmake', 'python']
[3.147s] Level 1:colcon.colcon_core.package_identification:_identify(.) by extension 'cmake'
[3.147s] Level 1:colcon.colcon_core.package_identification:_identify(.) by extension 'python'
[3.147s] Level 1:colcon.colcon_core.package_identification:_identify(.) by extensions ['python_setup_py']
[3.147s] Level 1:colcon.colcon_core.package_identification:_identify(.) by extension 'python_setup_py'
[3.147s] Level 1:colcon.colcon_core.package_identification:_identify(build) by extensions ['ignore', 'ignore_ament_install']
[3.148s] Level 1:colcon.colcon_core.package_identification:_identify(build) by extension 'ignore'
[3.148s] Level 1:colcon.colcon_core.package_identification:_identify(build) ignored
[3.148s] Level 1:colcon.colcon_core.package_identification:_identify(install) by extensions ['ignore', 'ignore_ament_install']
[3.148s] Level 1:colcon.colcon_core.package_identification:_identify(install) by extension 'ignore'
[3.148s] Level 1:colcon.colcon_core.package_identification:_identify(install) ignored
[3.148s] Level 1:colcon.colcon_core.package_identification:_identify(log) by extensions ['ignore', 'ignore_ament_install']
[3.149s] Level 1:colcon.colcon_core.package_identification:_identify(log) by extension 'ignore'
[3.149s] Level 1:colcon.colcon_core.package_identification:_identify(log) ignored
[3.149s] Level 1:colcon.colcon_core.package_identification:_identify(src) by extensions ['ignore', 'ignore_ament_install']
[3.149s] Level 1:colcon.colcon_core.package_identification:_identify(src) by extension 'ignore'
[3.149s] Level 1:colcon.colcon_core.package_identification:_identify(src) by extension 'ignore_ament_install'
[3.149s] Level 1:colcon.colcon_core.package_identification:_identify(src) by extensions ['colcon_pkg']
[3.149s] Level 1:colcon.colcon_core.package_identification:_identify(src) by extension 'colcon_pkg'
[3.149s] Level 1:colcon.colcon_core.package_identification:_identify(src) by extensions ['colcon_meta']
[3.149s] Level 1:colcon.colcon_core.package_identification:_identify(src) by extension 'colcon_meta'
[3.150s] Level 1:colcon.colcon_core.package_identification:_identify(src) by extensions ['ros']
[3.150s] Level 1:colcon.colcon_core.package_identification:_identify(src) by extension 'ros'
[3.150s] Level 1:colcon.colcon_core.package_identification:_identify(src) by extensions ['cmake', 'python']
[3.150s] Level 1:colcon.colcon_core.package_identification:_identify(src) by extension 'cmake'
[3.150s] Level 1:colcon.colcon_core.package_identification:_identify(src) by extension 'python'
[3.150s] Level 1:colcon.colcon_core.package_identification:_identify(src) by extensions ['python_setup_py']
[3.150s] Level 1:colcon.colcon_core.package_identification:_identify(src) by extension 'python_setup_py'
[3.150s] Level 1:colcon.colcon_core.package_identification:_identify(src/my_string_publisher) by extensions ['ignore', 'ignore_ament_install']
[3.150s] Level 1:colcon.colcon_core.package_identification:_identify(src/my_string_publisher) by extension 'ignore'
[3.151s] Level 1:colcon.colcon_core.package_identification:_identify(src/my_string_publisher) by extension 'ignore_ament_install'
[3.151s] Level 1:colcon.colcon_core.package_identification:_identify(src/my_string_publisher) by extensions ['colcon_pkg']
[3.151s] Level 1:colcon.colcon_core.package_identification:_identify(src/my_string_publisher) by extension 'colcon_pkg'
[3.151s] Level 1:colcon.colcon_core.package_identification:_identify(src/my_string_publisher) by extensions ['colcon_meta']
[3.151s] Level 1:colcon.colcon_core.package_identification:_identify(src/my_string_publisher) by extension 'colcon_meta'
[3.151s] Level 1:colcon.colcon_core.package_identification:_identify(src/my_string_publisher) by extensions ['ros']
[3.151s] Level 1:colcon.colcon_core.package_identification:_identify(src/my_string_publisher) by extension 'ros'
[3.156s] DEBUG:colcon.colcon_core.package_identification:Failed to parse potential ROS package manifest in'src/my_string_publisher': Error(s) in package 'src/my_string_publisher/package.xml':
Error(s):
- The generic dependency on 'rclpy' is redundant with: exec_depend
- The generic dependency on 'std_msgs' is redundant with: exec_depend
[3.156s] Level 1:colcon.colcon_core.package_identification:_identify(src/my_string_publisher) by extensions ['cmake', 'python']
[3.156s] Level 1:colcon.colcon_core.package_identification:_identify(src/my_string_publisher) by extension 'cmake'
[3.156s] Level 1:colcon.colcon_core.package_identification:_identify(src/my_string_publisher) by extension 'python'
[3.156s] DEBUG:colcon.colcon_core.package_identification:Python package in 'src/my_string_publisher' passes arguments to the setup() function which requires a different identification extension than 'python'
[3.156s] Level 1:colcon.colcon_core.package_identification:_identify(src/my_string_publisher) by extensions ['python_setup_py']
[3.156s] Level 1:colcon.colcon_core.package_identification:_identify(src/my_string_publisher) by extension 'python_setup_py'
[3.953s] DEBUG:colcon.colcon_core.package_identification:Package 'src/my_string_publisher' with type 'python' and name 'my_string_publisher'
[3.953s] Level 1:colcon.colcon_core.package_identification:_identify(src/nmea_navsat_driver) by extensions ['ignore', 'ignore_ament_install']
[3.954s] Level 1:colcon.colcon_core.package_identification:_identify(src/nmea_navsat_driver) by extension 'ignore'
[3.954s] Level 1:colcon.colcon_core.package_identification:_identify(src/nmea_navsat_driver) by extension 'ignore_ament_install'
[3.954s] Level 1:colcon.colcon_core.package_identification:_identify(src/nmea_navsat_driver) by extensions ['colcon_pkg']
[3.954s] Level 1:colcon.colcon_core.package_identification:_identify(src/nmea_navsat_driver) by extension 'colcon_pkg'
[3.954s] Level 1:colcon.colcon_core.package_identification:_identify(src/nmea_navsat_driver) by extensions ['colcon_meta']
[3.955s] Level 1:colcon.colcon_core.package_identification:_identify(src/nmea_navsat_driver) by extension 'colcon_meta'
[3.955s] Level 1:colcon.colcon_core.package_identification:_identify(src/nmea_navsat_driver) by extensions ['ros']
[3.955s] Level 1:colcon.colcon_core.package_identification:_identify(src/nmea_navsat_driver) by extension 'ros'
[3.958s] DEBUG:colcon.colcon_core.package_identification:Package 'src/nmea_navsat_driver' with type 'ros.ament_python' and name 'nmea_navsat_driver'
[3.958s] Level 1:colcon.colcon_core.package_discovery:discover_packages(recursive) using defaults
[3.958s] Level 1:colcon.colcon_core.package_discovery:discover_packages(ignore) discover
[3.958s] Level 1:colcon.colcon_core.package_discovery:discover_packages(ignore) using defaults
[3.958s] Level 1:colcon.colcon_core.package_discovery:discover_packages(path) discover
[3.958s] Level 1:colcon.colcon_core.package_discovery:discover_packages(path) using defaults
[4.226s] Level 1:colcon.colcon_core.package_discovery:discover_packages(prefix_path) check parameters
[4.226s] Level 1:colcon.colcon_core.package_discovery:discover_packages(prefix_path) discover
[4.342s] DEBUG:colcon.colcon_installed_package_information.package_discovery:Found 2 installed packages in /home/user/M_system/install
[4.387s] DEBUG:colcon.colcon_installed_package_information.package_discovery:Found 330 installed packages in /opt/ros/humble
[4.392s] Level 1:colcon.colcon_core.package_discovery:discover_packages(prefix_path) using defaults
[4.657s] Level 5:colcon.colcon_core.verb:set package 'my_string_publisher' build argument 'cmake_args' from command line to 'None'
[4.657s] Level 5:colcon.colcon_core.verb:set package 'my_string_publisher' build argument 'cmake_target' from command line to 'None'
[4.657s] Level 5:colcon.colcon_core.verb:set package 'my_string_publisher' build argument 'cmake_target_skip_unavailable' from command line to 'False'
[4.657s] Level 5:colcon.colcon_core.verb:set package 'my_string_publisher' build argument 'cmake_clean_cache' from command line to 'False'
[4.657s] Level 5:colcon.colcon_core.verb:set package 'my_string_publisher' build argument 'cmake_clean_first' from command line to 'False'
[4.657s] Level 5:colcon.colcon_core.verb:set package 'my_string_publisher' build argument 'cmake_force_configure' from command line to 'False'
[4.658s] Level 5:colcon.colcon_core.verb:set package 'my_string_publisher' build argument 'ament_cmake_args' from command line to 'None'
[4.658s] Level 5:colcon.colcon_core.verb:set package 'my_string_publisher' build argument 'catkin_cmake_args' from command line to 'None'
[4.658s] Level 5:colcon.colcon_core.verb:set package 'my_string_publisher' build argument 'catkin_skip_building_tests' from command line to 'False'
[4.658s] DEBUG:colcon.colcon_core.verb:Building package 'my_string_publisher' with the following arguments: {'ament_cmake_args': None, 'build_base': '/home/user/M_system/build/my_string_publisher', 'catkin_cmake_args': None, 'catkin_skip_building_tests': False, 'cmake_args': None, 'cmake_clean_cache': False, 'cmake_clean_first': False, 'cmake_force_configure': False, 'cmake_target': None, 'cmake_target_skip_unavailable': False, 'install_base': '/home/user/M_system/install/my_string_publisher', 'merge_install': False, 'path': '/home/user/M_system/src/my_string_publisher', 'symlink_install': False, 'test_result_base': None}
[4.702s] Level 5:colcon.colcon_core.verb:set package 'nmea_navsat_driver' build argument 'cmake_args' from command line to 'None'
[4.702s] Level 5:colcon.colcon_core.verb:set package 'nmea_navsat_driver' build argument 'cmake_target' from command line to 'None'
[4.702s] Level 5:colcon.colcon_core.verb:set package 'nmea_navsat_driver' build argument 'cmake_target_skip_unavailable' from command line to 'False'
[4.702s] Level 5:colcon.colcon_core.verb:set package 'nmea_navsat_driver' build argument 'cmake_clean_cache' from command line to 'False'
[4.702s] Level 5:colcon.colcon_core.verb:set package 'nmea_navsat_driver' build argument 'cmake_clean_first' from command line to 'False'
[4.702s] Level 5:colcon.colcon_core.verb:set package 'nmea_navsat_driver' build argument 'cmake_force_configure' from command line to 'False'
[4.702s] Level 5:colcon.colcon_core.verb:set package 'nmea_navsat_driver' build argument 'ament_cmake_args' from command line to 'None'
[4.702s] Level 5:colcon.colcon_core.verb:set package 'nmea_navsat_driver' build argument 'catkin_cmake_args' from command line to 'None'
[4.702s] Level 5:colcon.colcon_core.verb:set package 'nmea_navsat_driver' build argument 'catkin_skip_building_tests' from command line to 'False'
[4.702s] DEBUG:colcon.colcon_core.verb:Building package 'nmea_navsat_driver' with the following arguments: {'ament_cmake_args': None, 'build_base': '/home/user/M_system/build/nmea_navsat_driver', 'catkin_cmake_args': None, 'catkin_skip_building_tests': False, 'cmake_args': None, 'cmake_clean_cache': False, 'cmake_clean_first': False, 'cmake_force_configure': False, 'cmake_target': None, 'cmake_target_skip_unavailable': False, 'install_base': '/home/user/M_system/install/nmea_navsat_driver', 'merge_install': False, 'path': '/home/user/M_system/src/nmea_navsat_driver', 'symlink_install': False, 'test_result_base': None}
[4.744s] INFO:colcon.colcon_core.executor:Executing jobs using 'parallel' executor
[4.789s] DEBUG:colcon.colcon_parallel_executor.executor.parallel:run_until_complete
[4.790s] INFO:colcon.colcon_core.task.python.build:Building Python package in '/home/user/M_system/src/my_string_publisher'
[4.852s] INFO:colcon.colcon_core.plugin_system:Skipping extension 'colcon_core.shell.bat': Not used on non-Windows systems
[4.853s] INFO:colcon.colcon_core.shell:Skip shell extension 'powershell' for command environment: Not usable outside of PowerShell
[4.853s] DEBUG:colcon.colcon_core.shell:Skip shell extension 'dsv' for command environment
[5.015s] INFO:colcon.colcon_ros.task.ament_python.build:Building ROS package in '/home/user/M_system/src/nmea_navsat_driver' with build type 'ament_python'
[5.016s] Level 1:colcon.colcon_core.shell:create_environment_hook('nmea_navsat_driver', 'ament_prefix_path')
[5.070s] INFO:colcon.colcon_core.shell:Creating environment hook '/home/user/M_system/install/nmea_navsat_driver/share/nmea_navsat_driver/hook/ament_prefix_path.ps1'
[5.071s] INFO:colcon.colcon_core.shell:Creating environment descriptor '/home/user/M_system/install/nmea_navsat_driver/share/nmea_navsat_driver/hook/ament_prefix_path.dsv'
[5.073s] INFO:colcon.colcon_core.shell:Creating environment hook '/home/user/M_system/install/nmea_navsat_driver/share/nmea_navsat_driver/hook/ament_prefix_path.sh'
[5.139s] INFO:colcon.colcon_core.shell:Skip shell extension 'powershell' for command environment: Not usable outside of PowerShell
[5.139s] DEBUG:colcon.colcon_core.shell:Skip shell extension 'dsv' for command environment
[7.423s] INFO:colcon.colcon_core.task.python.build:Building Python package in '/home/user/M_system/src/nmea_navsat_driver'
[7.551s] INFO:colcon.colcon_core.shell:Skip shell extension 'powershell' for command environment: Not usable outside of PowerShell
[7.551s] DEBUG:colcon.colcon_core.shell:Skip shell extension 'dsv' for command environment
[7.827s] DEBUG:colcon.colcon_core.event_handler.log_command:Invoking command in '/home/user/M_system/src/my_string_publisher': PYTHONPATH=/home/user/M_system/build/my_string_publisher/prefix_override:/home/user/M_system/install/my_string_publisher/lib/python3.10/site-packages:${PYTHONPATH} /usr/bin/python3 setup.py egg_info --egg-base ../../build/my_string_publisher build --build-base /home/user/M_system/build/my_string_publisher/build install --record /home/user/M_system/build/my_string_publisher/install.log --single-version-externally-managed
[9.140s] DEBUG:colcon.colcon_core.event_handler.log_command:Invoked command in '/home/user/M_system/src/my_string_publisher' returned '0': PYTHONPATH=/home/user/M_system/build/my_string_publisher/prefix_override:/home/user/M_system/install/my_string_publisher/lib/python3.10/site-packages:${PYTHONPATH} /usr/bin/python3 setup.py egg_info --egg-base ../../build/my_string_publisher build --build-base /home/user/M_system/build/my_string_publisher/build install --record /home/user/M_system/build/my_string_publisher/install.log --single-version-externally-managed
[9.226s] Level 1:colcon.colcon_core.environment:checking '/home/user/M_system/install/my_string_publisher' for CMake module files
[9.228s] Level 1:colcon.colcon_core.environment:checking '/home/user/M_system/install/my_string_publisher' for CMake config files
[9.230s] Level 1:colcon.colcon_core.environment:checking '/home/user/M_system/install/my_string_publisher/lib'
[9.231s] Level 1:colcon.colcon_core.environment:checking '/home/user/M_system/install/my_string_publisher/bin'
[9.231s] Level 1:colcon.colcon_core.environment:checking '/home/user/M_system/install/my_string_publisher/lib/pkgconfig/my_string_publisher.pc'
[9.231s] Level 1:colcon.colcon_core.environment:checking '/home/user/M_system/install/my_string_publisher/lib/python3.10/site-packages'
[9.232s] Level 1:colcon.colcon_core.shell:create_environment_hook('my_string_publisher', 'pythonpath')
[9.320s] INFO:colcon.colcon_core.shell:Creating environment hook '/home/user/M_system/install/my_string_publisher/share/my_string_publisher/hook/pythonpath.ps1'
[9.322s] INFO:colcon.colcon_core.shell:Creating environment descriptor '/home/user/M_system/install/my_string_publisher/share/my_string_publisher/hook/pythonpath.dsv'
[9.323s] INFO:colcon.colcon_core.shell:Creating environment hook '/home/user/M_system/install/my_string_publisher/share/my_string_publisher/hook/pythonpath.sh'
[9.325s] Level 1:colcon.colcon_core.environment:checking '/home/user/M_system/install/my_string_publisher/bin'
[9.326s] Level 1:colcon.colcon_core.environment:create_environment_scripts_only(my_string_publisher)
[9.419s] INFO:colcon.colcon_core.shell:Creating package script '/home/user/M_system/install/my_string_publisher/share/my_string_publisher/package.ps1'
[9.422s] INFO:colcon.colcon_core.shell:Creating package descriptor '/home/user/M_system/install/my_string_publisher/share/my_string_publisher/package.dsv'
[9.423s] INFO:colcon.colcon_core.shell:Creating package script '/home/user/M_system/install/my_string_publisher/share/my_string_publisher/package.sh'
[9.426s] INFO:colcon.colcon_core.shell:Creating package script '/home/user/M_system/install/my_string_publisher/share/my_string_publisher/package.bash'
[9.428s] INFO:colcon.colcon_core.shell:Creating package script '/home/user/M_system/install/my_string_publisher/share/my_string_publisher/package.zsh'
[9.429s] Level 1:colcon.colcon_core.environment:create_file_with_runtime_dependencies(/home/user/M_system/install/my_string_publisher/share/colcon-core/packages/my_string_publisher)
[9.438s] DEBUG:colcon.colcon_core.event_handler.log_command:Invoking command in '/home/user/M_system/src/nmea_navsat_driver': PYTHONPATH=/home/user/M_system/build/nmea_navsat_driver/prefix_override:/home/user/M_system/install/nmea_navsat_driver/lib/python3.10/site-packages:${PYTHONPATH} /usr/bin/python3 setup.py egg_info --egg-base ../../build/nmea_navsat_driver build --build-base /home/user/M_system/build/nmea_navsat_driver/build install --record /home/user/M_system/build/nmea_navsat_driver/install.log --single-version-externally-managed
[10.383s] DEBUG:colcon.colcon_core.event_handler.log_command:Invoked command in '/home/user/M_system/src/nmea_navsat_driver' returned '0': PYTHONPATH=/home/user/M_system/build/nmea_navsat_driver/prefix_override:/home/user/M_system/install/nmea_navsat_driver/lib/python3.10/site-packages:${PYTHONPATH} /usr/bin/python3 setup.py egg_info --egg-base ../../build/nmea_navsat_driver build --build-base /home/user/M_system/build/nmea_navsat_driver/build install --record /home/user/M_system/build/nmea_navsat_driver/install.log --single-version-externally-managed
[10.426s] Level 1:colcon.colcon_core.environment:checking '/home/user/M_system/install/nmea_navsat_driver' for CMake module files
[10.428s] Level 1:colcon.colcon_core.environment:checking '/home/user/M_system/install/nmea_navsat_driver' for CMake config files
[10.429s] Level 1:colcon.colcon_core.environment:checking '/home/user/M_system/install/nmea_navsat_driver/lib'
[10.430s] Level 1:colcon.colcon_core.environment:checking '/home/user/M_system/install/nmea_navsat_driver/bin'
[10.430s] Level 1:colcon.colcon_core.environment:checking '/home/user/M_system/install/nmea_navsat_driver/lib/pkgconfig/nmea_navsat_driver.pc'
[10.431s] Level 1:colcon.colcon_core.environment:checking '/home/user/M_system/install/nmea_navsat_driver/lib/python3.10/site-packages'
[10.431s] Level 1:colcon.colcon_core.shell:create_environment_hook('nmea_navsat_driver', 'pythonpath')
[10.487s] INFO:colcon.colcon_core.shell:Creating environment hook '/home/user/M_system/install/nmea_navsat_driver/share/nmea_navsat_driver/hook/pythonpath.ps1'
[10.488s] INFO:colcon.colcon_core.shell:Creating environment descriptor '/home/user/M_system/install/nmea_navsat_driver/share/nmea_navsat_driver/hook/pythonpath.dsv'
[10.489s] INFO:colcon.colcon_core.shell:Creating environment hook '/home/user/M_system/install/nmea_navsat_driver/share/nmea_navsat_driver/hook/pythonpath.sh'
[10.490s] Level 1:colcon.colcon_core.environment:checking '/home/user/M_system/install/nmea_navsat_driver/bin'
[10.490s] Level 1:colcon.colcon_core.environment:create_environment_scripts_only(nmea_navsat_driver)
[10.533s] INFO:colcon.colcon_core.shell:Creating package script '/home/user/M_system/install/nmea_navsat_driver/share/nmea_navsat_driver/package.ps1'
[10.534s] INFO:colcon.colcon_core.shell:Creating package descriptor '/home/user/M_system/install/nmea_navsat_driver/share/nmea_navsat_driver/package.dsv'
[10.535s] INFO:colcon.colcon_core.shell:Creating package script '/home/user/M_system/install/nmea_navsat_driver/share/nmea_navsat_driver/package.sh'
[10.536s] INFO:colcon.colcon_core.shell:Creating package script '/home/user/M_system/install/nmea_navsat_driver/share/nmea_navsat_driver/package.bash'
[10.537s] INFO:colcon.colcon_core.shell:Creating package script '/home/user/M_system/install/nmea_navsat_driver/share/nmea_navsat_driver/package.zsh'
[10.538s] Level 1:colcon.colcon_core.environment:create_file_with_runtime_dependencies(/home/user/M_system/install/nmea_navsat_driver/share/colcon-core/packages/nmea_navsat_driver)
[10.539s] DEBUG:colcon.colcon_parallel_executor.executor.parallel:closing loop
[10.540s] DEBUG:colcon.colcon_parallel_executor.executor.parallel:loop closed
[10.540s] DEBUG:colcon.colcon_parallel_executor.executor.parallel:run_until_complete finished with '0'
[10.540s] DEBUG:colcon.colcon_core.event_reactor:joining thread
[10.604s] INFO:colcon.colcon_core.plugin_system:Skipping extension 'colcon_notification.desktop_notification.terminal_notifier': Not used on non-Darwin systems
[10.604s] INFO:colcon.colcon_core.plugin_system:Skipping extension 'colcon_notification.desktop_notification.win32': Not used on non-Windows systems
[10.604s] INFO:colcon.colcon_notification.desktop_notification:Sending desktop notification using 'notify2'
[10.635s] DEBUG:colcon.colcon_core.event_reactor:joined thread
[10.696s] INFO:colcon.colcon_core.shell:Creating prefix script '/home/user/M_system/install/local_setup.ps1'
[10.699s] INFO:colcon.colcon_core.shell:Creating prefix util module '/home/user/M_system/install/_local_setup_util_ps1.py'
[10.703s] INFO:colcon.colcon_core.shell:Creating prefix chain script '/home/user/M_system/install/setup.ps1'
[10.759s] INFO:colcon.colcon_core.shell:Creating prefix script '/home/user/M_system/install/local_setup.sh'
[10.760s] INFO:colcon.colcon_core.shell:Creating prefix util module '/home/user/M_system/install/_local_setup_util_sh.py'
[10.762s] INFO:colcon.colcon_core.shell:Creating prefix chain script '/home/user/M_system/install/setup.sh'
[10.819s] INFO:colcon.colcon_core.shell:Creating prefix script '/home/user/M_system/install/local_setup.bash'
[10.821s] INFO:colcon.colcon_core.shell:Creating prefix chain script '/home/user/M_system/install/setup.bash'
[10.876s] INFO:colcon.colcon_core.shell:Creating prefix script '/home/user/M_system/install/local_setup.zsh'
[10.877s] INFO:colcon.colcon_core.shell:Creating prefix chain script '/home/user/M_system/install/setup.zsh'
