[1.676s] Invoking command in '/home/user/M_system/src/my_string_publisher': PYTHONPATH=/home/user/M_system/build/my_string_publisher/prefix_override:/home/user/M_system/install/my_string_publisher/lib/python3.10/site-packages:${PYTHONPATH} /usr/bin/python3 setup.py egg_info --egg-base ../../build/my_string_publisher build --build-base /home/user/M_system/build/my_string_publisher/build install --record /home/user/M_system/build/my_string_publisher/install.log --single-version-externally-managed
[2.306s] running egg_info
[2.357s] writing ../../build/my_string_publisher/my_string_publisher.egg-info/PKG-INFO
[2.357s] writing dependency_links to ../../build/my_string_publisher/my_string_publisher.egg-info/dependency_links.txt
[2.358s] writing entry points to ../../build/my_string_publisher/my_string_publisher.egg-info/entry_points.txt
[2.359s] writing requirements to ../../build/my_string_publisher/my_string_publisher.egg-info/requires.txt
[2.360s] writing top-level names to ../../build/my_string_publisher/my_string_publisher.egg-info/top_level.txt
[2.454s] reading manifest file '../../build/my_string_publisher/my_string_publisher.egg-info/SOURCES.txt'
[2.458s] writing manifest file '../../build/my_string_publisher/my_string_publisher.egg-info/SOURCES.txt'
[2.459s] running build
[2.459s] running build_py
[2.460s] copying my_string_publisher/__init__.py -> /home/user/M_system/build/my_string_publisher/build/lib/my_string_publisher
[2.460s] copying my_string_publisher/publisher_node.py -> /home/user/M_system/build/my_string_publisher/build/lib/my_string_publisher
[2.461s] running install
[2.462s] /home/user/.local/lib/python3.10/site-packages/setuptools/_distutils/cmd.py:66: SetuptoolsDeprecationWarning: setup.py install is deprecated.
[2.462s] !!
[2.463s] 
[2.463s]         ********************************************************************************
[2.463s]         Please avoid running ``setup.py`` directly.
[2.463s]         Instead, use pypa/build, pypa/installer or other
[2.463s]         standards-based tools.
[2.463s] 
[2.464s]         See https://blog.ganssle.io/articles/2021/10/setup-py-deprecated.html for details.
[2.464s]         ********************************************************************************
[2.464s] 
[2.464s] !!
[2.464s]   self.initialize_options()
[2.474s] running install_lib
[2.515s] running install_egg_info
[2.568s] removing '/home/user/M_system/install/my_string_publisher/lib/python3.10/site-packages/my_string_publisher-0.0.1-py3.10.egg-info' (and everything under it)
[2.569s] Copying ../../build/my_string_publisher/my_string_publisher.egg-info to /home/user/M_system/install/my_string_publisher/lib/python3.10/site-packages/my_string_publisher-0.0.1-py3.10.egg-info
[2.571s] running install_scripts
[2.915s] Installing publisher_node script to /home/user/M_system/install/my_string_publisher/lib/my_string_publisher
[2.916s] writing list of installed files to '/home/user/M_system/build/my_string_publisher/install.log'
[3.001s] Invoked command in '/home/user/M_system/src/my_string_publisher' returned '0': PYTHONPATH=/home/user/M_system/build/my_string_publisher/prefix_override:/home/user/M_system/install/my_string_publisher/lib/python3.10/site-packages:${PYTHONPATH} /usr/bin/python3 setup.py egg_info --egg-base ../../build/my_string_publisher build --build-base /home/user/M_system/build/my_string_publisher/build install --record /home/user/M_system/build/my_string_publisher/install.log --single-version-externally-managed
