[2.631s] DEBUG:colcon:Command line arguments: ['/usr/bin/colcon', 'build']
[2.631s] DEBUG:colcon:Parsed command line arguments: Namespace(log_base=None, log_level=None, verb_name='build', build_base='build', install_base='install', merge_install=False, symlink_install=False, test_result_base=None, continue_on_error=False, executor='parallel', parallel_workers=2, event_handlers=None, ignore_user_meta=False, metas=['./colcon.meta'], base_paths=['.'], packages_ignore=None, packages_ignore_regex=None, paths=None, packages_up_to=None, packages_up_to_regex=None, packages_above=None, packages_above_and_dependencies=None, packages_above_depth=None, packages_select_by_dep=None, packages_skip_by_dep=None, packages_skip_up_to=None, packages_select_build_failed=False, packages_skip_build_finished=False, packages_select_test_failures=False, packages_skip_test_passed=False, packages_select=None, packages_skip=None, packages_select_regex=None, packages_skip_regex=None, packages_start=None, packages_end=None, allow_overriding=[], cmake_args=None, cmake_target=None, cmake_target_skip_unavailable=False, cmake_clean_cache=False, cmake_clean_first=False, cmake_force_configure=False, ament_cmake_args=None, catkin_cmake_args=None, catkin_skip_building_tests=False, verb_parser=<colcon_defaults.argument_parser.defaults.DefaultArgumentsDecorator object at 0x79db3e762200>, verb_extension=<colcon_core.verb.build.BuildVerb object at 0x79db3ebd3b50>, main=<bound method BuildVerb.main of <colcon_core.verb.build.BuildVerb object at 0x79db3ebd3b50>>)
[2.754s] Level 1:colcon.colcon_core.package_discovery:discover_packages(colcon_meta) check parameters
[2.754s] Level 1:colcon.colcon_core.package_discovery:discover_packages(recursive) check parameters
[2.754s] Level 1:colcon.colcon_core.package_discovery:discover_packages(ignore) check parameters
[2.754s] Level 1:colcon.colcon_core.package_discovery:discover_packages(path) check parameters
[2.754s] Level 1:colcon.colcon_core.package_discovery:discover_packages(colcon_meta) discover
[2.754s] Level 1:colcon.colcon_core.package_discovery:discover_packages(recursive) discover
[2.754s] INFO:colcon.colcon_core.package_discovery:Crawling recursively for packages in '/home/user/M_system'
[2.755s] Level 1:colcon.colcon_core.package_identification:_identify(.) by extensions ['ignore', 'ignore_ament_install']
[2.755s] Level 1:colcon.colcon_core.package_identification:_identify(.) by extension 'ignore'
[2.755s] Level 1:colcon.colcon_core.package_identification:_identify(.) by extension 'ignore_ament_install'
[2.755s] Level 1:colcon.colcon_core.package_identification:_identify(.) by extensions ['colcon_pkg']
[2.755s] Level 1:colcon.colcon_core.package_identification:_identify(.) by extension 'colcon_pkg'
[2.755s] Level 1:colcon.colcon_core.package_identification:_identify(.) by extensions ['colcon_meta']
[2.755s] Level 1:colcon.colcon_core.package_identification:_identify(.) by extension 'colcon_meta'
[2.755s] Level 1:colcon.colcon_core.package_identification:_identify(.) by extensions ['ros']
[2.755s] Level 1:colcon.colcon_core.package_identification:_identify(.) by extension 'ros'
[2.789s] Level 1:colcon.colcon_core.package_identification:_identify(.) by extensions ['cmake', 'python']
[2.789s] Level 1:colcon.colcon_core.package_identification:_identify(.) by extension 'cmake'
[2.790s] Level 1:colcon.colcon_core.package_identification:_identify(.) by extension 'python'
[2.790s] Level 1:colcon.colcon_core.package_identification:_identify(.) by extensions ['python_setup_py']
[2.790s] Level 1:colcon.colcon_core.package_identification:_identify(.) by extension 'python_setup_py'
[2.790s] Level 1:colcon.colcon_core.package_identification:_identify(build) by extensions ['ignore', 'ignore_ament_install']
[2.790s] Level 1:colcon.colcon_core.package_identification:_identify(build) by extension 'ignore'
[2.790s] Level 1:colcon.colcon_core.package_identification:_identify(build) ignored
[2.791s] Level 1:colcon.colcon_core.package_identification:_identify(install) by extensions ['ignore', 'ignore_ament_install']
[2.791s] Level 1:colcon.colcon_core.package_identification:_identify(install) by extension 'ignore'
[2.791s] Level 1:colcon.colcon_core.package_identification:_identify(install) ignored
[2.791s] Level 1:colcon.colcon_core.package_identification:_identify(log) by extensions ['ignore', 'ignore_ament_install']
[2.791s] Level 1:colcon.colcon_core.package_identification:_identify(log) by extension 'ignore'
[2.791s] Level 1:colcon.colcon_core.package_identification:_identify(log) ignored
[2.792s] Level 1:colcon.colcon_core.package_identification:_identify(src) by extensions ['ignore', 'ignore_ament_install']
[2.792s] Level 1:colcon.colcon_core.package_identification:_identify(src) by extension 'ignore'
[2.792s] Level 1:colcon.colcon_core.package_identification:_identify(src) by extension 'ignore_ament_install'
[2.792s] Level 1:colcon.colcon_core.package_identification:_identify(src) by extensions ['colcon_pkg']
[2.792s] Level 1:colcon.colcon_core.package_identification:_identify(src) by extension 'colcon_pkg'
[2.792s] Level 1:colcon.colcon_core.package_identification:_identify(src) by extensions ['colcon_meta']
[2.792s] Level 1:colcon.colcon_core.package_identification:_identify(src) by extension 'colcon_meta'
[2.792s] Level 1:colcon.colcon_core.package_identification:_identify(src) by extensions ['ros']
[2.792s] Level 1:colcon.colcon_core.package_identification:_identify(src) by extension 'ros'
[2.793s] Level 1:colcon.colcon_core.package_identification:_identify(src) by extensions ['cmake', 'python']
[2.793s] Level 1:colcon.colcon_core.package_identification:_identify(src) by extension 'cmake'
[2.793s] Level 1:colcon.colcon_core.package_identification:_identify(src) by extension 'python'
[2.793s] Level 1:colcon.colcon_core.package_identification:_identify(src) by extensions ['python_setup_py']
[2.793s] Level 1:colcon.colcon_core.package_identification:_identify(src) by extension 'python_setup_py'
[2.793s] Level 1:colcon.colcon_core.package_identification:_identify(src/my_string_publisher) by extensions ['ignore', 'ignore_ament_install']
[2.793s] Level 1:colcon.colcon_core.package_identification:_identify(src/my_string_publisher) by extension 'ignore'
[2.793s] Level 1:colcon.colcon_core.package_identification:_identify(src/my_string_publisher) by extension 'ignore_ament_install'
[2.793s] Level 1:colcon.colcon_core.package_identification:_identify(src/my_string_publisher) by extensions ['colcon_pkg']
[2.794s] Level 1:colcon.colcon_core.package_identification:_identify(src/my_string_publisher) by extension 'colcon_pkg'
[2.794s] Level 1:colcon.colcon_core.package_identification:_identify(src/my_string_publisher) by extensions ['colcon_meta']
[2.794s] Level 1:colcon.colcon_core.package_identification:_identify(src/my_string_publisher) by extension 'colcon_meta'
[2.794s] Level 1:colcon.colcon_core.package_identification:_identify(src/my_string_publisher) by extensions ['ros']
[2.794s] Level 1:colcon.colcon_core.package_identification:_identify(src/my_string_publisher) by extension 'ros'
[2.798s] DEBUG:colcon.colcon_core.package_identification:Failed to parse potential ROS package manifest in'src/my_string_publisher': Error(s) in package 'src/my_string_publisher/package.xml':
Error(s):
- The generic dependency on 'rclpy' is redundant with: exec_depend
- The generic dependency on 'std_msgs' is redundant with: exec_depend
[2.798s] Level 1:colcon.colcon_core.package_identification:_identify(src/my_string_publisher) by extensions ['cmake', 'python']
[2.798s] Level 1:colcon.colcon_core.package_identification:_identify(src/my_string_publisher) by extension 'cmake'
[2.798s] Level 1:colcon.colcon_core.package_identification:_identify(src/my_string_publisher) by extension 'python'
[2.798s] DEBUG:colcon.colcon_core.package_identification:Python package in 'src/my_string_publisher' passes arguments to the setup() function which requires a different identification extension than 'python'
[2.798s] Level 1:colcon.colcon_core.package_identification:_identify(src/my_string_publisher) by extensions ['python_setup_py']
[2.798s] Level 1:colcon.colcon_core.package_identification:_identify(src/my_string_publisher) by extension 'python_setup_py'
[3.346s] DEBUG:colcon.colcon_core.package_identification:Package 'src/my_string_publisher' with type 'python' and name 'my_string_publisher'
[3.346s] Level 1:colcon.colcon_core.package_discovery:discover_packages(recursive) using defaults
[3.347s] Level 1:colcon.colcon_core.package_discovery:discover_packages(ignore) discover
[3.347s] Level 1:colcon.colcon_core.package_discovery:discover_packages(ignore) using defaults
[3.347s] Level 1:colcon.colcon_core.package_discovery:discover_packages(path) discover
[3.347s] Level 1:colcon.colcon_core.package_discovery:discover_packages(path) using defaults
[3.470s] ERROR:colcon.colcon_core.package_augmentation:Exception in package augmentation extension 'python_setup_py': 'tests_require'
Traceback (most recent call last):
  File "/usr/lib/python3/dist-packages/colcon_core/package_augmentation/__init__.py", line 97, in augment_packages
    retval = extension.augment_packages(
  File "/usr/lib/python3/dist-packages/colcon_core/package_augmentation/__init__.py", line 48, in augment_packages
    self.augment_package(
  File "/usr/lib/python3/dist-packages/colcon_python_setup_py/package_augmentation/python_setup_py.py", line 47, in augment_package
    for d in config[option_name] or ()}
KeyError: 'tests_require'

[3.601s] Level 1:colcon.colcon_core.package_discovery:discover_packages(prefix_path) check parameters
[3.602s] Level 1:colcon.colcon_core.package_discovery:discover_packages(prefix_path) discover
[3.684s] DEBUG:colcon.colcon_installed_package_information.package_discovery:Found 1 installed packages in /home/user/M_system/install
[3.726s] DEBUG:colcon.colcon_installed_package_information.package_discovery:Found 329 installed packages in /opt/ros/humble
[3.730s] Level 1:colcon.colcon_core.package_discovery:discover_packages(prefix_path) using defaults
[3.928s] Level 5:colcon.colcon_core.verb:set package 'my_string_publisher' build argument 'cmake_args' from command line to 'None'
[3.929s] Level 5:colcon.colcon_core.verb:set package 'my_string_publisher' build argument 'cmake_target' from command line to 'None'
[3.929s] Level 5:colcon.colcon_core.verb:set package 'my_string_publisher' build argument 'cmake_target_skip_unavailable' from command line to 'False'
[3.929s] Level 5:colcon.colcon_core.verb:set package 'my_string_publisher' build argument 'cmake_clean_cache' from command line to 'False'
[3.929s] Level 5:colcon.colcon_core.verb:set package 'my_string_publisher' build argument 'cmake_clean_first' from command line to 'False'
[3.929s] Level 5:colcon.colcon_core.verb:set package 'my_string_publisher' build argument 'cmake_force_configure' from command line to 'False'
[3.929s] Level 5:colcon.colcon_core.verb:set package 'my_string_publisher' build argument 'ament_cmake_args' from command line to 'None'
[3.929s] Level 5:colcon.colcon_core.verb:set package 'my_string_publisher' build argument 'catkin_cmake_args' from command line to 'None'
[3.929s] Level 5:colcon.colcon_core.verb:set package 'my_string_publisher' build argument 'catkin_skip_building_tests' from command line to 'False'
[3.929s] DEBUG:colcon.colcon_core.verb:Building package 'my_string_publisher' with the following arguments: {'ament_cmake_args': None, 'build_base': '/home/user/M_system/build/my_string_publisher', 'catkin_cmake_args': None, 'catkin_skip_building_tests': False, 'cmake_args': None, 'cmake_clean_cache': False, 'cmake_clean_first': False, 'cmake_force_configure': False, 'cmake_target': None, 'cmake_target_skip_unavailable': False, 'install_base': '/home/user/M_system/install/my_string_publisher', 'merge_install': False, 'path': '/home/user/M_system/src/my_string_publisher', 'symlink_install': False, 'test_result_base': None}
[3.969s] INFO:colcon.colcon_core.executor:Executing jobs using 'parallel' executor
[4.034s] DEBUG:colcon.colcon_parallel_executor.executor.parallel:run_until_complete
[4.035s] INFO:colcon.colcon_core.task.python.build:Building Python package in '/home/user/M_system/src/my_string_publisher'
[4.092s] INFO:colcon.colcon_core.plugin_system:Skipping extension 'colcon_core.shell.bat': Not used on non-Windows systems
[4.092s] INFO:colcon.colcon_core.shell:Skip shell extension 'powershell' for command environment: Not usable outside of PowerShell
[4.092s] DEBUG:colcon.colcon_core.shell:Skip shell extension 'dsv' for command environment
[5.645s] DEBUG:colcon.colcon_core.event_handler.log_command:Invoking command in '/home/user/M_system/src/my_string_publisher': PYTHONPATH=/home/user/M_system/build/my_string_publisher/prefix_override:/home/user/M_system/install/my_string_publisher/lib/python3.10/site-packages:${PYTHONPATH} /usr/bin/python3 setup.py egg_info --egg-base ../../build/my_string_publisher build --build-base /home/user/M_system/build/my_string_publisher/build install --record /home/user/M_system/build/my_string_publisher/install.log --single-version-externally-managed
[7.069s] DEBUG:colcon.colcon_core.event_handler.log_command:Invoked command in '/home/user/M_system/src/my_string_publisher' returned '0': PYTHONPATH=/home/user/M_system/build/my_string_publisher/prefix_override:/home/user/M_system/install/my_string_publisher/lib/python3.10/site-packages:${PYTHONPATH} /usr/bin/python3 setup.py egg_info --egg-base ../../build/my_string_publisher build --build-base /home/user/M_system/build/my_string_publisher/build install --record /home/user/M_system/build/my_string_publisher/install.log --single-version-externally-managed
[7.132s] Level 1:colcon.colcon_core.environment:checking '/home/user/M_system/install/my_string_publisher' for CMake module files
[7.133s] Level 1:colcon.colcon_core.environment:checking '/home/user/M_system/install/my_string_publisher' for CMake config files
[7.134s] Level 1:colcon.colcon_core.environment:checking '/home/user/M_system/install/my_string_publisher/lib'
[7.135s] Level 1:colcon.colcon_core.environment:checking '/home/user/M_system/install/my_string_publisher/bin'
[7.135s] Level 1:colcon.colcon_core.environment:checking '/home/user/M_system/install/my_string_publisher/lib/pkgconfig/my_string_publisher.pc'
[7.135s] Level 1:colcon.colcon_core.environment:checking '/home/user/M_system/install/my_string_publisher/lib/python3.10/site-packages'
[7.135s] Level 1:colcon.colcon_core.shell:create_environment_hook('my_string_publisher', 'pythonpath')
[7.176s] INFO:colcon.colcon_core.shell:Creating environment hook '/home/user/M_system/install/my_string_publisher/share/my_string_publisher/hook/pythonpath.ps1'
[7.178s] INFO:colcon.colcon_core.shell:Creating environment descriptor '/home/user/M_system/install/my_string_publisher/share/my_string_publisher/hook/pythonpath.dsv'
[7.181s] INFO:colcon.colcon_core.shell:Creating environment hook '/home/user/M_system/install/my_string_publisher/share/my_string_publisher/hook/pythonpath.sh'
[7.185s] Level 1:colcon.colcon_core.environment:checking '/home/user/M_system/install/my_string_publisher/bin'
[7.185s] Level 1:colcon.colcon_core.environment:create_environment_scripts_only(my_string_publisher)
[7.230s] INFO:colcon.colcon_core.shell:Creating package script '/home/user/M_system/install/my_string_publisher/share/my_string_publisher/package.ps1'
[7.231s] INFO:colcon.colcon_core.shell:Creating package descriptor '/home/user/M_system/install/my_string_publisher/share/my_string_publisher/package.dsv'
[7.233s] INFO:colcon.colcon_core.shell:Creating package script '/home/user/M_system/install/my_string_publisher/share/my_string_publisher/package.sh'
[7.234s] INFO:colcon.colcon_core.shell:Creating package script '/home/user/M_system/install/my_string_publisher/share/my_string_publisher/package.bash'
[7.236s] INFO:colcon.colcon_core.shell:Creating package script '/home/user/M_system/install/my_string_publisher/share/my_string_publisher/package.zsh'
[7.238s] Level 1:colcon.colcon_core.environment:create_file_with_runtime_dependencies(/home/user/M_system/install/my_string_publisher/share/colcon-core/packages/my_string_publisher)
[7.238s] DEBUG:colcon.colcon_parallel_executor.executor.parallel:closing loop
[7.239s] DEBUG:colcon.colcon_parallel_executor.executor.parallel:loop closed
[7.239s] DEBUG:colcon.colcon_parallel_executor.executor.parallel:run_until_complete finished with '0'
[7.240s] DEBUG:colcon.colcon_core.event_reactor:joining thread
[7.305s] INFO:colcon.colcon_core.plugin_system:Skipping extension 'colcon_notification.desktop_notification.terminal_notifier': Not used on non-Darwin systems
[7.305s] INFO:colcon.colcon_core.plugin_system:Skipping extension 'colcon_notification.desktop_notification.win32': Not used on non-Windows systems
[7.306s] INFO:colcon.colcon_notification.desktop_notification:Sending desktop notification using 'notify2'
[7.333s] DEBUG:colcon.colcon_core.event_reactor:joined thread
[7.388s] INFO:colcon.colcon_core.shell:Creating prefix script '/home/user/M_system/install/local_setup.ps1'
[7.390s] INFO:colcon.colcon_core.shell:Creating prefix util module '/home/user/M_system/install/_local_setup_util_ps1.py'
[7.394s] INFO:colcon.colcon_core.shell:Creating prefix chain script '/home/user/M_system/install/setup.ps1'
[7.442s] INFO:colcon.colcon_core.shell:Creating prefix script '/home/user/M_system/install/local_setup.sh'
[7.443s] INFO:colcon.colcon_core.shell:Creating prefix util module '/home/user/M_system/install/_local_setup_util_sh.py'
[7.445s] INFO:colcon.colcon_core.shell:Creating prefix chain script '/home/user/M_system/install/setup.sh'
[7.494s] INFO:colcon.colcon_core.shell:Creating prefix script '/home/user/M_system/install/local_setup.bash'
[7.495s] INFO:colcon.colcon_core.shell:Creating prefix chain script '/home/user/M_system/install/setup.bash'
[7.543s] INFO:colcon.colcon_core.shell:Creating prefix script '/home/user/M_system/install/local_setup.zsh'
[7.544s] INFO:colcon.colcon_core.shell:Creating prefix chain script '/home/user/M_system/install/setup.zsh'
