[5.106s] DEBUG:colcon:Command line arguments: ['/usr/bin/colcon', 'build']
[5.106s] DEBUG:colcon:Parsed command line arguments: Namespace(log_base=None, log_level=None, verb_name='build', build_base='build', install_base='install', merge_install=False, symlink_install=False, test_result_base=None, continue_on_error=False, executor='parallel', parallel_workers=2, event_handlers=None, ignore_user_meta=False, metas=['./colcon.meta'], base_paths=['.'], packages_ignore=None, packages_ignore_regex=None, paths=None, packages_up_to=None, packages_up_to_regex=None, packages_above=None, packages_above_and_dependencies=None, packages_above_depth=None, packages_select_by_dep=None, packages_skip_by_dep=None, packages_skip_up_to=None, packages_select_build_failed=False, packages_skip_build_finished=False, packages_select_test_failures=False, packages_skip_test_passed=False, packages_select=None, packages_skip=None, packages_select_regex=None, packages_skip_regex=None, packages_start=None, packages_end=None, allow_overriding=[], cmake_args=None, cmake_target=None, cmake_target_skip_unavailable=False, cmake_clean_cache=False, cmake_clean_first=False, cmake_force_configure=False, ament_cmake_args=None, catkin_cmake_args=None, catkin_skip_building_tests=False, verb_parser=<colcon_defaults.argument_parser.defaults.DefaultArgumentsDecorator object at 0x7def09d37910>, verb_extension=<colcon_core.verb.build.BuildVerb object at 0x7def0a1cc4f0>, main=<bound method BuildVerb.main of <colcon_core.verb.build.BuildVerb object at 0x7def0a1cc4f0>>)
[5.322s] Level 1:colcon.colcon_core.package_discovery:discover_packages(colcon_meta) check parameters
[5.322s] Level 1:colcon.colcon_core.package_discovery:discover_packages(recursive) check parameters
[5.322s] Level 1:colcon.colcon_core.package_discovery:discover_packages(ignore) check parameters
[5.322s] Level 1:colcon.colcon_core.package_discovery:discover_packages(path) check parameters
[5.322s] Level 1:colcon.colcon_core.package_discovery:discover_packages(colcon_meta) discover
[5.323s] Level 1:colcon.colcon_core.package_discovery:discover_packages(recursive) discover
[5.323s] INFO:colcon.colcon_core.package_discovery:Crawling recursively for packages in '/home/user/M_system/src/P_m_gps_listener/P_m_gps_listener'
[5.323s] Level 1:colcon.colcon_core.package_identification:_identify(.) by extensions ['ignore', 'ignore_ament_install']
[5.324s] Level 1:colcon.colcon_core.package_identification:_identify(.) by extension 'ignore'
[5.324s] Level 1:colcon.colcon_core.package_identification:_identify(.) by extension 'ignore_ament_install'
[5.324s] Level 1:colcon.colcon_core.package_identification:_identify(.) by extensions ['colcon_pkg']
[5.324s] Level 1:colcon.colcon_core.package_identification:_identify(.) by extension 'colcon_pkg'
[5.324s] Level 1:colcon.colcon_core.package_identification:_identify(.) by extensions ['colcon_meta']
[5.324s] Level 1:colcon.colcon_core.package_identification:_identify(.) by extension 'colcon_meta'
[5.324s] Level 1:colcon.colcon_core.package_identification:_identify(.) by extensions ['ros']
[5.324s] Level 1:colcon.colcon_core.package_identification:_identify(.) by extension 'ros'
[5.366s] Level 1:colcon.colcon_core.package_identification:_identify(.) by extensions ['cmake', 'python']
[5.366s] Level 1:colcon.colcon_core.package_identification:_identify(.) by extension 'cmake'
[5.367s] Level 1:colcon.colcon_core.package_identification:_identify(.) by extension 'python'
[5.367s] Level 1:colcon.colcon_core.package_identification:_identify(.) by extensions ['python_setup_py']
[5.367s] Level 1:colcon.colcon_core.package_identification:_identify(.) by extension 'python_setup_py'
[5.367s] Level 1:colcon.colcon_core.package_identification:_identify(build) by extensions ['ignore', 'ignore_ament_install']
[5.368s] Level 1:colcon.colcon_core.package_identification:_identify(build) by extension 'ignore'
[5.368s] Level 1:colcon.colcon_core.package_identification:_identify(build) ignored
[5.369s] Level 1:colcon.colcon_core.package_identification:_identify(install) by extensions ['ignore', 'ignore_ament_install']
[5.369s] Level 1:colcon.colcon_core.package_identification:_identify(install) by extension 'ignore'
[5.369s] Level 1:colcon.colcon_core.package_identification:_identify(install) ignored
[5.370s] Level 1:colcon.colcon_core.package_identification:_identify(log) by extensions ['ignore', 'ignore_ament_install']
[5.370s] Level 1:colcon.colcon_core.package_identification:_identify(log) by extension 'ignore'
[5.370s] Level 1:colcon.colcon_core.package_identification:_identify(log) ignored
[5.370s] Level 1:colcon.colcon_core.package_discovery:discover_packages(recursive) using defaults
[5.371s] Level 1:colcon.colcon_core.package_discovery:discover_packages(ignore) discover
[5.371s] Level 1:colcon.colcon_core.package_discovery:discover_packages(ignore) using defaults
[5.371s] Level 1:colcon.colcon_core.package_discovery:discover_packages(path) discover
[5.371s] Level 1:colcon.colcon_core.package_discovery:discover_packages(path) using defaults
[5.828s] Level 1:colcon.colcon_core.package_discovery:discover_packages(prefix_path) check parameters
[5.829s] Level 1:colcon.colcon_core.package_discovery:discover_packages(prefix_path) discover
[6.051s] DEBUG:colcon.colcon_installed_package_information.package_discovery:Found 3 installed packages in /home/user/M_system/install
[6.123s] DEBUG:colcon.colcon_installed_package_information.package_discovery:Found 3 installed packages in /home/user/M_system/src/install
[6.200s] DEBUG:colcon.colcon_installed_package_information.package_discovery:Found 335 installed packages in /opt/ros/humble
[6.209s] Level 1:colcon.colcon_core.package_discovery:discover_packages(prefix_path) using defaults
[6.653s] INFO:colcon.colcon_core.executor:Executing jobs using 'parallel' executor
[6.737s] DEBUG:colcon.colcon_parallel_executor.executor.parallel:run_until_complete
[6.738s] DEBUG:colcon.colcon_parallel_executor.executor.parallel:closing loop
[6.738s] DEBUG:colcon.colcon_parallel_executor.executor.parallel:loop closed
[6.738s] DEBUG:colcon.colcon_parallel_executor.executor.parallel:run_until_complete finished with '0'
[6.738s] DEBUG:colcon.colcon_core.event_reactor:joining thread
[6.865s] INFO:colcon.colcon_core.plugin_system:Skipping extension 'colcon_notification.desktop_notification.terminal_notifier': Not used on non-Darwin systems
[6.865s] INFO:colcon.colcon_core.plugin_system:Skipping extension 'colcon_notification.desktop_notification.win32': Not used on non-Windows systems
[6.866s] INFO:colcon.colcon_notification.desktop_notification:Sending desktop notification using 'notify2'
[6.908s] DEBUG:colcon.colcon_core.event_reactor:joined thread
[7.013s] INFO:colcon.colcon_core.plugin_system:Skipping extension 'colcon_core.shell.bat': Not used on non-Windows systems
[7.014s] INFO:colcon.colcon_core.shell:Creating prefix script '/home/user/M_system/src/P_m_gps_listener/P_m_gps_listener/install/local_setup.ps1'
[7.018s] INFO:colcon.colcon_core.shell:Creating prefix util module '/home/user/M_system/src/P_m_gps_listener/P_m_gps_listener/install/_local_setup_util_ps1.py'
[7.023s] INFO:colcon.colcon_core.shell:Creating prefix chain script '/home/user/M_system/src/P_m_gps_listener/P_m_gps_listener/install/setup.ps1'
[7.130s] INFO:colcon.colcon_core.shell:Creating prefix script '/home/user/M_system/src/P_m_gps_listener/P_m_gps_listener/install/local_setup.sh'
[7.132s] INFO:colcon.colcon_core.shell:Creating prefix util module '/home/user/M_system/src/P_m_gps_listener/P_m_gps_listener/install/_local_setup_util_sh.py'
[7.133s] INFO:colcon.colcon_core.shell:Creating prefix chain script '/home/user/M_system/src/P_m_gps_listener/P_m_gps_listener/install/setup.sh'
[7.216s] INFO:colcon.colcon_core.shell:Creating prefix script '/home/user/M_system/src/P_m_gps_listener/P_m_gps_listener/install/local_setup.bash'
[7.218s] INFO:colcon.colcon_core.shell:Creating prefix chain script '/home/user/M_system/src/P_m_gps_listener/P_m_gps_listener/install/setup.bash'
[7.303s] INFO:colcon.colcon_core.shell:Creating prefix script '/home/user/M_system/src/P_m_gps_listener/P_m_gps_listener/install/local_setup.zsh'
[7.305s] INFO:colcon.colcon_core.shell:Creating prefix chain script '/home/user/M_system/src/P_m_gps_listener/P_m_gps_listener/install/setup.zsh'
