[3.482s] Invoking command in '/home/user/M_system/src/nmea_navsat_driver': PYTHONPATH=/home/user/M_system/build/nmea_navsat_driver/prefix_override:/home/user/M_system/install/nmea_navsat_driver/lib/python3.10/site-packages:${PYTHONPATH} /usr/bin/python3 setup.py egg_info --egg-base ../../build/nmea_navsat_driver build --build-base /home/user/M_system/build/nmea_navsat_driver/build install --record /home/user/M_system/build/nmea_navsat_driver/install.log --single-version-externally-managed
[4.362s] running egg_info
[4.364s] writing ../../build/nmea_navsat_driver/nmea_navsat_driver.egg-info/PKG-INFO
[4.365s] writing dependency_links to ../../build/nmea_navsat_driver/nmea_navsat_driver.egg-info/dependency_links.txt
[4.365s] writing entry points to ../../build/nmea_navsat_driver/nmea_navsat_driver.egg-info/entry_points.txt
[4.365s] writing requirements to ../../build/nmea_navsat_driver/nmea_navsat_driver.egg-info/requires.txt
[4.366s] writing top-level names to ../../build/nmea_navsat_driver/nmea_navsat_driver.egg-info/top_level.txt
[4.376s] reading manifest file '../../build/nmea_navsat_driver/nmea_navsat_driver.egg-info/SOURCES.txt'
[4.377s] writing manifest file '../../build/nmea_navsat_driver/nmea_navsat_driver.egg-info/SOURCES.txt'
[4.377s] running build
[4.377s] running build_py
[4.381s] running install
[4.382s] running install_lib
[4.386s] running install_data
[4.388s] running install_egg_info
[4.393s] removing '/home/user/M_system/install/nmea_navsat_driver/lib/python3.10/site-packages/nmea_navsat_driver-2.0.1-py3.10.egg-info' (and everything under it)
[4.394s] Copying ../../build/nmea_navsat_driver/nmea_navsat_driver.egg-info to /home/user/M_system/install/nmea_navsat_driver/lib/python3.10/site-packages/nmea_navsat_driver-2.0.1-py3.10.egg-info
[4.396s] running install_scripts
[4.449s] Installing nmea_serial_driver script to /home/user/M_system/install/nmea_navsat_driver/lib/nmea_navsat_driver
[4.450s] Installing nmea_socket_driver script to /home/user/M_system/install/nmea_navsat_driver/lib/nmea_navsat_driver
[4.450s] Installing nmea_tcpclient_driver script to /home/user/M_system/install/nmea_navsat_driver/lib/nmea_navsat_driver
[4.451s] Installing nmea_topic_driver script to /home/user/M_system/install/nmea_navsat_driver/lib/nmea_navsat_driver
[4.451s] Installing nmea_topic_serial_reader script to /home/user/M_system/install/nmea_navsat_driver/lib/nmea_navsat_driver
[4.453s] writing list of installed files to '/home/user/M_system/build/nmea_navsat_driver/install.log'
[4.552s] Invoked command in '/home/user/M_system/src/nmea_navsat_driver' returned '0': PYTHONPATH=/home/user/M_system/build/nmea_navsat_driver/prefix_override:/home/user/M_system/install/nmea_navsat_driver/lib/python3.10/site-packages:${PYTHONPATH} /usr/bin/python3 setup.py egg_info --egg-base ../../build/nmea_navsat_driver build --build-base /home/user/M_system/build/nmea_navsat_driver/build install --record /home/user/M_system/build/nmea_navsat_driver/install.log --single-version-externally-managed
