[2.915s] Invoking command in '/home/user/M_system/src/my_string_publisher': PYTHONPATH=/home/user/M_system/build/my_string_publisher/prefix_override:/home/user/M_system/install/my_string_publisher/lib/python3.10/site-packages:${PYTHONPATH} /usr/bin/python3 setup.py egg_info --egg-base ../../build/my_string_publisher build --build-base /home/user/M_system/build/my_string_publisher/build install --record /home/user/M_system/build/my_string_publisher/install.log --single-version-externally-managed
[3.947s] running egg_info
[3.948s] writing ../../build/my_string_publisher/my_string_publisher.egg-info/PKG-INFO
[3.949s] writing dependency_links to ../../build/my_string_publisher/my_string_publisher.egg-info/dependency_links.txt
[3.950s] writing entry points to ../../build/my_string_publisher/my_string_publisher.egg-info/entry_points.txt
[3.950s] writing requirements to ../../build/my_string_publisher/my_string_publisher.egg-info/requires.txt
[3.950s] writing top-level names to ../../build/my_string_publisher/my_string_publisher.egg-info/top_level.txt
[3.967s] reading manifest file '../../build/my_string_publisher/my_string_publisher.egg-info/SOURCES.txt'
[3.970s] writing manifest file '../../build/my_string_publisher/my_string_publisher.egg-info/SOURCES.txt'
[3.970s] running build
[3.970s] running build_py
[3.971s] running install
[3.972s] running install_lib
[3.975s] running install_egg_info
[3.980s] removing '/home/user/M_system/install/my_string_publisher/lib/python3.10/site-packages/my_string_publisher-0.0.1-py3.10.egg-info' (and everything under it)
[3.981s] Copying ../../build/my_string_publisher/my_string_publisher.egg-info to /home/user/M_system/install/my_string_publisher/lib/python3.10/site-packages/my_string_publisher-0.0.1-py3.10.egg-info
[3.984s] running install_scripts
[4.042s] Installing StringPublisher script to /home/user/M_system/install/my_string_publisher/lib/my_string_publisher
[4.043s] writing list of installed files to '/home/user/M_system/build/my_string_publisher/install.log'
[4.148s] Invoked command in '/home/user/M_system/src/my_string_publisher' returned '0': PYTHONPATH=/home/user/M_system/build/my_string_publisher/prefix_override:/home/user/M_system/install/my_string_publisher/lib/python3.10/site-packages:${PYTHONPATH} /usr/bin/python3 setup.py egg_info --egg-base ../../build/my_string_publisher build --build-base /home/user/M_system/build/my_string_publisher/build install --record /home/user/M_system/build/my_string_publisher/install.log --single-version-externally-managed
