[3.730s] DEBUG:colcon:Command line arguments: ['/usr/bin/colcon', 'build']
[3.730s] DEBUG:colcon:Parsed command line arguments: Namespace(log_base=None, log_level=None, verb_name='build', build_base='build', install_base='install', merge_install=False, symlink_install=False, test_result_base=None, continue_on_error=False, executor='parallel', parallel_workers=2, event_handlers=None, ignore_user_meta=False, metas=['./colcon.meta'], base_paths=['.'], packages_ignore=None, packages_ignore_regex=None, paths=None, packages_up_to=None, packages_up_to_regex=None, packages_above=None, packages_above_and_dependencies=None, packages_above_depth=None, packages_select_by_dep=None, packages_skip_by_dep=None, packages_skip_up_to=None, packages_select_build_failed=False, packages_skip_build_finished=False, packages_select_test_failures=False, packages_skip_test_passed=False, packages_select=None, packages_skip=None, packages_select_regex=None, packages_skip_regex=None, packages_start=None, packages_end=None, allow_overriding=[], cmake_args=None, cmake_target=None, cmake_target_skip_unavailable=False, cmake_clean_cache=False, cmake_clean_first=False, cmake_force_configure=False, ament_cmake_args=None, catkin_cmake_args=None, catkin_skip_building_tests=False, verb_parser=<colcon_defaults.argument_parser.defaults.DefaultArgumentsDecorator object at 0x72d2a398f5b0>, verb_extension=<colcon_core.verb.build.BuildVerb object at 0x72d2a3dc84f0>, main=<bound method BuildVerb.main of <colcon_core.verb.build.BuildVerb object at 0x72d2a3dc84f0>>)
[3.896s] Level 1:colcon.colcon_core.package_discovery:discover_packages(colcon_meta) check parameters
[3.897s] Level 1:colcon.colcon_core.package_discovery:discover_packages(recursive) check parameters
[3.897s] Level 1:colcon.colcon_core.package_discovery:discover_packages(ignore) check parameters
[3.897s] Level 1:colcon.colcon_core.package_discovery:discover_packages(path) check parameters
[3.897s] Level 1:colcon.colcon_core.package_discovery:discover_packages(colcon_meta) discover
[3.897s] Level 1:colcon.colcon_core.package_discovery:discover_packages(recursive) discover
[3.897s] INFO:colcon.colcon_core.package_discovery:Crawling recursively for packages in '/home/user/M_system'
[3.897s] Level 1:colcon.colcon_core.package_identification:_identify(.) by extensions ['ignore', 'ignore_ament_install']
[3.898s] Level 1:colcon.colcon_core.package_identification:_identify(.) by extension 'ignore'
[3.898s] Level 1:colcon.colcon_core.package_identification:_identify(.) by extension 'ignore_ament_install'
[3.898s] Level 1:colcon.colcon_core.package_identification:_identify(.) by extensions ['colcon_pkg']
[3.898s] Level 1:colcon.colcon_core.package_identification:_identify(.) by extension 'colcon_pkg'
[3.898s] Level 1:colcon.colcon_core.package_identification:_identify(.) by extensions ['colcon_meta']
[3.898s] Level 1:colcon.colcon_core.package_identification:_identify(.) by extension 'colcon_meta'
[3.898s] Level 1:colcon.colcon_core.package_identification:_identify(.) by extensions ['ros']
[3.899s] Level 1:colcon.colcon_core.package_identification:_identify(.) by extension 'ros'
[3.932s] Level 1:colcon.colcon_core.package_identification:_identify(.) by extensions ['cmake', 'python']
[3.932s] Level 1:colcon.colcon_core.package_identification:_identify(.) by extension 'cmake'
[3.932s] Level 1:colcon.colcon_core.package_identification:_identify(.) by extension 'python'
[3.932s] Level 1:colcon.colcon_core.package_identification:_identify(.) by extensions ['python_setup_py']
[3.932s] Level 1:colcon.colcon_core.package_identification:_identify(.) by extension 'python_setup_py'
[3.933s] Level 1:colcon.colcon_core.package_identification:_identify(build) by extensions ['ignore', 'ignore_ament_install']
[3.933s] Level 1:colcon.colcon_core.package_identification:_identify(build) by extension 'ignore'
[3.933s] Level 1:colcon.colcon_core.package_identification:_identify(build) ignored
[3.933s] Level 1:colcon.colcon_core.package_identification:_identify(install) by extensions ['ignore', 'ignore_ament_install']
[3.933s] Level 1:colcon.colcon_core.package_identification:_identify(install) by extension 'ignore'
[3.933s] Level 1:colcon.colcon_core.package_identification:_identify(install) ignored
[3.934s] Level 1:colcon.colcon_core.package_identification:_identify(log) by extensions ['ignore', 'ignore_ament_install']
[3.934s] Level 1:colcon.colcon_core.package_identification:_identify(log) by extension 'ignore'
[3.934s] Level 1:colcon.colcon_core.package_identification:_identify(log) ignored
[3.934s] Level 1:colcon.colcon_core.package_identification:_identify(src) by extensions ['ignore', 'ignore_ament_install']
[3.934s] Level 1:colcon.colcon_core.package_identification:_identify(src) by extension 'ignore'
[3.935s] Level 1:colcon.colcon_core.package_identification:_identify(src) by extension 'ignore_ament_install'
[3.935s] Level 1:colcon.colcon_core.package_identification:_identify(src) by extensions ['colcon_pkg']
[3.935s] Level 1:colcon.colcon_core.package_identification:_identify(src) by extension 'colcon_pkg'
[3.935s] Level 1:colcon.colcon_core.package_identification:_identify(src) by extensions ['colcon_meta']
[3.935s] Level 1:colcon.colcon_core.package_identification:_identify(src) by extension 'colcon_meta'
[3.935s] Level 1:colcon.colcon_core.package_identification:_identify(src) by extensions ['ros']
[3.935s] Level 1:colcon.colcon_core.package_identification:_identify(src) by extension 'ros'
[3.935s] Level 1:colcon.colcon_core.package_identification:_identify(src) by extensions ['cmake', 'python']
[3.935s] Level 1:colcon.colcon_core.package_identification:_identify(src) by extension 'cmake'
[3.935s] Level 1:colcon.colcon_core.package_identification:_identify(src) by extension 'python'
[3.936s] Level 1:colcon.colcon_core.package_identification:_identify(src) by extensions ['python_setup_py']
[3.936s] Level 1:colcon.colcon_core.package_identification:_identify(src) by extension 'python_setup_py'
[3.936s] Level 1:colcon.colcon_core.package_identification:_identify(src/P_m_gps_listener) by extensions ['ignore', 'ignore_ament_install']
[3.936s] Level 1:colcon.colcon_core.package_identification:_identify(src/P_m_gps_listener) by extension 'ignore'
[3.936s] Level 1:colcon.colcon_core.package_identification:_identify(src/P_m_gps_listener) by extension 'ignore_ament_install'
[3.936s] Level 1:colcon.colcon_core.package_identification:_identify(src/P_m_gps_listener) by extensions ['colcon_pkg']
[3.936s] Level 1:colcon.colcon_core.package_identification:_identify(src/P_m_gps_listener) by extension 'colcon_pkg'
[3.937s] Level 1:colcon.colcon_core.package_identification:_identify(src/P_m_gps_listener) by extensions ['colcon_meta']
[3.937s] Level 1:colcon.colcon_core.package_identification:_identify(src/P_m_gps_listener) by extension 'colcon_meta'
[3.937s] Level 1:colcon.colcon_core.package_identification:_identify(src/P_m_gps_listener) by extensions ['ros']
[3.937s] Level 1:colcon.colcon_core.package_identification:_identify(src/P_m_gps_listener) by extension 'ros'
[3.944s] DEBUG:colcon.colcon_core.package_identification:Package 'src/P_m_gps_listener' with type 'ros.ament_python' and name 'P_m_gps_listener'
[3.944s] Level 1:colcon.colcon_core.package_identification:_identify(src/build) by extensions ['ignore', 'ignore_ament_install']
[3.944s] Level 1:colcon.colcon_core.package_identification:_identify(src/build) by extension 'ignore'
[3.944s] Level 1:colcon.colcon_core.package_identification:_identify(src/build) ignored
[3.945s] Level 1:colcon.colcon_core.package_identification:_identify(src/install) by extensions ['ignore', 'ignore_ament_install']
[3.945s] Level 1:colcon.colcon_core.package_identification:_identify(src/install) by extension 'ignore'
[3.945s] Level 1:colcon.colcon_core.package_identification:_identify(src/install) ignored
[3.945s] Level 1:colcon.colcon_core.package_identification:_identify(src/log) by extensions ['ignore', 'ignore_ament_install']
[3.945s] Level 1:colcon.colcon_core.package_identification:_identify(src/log) by extension 'ignore'
[3.945s] Level 1:colcon.colcon_core.package_identification:_identify(src/log) ignored
[3.946s] Level 1:colcon.colcon_core.package_identification:_identify(src/my_string_publisher) by extensions ['ignore', 'ignore_ament_install']
[3.946s] Level 1:colcon.colcon_core.package_identification:_identify(src/my_string_publisher) by extension 'ignore'
[3.946s] Level 1:colcon.colcon_core.package_identification:_identify(src/my_string_publisher) by extension 'ignore_ament_install'
[3.946s] Level 1:colcon.colcon_core.package_identification:_identify(src/my_string_publisher) by extensions ['colcon_pkg']
[3.946s] Level 1:colcon.colcon_core.package_identification:_identify(src/my_string_publisher) by extension 'colcon_pkg'
[3.946s] Level 1:colcon.colcon_core.package_identification:_identify(src/my_string_publisher) by extensions ['colcon_meta']
[3.946s] Level 1:colcon.colcon_core.package_identification:_identify(src/my_string_publisher) by extension 'colcon_meta'
[3.946s] Level 1:colcon.colcon_core.package_identification:_identify(src/my_string_publisher) by extensions ['ros']
[3.946s] Level 1:colcon.colcon_core.package_identification:_identify(src/my_string_publisher) by extension 'ros'
[3.948s] DEBUG:colcon.colcon_core.package_identification:Failed to parse potential ROS package manifest in'src/my_string_publisher': Error(s) in package 'src/my_string_publisher/package.xml':
Error(s):
- The generic dependency on 'rclpy' is redundant with: exec_depend
- The generic dependency on 'std_msgs' is redundant with: exec_depend
[3.949s] Level 1:colcon.colcon_core.package_identification:_identify(src/my_string_publisher) by extensions ['cmake', 'python']
[3.949s] Level 1:colcon.colcon_core.package_identification:_identify(src/my_string_publisher) by extension 'cmake'
[3.949s] Level 1:colcon.colcon_core.package_identification:_identify(src/my_string_publisher) by extension 'python'
[3.949s] DEBUG:colcon.colcon_core.package_identification:Python package in 'src/my_string_publisher' passes arguments to the setup() function which requires a different identification extension than 'python'
[3.949s] Level 1:colcon.colcon_core.package_identification:_identify(src/my_string_publisher) by extensions ['python_setup_py']
[3.949s] Level 1:colcon.colcon_core.package_identification:_identify(src/my_string_publisher) by extension 'python_setup_py'
[4.928s] DEBUG:colcon.colcon_core.package_identification:Package 'src/my_string_publisher' with type 'python' and name 'my_string_publisher'
[4.928s] Level 1:colcon.colcon_core.package_identification:_identify(src/nmea_navsat_driver) by extensions ['ignore', 'ignore_ament_install']
[4.928s] Level 1:colcon.colcon_core.package_identification:_identify(src/nmea_navsat_driver) by extension 'ignore'
[4.929s] Level 1:colcon.colcon_core.package_identification:_identify(src/nmea_navsat_driver) by extension 'ignore_ament_install'
[4.929s] Level 1:colcon.colcon_core.package_identification:_identify(src/nmea_navsat_driver) by extensions ['colcon_pkg']
[4.929s] Level 1:colcon.colcon_core.package_identification:_identify(src/nmea_navsat_driver) by extension 'colcon_pkg'
[4.929s] Level 1:colcon.colcon_core.package_identification:_identify(src/nmea_navsat_driver) by extensions ['colcon_meta']
[4.929s] Level 1:colcon.colcon_core.package_identification:_identify(src/nmea_navsat_driver) by extension 'colcon_meta'
[4.929s] Level 1:colcon.colcon_core.package_identification:_identify(src/nmea_navsat_driver) by extensions ['ros']
[4.929s] Level 1:colcon.colcon_core.package_identification:_identify(src/nmea_navsat_driver) by extension 'ros'
[4.931s] DEBUG:colcon.colcon_core.package_identification:Package 'src/nmea_navsat_driver' with type 'ros.ament_python' and name 'nmea_navsat_driver'
[4.931s] Level 1:colcon.colcon_core.package_discovery:discover_packages(recursive) using defaults
[4.931s] Level 1:colcon.colcon_core.package_discovery:discover_packages(ignore) discover
[4.931s] Level 1:colcon.colcon_core.package_discovery:discover_packages(ignore) using defaults
[4.931s] Level 1:colcon.colcon_core.package_discovery:discover_packages(path) discover
[4.931s] Level 1:colcon.colcon_core.package_discovery:discover_packages(path) using defaults
[5.249s] Level 1:colcon.colcon_core.package_discovery:discover_packages(prefix_path) check parameters
[5.250s] Level 1:colcon.colcon_core.package_discovery:discover_packages(prefix_path) discover
[5.383s] DEBUG:colcon.colcon_installed_package_information.package_discovery:Found 3 installed packages in /home/user/M_system/install
[5.436s] DEBUG:colcon.colcon_installed_package_information.package_discovery:Found 3 installed packages in /home/user/M_system/src/install
[5.490s] DEBUG:colcon.colcon_installed_package_information.package_discovery:Found 335 installed packages in /opt/ros/humble
[5.495s] Level 1:colcon.colcon_core.package_discovery:discover_packages(prefix_path) using defaults
[5.796s] Level 5:colcon.colcon_core.verb:set package 'P_m_gps_listener' build argument 'cmake_args' from command line to 'None'
[5.796s] Level 5:colcon.colcon_core.verb:set package 'P_m_gps_listener' build argument 'cmake_target' from command line to 'None'
[5.796s] Level 5:colcon.colcon_core.verb:set package 'P_m_gps_listener' build argument 'cmake_target_skip_unavailable' from command line to 'False'
[5.796s] Level 5:colcon.colcon_core.verb:set package 'P_m_gps_listener' build argument 'cmake_clean_cache' from command line to 'False'
[5.796s] Level 5:colcon.colcon_core.verb:set package 'P_m_gps_listener' build argument 'cmake_clean_first' from command line to 'False'
[5.797s] Level 5:colcon.colcon_core.verb:set package 'P_m_gps_listener' build argument 'cmake_force_configure' from command line to 'False'
[5.797s] Level 5:colcon.colcon_core.verb:set package 'P_m_gps_listener' build argument 'ament_cmake_args' from command line to 'None'
[5.797s] Level 5:colcon.colcon_core.verb:set package 'P_m_gps_listener' build argument 'catkin_cmake_args' from command line to 'None'
[5.797s] Level 5:colcon.colcon_core.verb:set package 'P_m_gps_listener' build argument 'catkin_skip_building_tests' from command line to 'False'
[5.797s] DEBUG:colcon.colcon_core.verb:Building package 'P_m_gps_listener' with the following arguments: {'ament_cmake_args': None, 'build_base': '/home/user/M_system/build/P_m_gps_listener', 'catkin_cmake_args': None, 'catkin_skip_building_tests': False, 'cmake_args': None, 'cmake_clean_cache': False, 'cmake_clean_first': False, 'cmake_force_configure': False, 'cmake_target': None, 'cmake_target_skip_unavailable': False, 'install_base': '/home/user/M_system/install/P_m_gps_listener', 'merge_install': False, 'path': '/home/user/M_system/src/P_m_gps_listener', 'symlink_install': False, 'test_result_base': None}
[5.864s] Level 5:colcon.colcon_core.verb:set package 'my_string_publisher' build argument 'cmake_args' from command line to 'None'
[5.864s] Level 5:colcon.colcon_core.verb:set package 'my_string_publisher' build argument 'cmake_target' from command line to 'None'
[5.864s] Level 5:colcon.colcon_core.verb:set package 'my_string_publisher' build argument 'cmake_target_skip_unavailable' from command line to 'False'
[5.865s] Level 5:colcon.colcon_core.verb:set package 'my_string_publisher' build argument 'cmake_clean_cache' from command line to 'False'
[5.865s] Level 5:colcon.colcon_core.verb:set package 'my_string_publisher' build argument 'cmake_clean_first' from command line to 'False'
[5.865s] Level 5:colcon.colcon_core.verb:set package 'my_string_publisher' build argument 'cmake_force_configure' from command line to 'False'
[5.865s] Level 5:colcon.colcon_core.verb:set package 'my_string_publisher' build argument 'ament_cmake_args' from command line to 'None'
[5.865s] Level 5:colcon.colcon_core.verb:set package 'my_string_publisher' build argument 'catkin_cmake_args' from command line to 'None'
[5.865s] Level 5:colcon.colcon_core.verb:set package 'my_string_publisher' build argument 'catkin_skip_building_tests' from command line to 'False'
[5.865s] DEBUG:colcon.colcon_core.verb:Building package 'my_string_publisher' with the following arguments: {'ament_cmake_args': None, 'build_base': '/home/user/M_system/build/my_string_publisher', 'catkin_cmake_args': None, 'catkin_skip_building_tests': False, 'cmake_args': None, 'cmake_clean_cache': False, 'cmake_clean_first': False, 'cmake_force_configure': False, 'cmake_target': None, 'cmake_target_skip_unavailable': False, 'install_base': '/home/user/M_system/install/my_string_publisher', 'merge_install': False, 'path': '/home/user/M_system/src/my_string_publisher', 'symlink_install': False, 'test_result_base': None}
[5.913s] Level 5:colcon.colcon_core.verb:set package 'nmea_navsat_driver' build argument 'cmake_args' from command line to 'None'
[5.914s] Level 5:colcon.colcon_core.verb:set package 'nmea_navsat_driver' build argument 'cmake_target' from command line to 'None'
[5.914s] Level 5:colcon.colcon_core.verb:set package 'nmea_navsat_driver' build argument 'cmake_target_skip_unavailable' from command line to 'False'
[5.914s] Level 5:colcon.colcon_core.verb:set package 'nmea_navsat_driver' build argument 'cmake_clean_cache' from command line to 'False'
[5.914s] Level 5:colcon.colcon_core.verb:set package 'nmea_navsat_driver' build argument 'cmake_clean_first' from command line to 'False'
[5.914s] Level 5:colcon.colcon_core.verb:set package 'nmea_navsat_driver' build argument 'cmake_force_configure' from command line to 'False'
[5.914s] Level 5:colcon.colcon_core.verb:set package 'nmea_navsat_driver' build argument 'ament_cmake_args' from command line to 'None'
[5.914s] Level 5:colcon.colcon_core.verb:set package 'nmea_navsat_driver' build argument 'catkin_cmake_args' from command line to 'None'
[5.914s] Level 5:colcon.colcon_core.verb:set package 'nmea_navsat_driver' build argument 'catkin_skip_building_tests' from command line to 'False'
[5.914s] DEBUG:colcon.colcon_core.verb:Building package 'nmea_navsat_driver' with the following arguments: {'ament_cmake_args': None, 'build_base': '/home/user/M_system/build/nmea_navsat_driver', 'catkin_cmake_args': None, 'catkin_skip_building_tests': False, 'cmake_args': None, 'cmake_clean_cache': False, 'cmake_clean_first': False, 'cmake_force_configure': False, 'cmake_target': None, 'cmake_target_skip_unavailable': False, 'install_base': '/home/user/M_system/install/nmea_navsat_driver', 'merge_install': False, 'path': '/home/user/M_system/src/nmea_navsat_driver', 'symlink_install': False, 'test_result_base': None}
[5.961s] INFO:colcon.colcon_core.executor:Executing jobs using 'parallel' executor
[6.012s] DEBUG:colcon.colcon_parallel_executor.executor.parallel:run_until_complete
[6.012s] INFO:colcon.colcon_ros.task.ament_python.build:Building ROS package in '/home/user/M_system/src/P_m_gps_listener' with build type 'ament_python'
[6.013s] Level 1:colcon.colcon_core.shell:create_environment_hook('P_m_gps_listener', 'ament_prefix_path')
[6.083s] INFO:colcon.colcon_core.plugin_system:Skipping extension 'colcon_core.shell.bat': Not used on non-Windows systems
[6.084s] INFO:colcon.colcon_core.shell:Creating environment hook '/home/user/M_system/install/P_m_gps_listener/share/P_m_gps_listener/hook/ament_prefix_path.ps1'
[6.086s] INFO:colcon.colcon_core.shell:Creating environment descriptor '/home/user/M_system/install/P_m_gps_listener/share/P_m_gps_listener/hook/ament_prefix_path.dsv'
[6.087s] INFO:colcon.colcon_core.shell:Creating environment hook '/home/user/M_system/install/P_m_gps_listener/share/P_m_gps_listener/hook/ament_prefix_path.sh'
[6.147s] INFO:colcon.colcon_core.shell:Skip shell extension 'powershell' for command environment: Not usable outside of PowerShell
[6.148s] DEBUG:colcon.colcon_core.shell:Skip shell extension 'dsv' for command environment
[6.390s] INFO:colcon.colcon_core.task.python.build:Building Python package in '/home/user/M_system/src/my_string_publisher'
[6.466s] INFO:colcon.colcon_core.shell:Skip shell extension 'powershell' for command environment: Not usable outside of PowerShell
[6.466s] DEBUG:colcon.colcon_core.shell:Skip shell extension 'dsv' for command environment
[7.628s] INFO:colcon.colcon_core.task.python.build:Building Python package in '/home/user/M_system/src/P_m_gps_listener'
[7.691s] INFO:colcon.colcon_core.shell:Skip shell extension 'powershell' for command environment: Not usable outside of PowerShell
[7.691s] DEBUG:colcon.colcon_core.shell:Skip shell extension 'dsv' for command environment
[10.533s] DEBUG:colcon.colcon_core.event_handler.log_command:Invoking command in '/home/user/M_system/src/P_m_gps_listener': PYTHONPATH=/home/user/M_system/build/P_m_gps_listener/prefix_override:/home/user/M_system/install/P_m_gps_listener/lib/python3.10/site-packages:${PYTHONPATH} /usr/bin/python3 setup.py egg_info --egg-base ../../build/P_m_gps_listener build --build-base /home/user/M_system/build/P_m_gps_listener/build install --record /home/user/M_system/build/P_m_gps_listener/install.log --single-version-externally-managed
[10.566s] DEBUG:colcon.colcon_core.event_handler.log_command:Invoking command in '/home/user/M_system/src/my_string_publisher': PYTHONPATH=/home/user/M_system/build/my_string_publisher/prefix_override:/home/user/M_system/install/my_string_publisher/lib/python3.10/site-packages:${PYTHONPATH} /usr/bin/python3 setup.py egg_info --egg-base ../../build/my_string_publisher build --build-base /home/user/M_system/build/my_string_publisher/build install --record /home/user/M_system/build/my_string_publisher/install.log --single-version-externally-managed
[12.012s] DEBUG:colcon.colcon_core.event_handler.log_command:Invoked command in '/home/user/M_system/src/my_string_publisher' returned '0': PYTHONPATH=/home/user/M_system/build/my_string_publisher/prefix_override:/home/user/M_system/install/my_string_publisher/lib/python3.10/site-packages:${PYTHONPATH} /usr/bin/python3 setup.py egg_info --egg-base ../../build/my_string_publisher build --build-base /home/user/M_system/build/my_string_publisher/build install --record /home/user/M_system/build/my_string_publisher/install.log --single-version-externally-managed
[12.158s] Level 1:colcon.colcon_core.environment:checking '/home/user/M_system/install/my_string_publisher' for CMake module files
[12.159s] Level 1:colcon.colcon_core.environment:checking '/home/user/M_system/install/my_string_publisher' for CMake config files
[12.160s] Level 1:colcon.colcon_core.environment:checking '/home/user/M_system/install/my_string_publisher/lib'
[12.161s] Level 1:colcon.colcon_core.environment:checking '/home/user/M_system/install/my_string_publisher/bin'
[12.161s] Level 1:colcon.colcon_core.environment:checking '/home/user/M_system/install/my_string_publisher/lib/pkgconfig/my_string_publisher.pc'
[12.162s] Level 1:colcon.colcon_core.environment:checking '/home/user/M_system/install/my_string_publisher/lib/python3.10/site-packages'
[12.162s] Level 1:colcon.colcon_core.shell:create_environment_hook('my_string_publisher', 'pythonpath')
[12.244s] INFO:colcon.colcon_core.shell:Creating environment hook '/home/user/M_system/install/my_string_publisher/share/my_string_publisher/hook/pythonpath.ps1'
[12.246s] INFO:colcon.colcon_core.shell:Creating environment descriptor '/home/user/M_system/install/my_string_publisher/share/my_string_publisher/hook/pythonpath.dsv'
[12.247s] INFO:colcon.colcon_core.shell:Creating environment hook '/home/user/M_system/install/my_string_publisher/share/my_string_publisher/hook/pythonpath.sh'
[12.249s] Level 1:colcon.colcon_core.environment:checking '/home/user/M_system/install/my_string_publisher/bin'
[12.249s] Level 1:colcon.colcon_core.environment:create_environment_scripts_only(my_string_publisher)
[12.323s] INFO:colcon.colcon_core.shell:Creating package script '/home/user/M_system/install/my_string_publisher/share/my_string_publisher/package.ps1'
[12.325s] INFO:colcon.colcon_core.shell:Creating package descriptor '/home/user/M_system/install/my_string_publisher/share/my_string_publisher/package.dsv'
[12.327s] INFO:colcon.colcon_core.shell:Creating package script '/home/user/M_system/install/my_string_publisher/share/my_string_publisher/package.sh'
[12.330s] INFO:colcon.colcon_core.shell:Creating package script '/home/user/M_system/install/my_string_publisher/share/my_string_publisher/package.bash'
[12.332s] INFO:colcon.colcon_core.shell:Creating package script '/home/user/M_system/install/my_string_publisher/share/my_string_publisher/package.zsh'
[12.334s] Level 1:colcon.colcon_core.environment:create_file_with_runtime_dependencies(/home/user/M_system/install/my_string_publisher/share/colcon-core/packages/my_string_publisher)
[12.336s] INFO:colcon.colcon_ros.task.ament_python.build:Building ROS package in '/home/user/M_system/src/nmea_navsat_driver' with build type 'ament_python'
[12.337s] Level 1:colcon.colcon_core.shell:create_environment_hook('nmea_navsat_driver', 'ament_prefix_path')
[12.428s] INFO:colcon.colcon_core.shell:Creating environment hook '/home/user/M_system/install/nmea_navsat_driver/share/nmea_navsat_driver/hook/ament_prefix_path.ps1'
[12.429s] INFO:colcon.colcon_core.shell:Creating environment descriptor '/home/user/M_system/install/nmea_navsat_driver/share/nmea_navsat_driver/hook/ament_prefix_path.dsv'
[12.431s] INFO:colcon.colcon_core.shell:Creating environment hook '/home/user/M_system/install/nmea_navsat_driver/share/nmea_navsat_driver/hook/ament_prefix_path.sh'
[12.504s] INFO:colcon.colcon_core.shell:Skip shell extension 'powershell' for command environment: Not usable outside of PowerShell
[12.504s] DEBUG:colcon.colcon_core.shell:Skip shell extension 'dsv' for command environment
[12.835s] DEBUG:colcon.colcon_core.event_handler.log_command:Invoked command in '/home/user/M_system/src/P_m_gps_listener' returned '0': PYTHONPATH=/home/user/M_system/build/P_m_gps_listener/prefix_override:/home/user/M_system/install/P_m_gps_listener/lib/python3.10/site-packages:${PYTHONPATH} /usr/bin/python3 setup.py egg_info --egg-base ../../build/P_m_gps_listener build --build-base /home/user/M_system/build/P_m_gps_listener/build install --record /home/user/M_system/build/P_m_gps_listener/install.log --single-version-externally-managed
[12.919s] Level 1:colcon.colcon_core.environment:checking '/home/user/M_system/install/P_m_gps_listener' for CMake module files
[12.921s] Level 1:colcon.colcon_core.environment:checking '/home/user/M_system/install/P_m_gps_listener' for CMake config files
[12.923s] Level 1:colcon.colcon_core.environment:checking '/home/user/M_system/install/P_m_gps_listener/lib'
[12.923s] Level 1:colcon.colcon_core.environment:checking '/home/user/M_system/install/P_m_gps_listener/bin'
[12.923s] Level 1:colcon.colcon_core.environment:checking '/home/user/M_system/install/P_m_gps_listener/lib/pkgconfig/P_m_gps_listener.pc'
[12.924s] Level 1:colcon.colcon_core.environment:checking '/home/user/M_system/install/P_m_gps_listener/lib/python3.10/site-packages'
[12.924s] Level 1:colcon.colcon_core.shell:create_environment_hook('P_m_gps_listener', 'pythonpath')
[13.000s] INFO:colcon.colcon_core.shell:Creating environment hook '/home/user/M_system/install/P_m_gps_listener/share/P_m_gps_listener/hook/pythonpath.ps1'
[13.001s] INFO:colcon.colcon_core.shell:Creating environment descriptor '/home/user/M_system/install/P_m_gps_listener/share/P_m_gps_listener/hook/pythonpath.dsv'
[13.004s] INFO:colcon.colcon_core.shell:Creating environment hook '/home/user/M_system/install/P_m_gps_listener/share/P_m_gps_listener/hook/pythonpath.sh'
[13.005s] Level 1:colcon.colcon_core.environment:checking '/home/user/M_system/install/P_m_gps_listener/bin'
[13.006s] Level 1:colcon.colcon_core.environment:create_environment_scripts_only(P_m_gps_listener)
[13.076s] INFO:colcon.colcon_core.shell:Creating package script '/home/user/M_system/install/P_m_gps_listener/share/P_m_gps_listener/package.ps1'
[13.078s] INFO:colcon.colcon_core.shell:Creating package descriptor '/home/user/M_system/install/P_m_gps_listener/share/P_m_gps_listener/package.dsv'
[13.079s] INFO:colcon.colcon_core.shell:Creating package script '/home/user/M_system/install/P_m_gps_listener/share/P_m_gps_listener/package.sh'
[13.081s] INFO:colcon.colcon_core.shell:Creating package script '/home/user/M_system/install/P_m_gps_listener/share/P_m_gps_listener/package.bash'
[13.083s] INFO:colcon.colcon_core.shell:Creating package script '/home/user/M_system/install/P_m_gps_listener/share/P_m_gps_listener/package.zsh'
[13.084s] Level 1:colcon.colcon_core.environment:create_file_with_runtime_dependencies(/home/user/M_system/install/P_m_gps_listener/share/colcon-core/packages/P_m_gps_listener)
[14.104s] INFO:colcon.colcon_core.task.python.build:Building Python package in '/home/user/M_system/src/nmea_navsat_driver'
[14.170s] INFO:colcon.colcon_core.shell:Skip shell extension 'powershell' for command environment: Not usable outside of PowerShell
[14.171s] DEBUG:colcon.colcon_core.shell:Skip shell extension 'dsv' for command environment
[15.822s] DEBUG:colcon.colcon_core.event_handler.log_command:Invoking command in '/home/user/M_system/src/nmea_navsat_driver': PYTHONPATH=/home/user/M_system/build/nmea_navsat_driver/prefix_override:/home/user/M_system/install/nmea_navsat_driver/lib/python3.10/site-packages:${PYTHONPATH} /usr/bin/python3 setup.py egg_info --egg-base ../../build/nmea_navsat_driver build --build-base /home/user/M_system/build/nmea_navsat_driver/build install --record /home/user/M_system/build/nmea_navsat_driver/install.log --single-version-externally-managed
[16.892s] DEBUG:colcon.colcon_core.event_handler.log_command:Invoked command in '/home/user/M_system/src/nmea_navsat_driver' returned '0': PYTHONPATH=/home/user/M_system/build/nmea_navsat_driver/prefix_override:/home/user/M_system/install/nmea_navsat_driver/lib/python3.10/site-packages:${PYTHONPATH} /usr/bin/python3 setup.py egg_info --egg-base ../../build/nmea_navsat_driver build --build-base /home/user/M_system/build/nmea_navsat_driver/build install --record /home/user/M_system/build/nmea_navsat_driver/install.log --single-version-externally-managed
[16.962s] Level 1:colcon.colcon_core.environment:checking '/home/user/M_system/install/nmea_navsat_driver' for CMake module files
[16.964s] Level 1:colcon.colcon_core.environment:checking '/home/user/M_system/install/nmea_navsat_driver' for CMake config files
[16.966s] Level 1:colcon.colcon_core.environment:checking '/home/user/M_system/install/nmea_navsat_driver/lib'
[16.966s] Level 1:colcon.colcon_core.environment:checking '/home/user/M_system/install/nmea_navsat_driver/bin'
[16.966s] Level 1:colcon.colcon_core.environment:checking '/home/user/M_system/install/nmea_navsat_driver/lib/pkgconfig/nmea_navsat_driver.pc'
[16.967s] Level 1:colcon.colcon_core.environment:checking '/home/user/M_system/install/nmea_navsat_driver/lib/python3.10/site-packages'
[16.967s] Level 1:colcon.colcon_core.shell:create_environment_hook('nmea_navsat_driver', 'pythonpath')
[17.033s] INFO:colcon.colcon_core.shell:Creating environment hook '/home/user/M_system/install/nmea_navsat_driver/share/nmea_navsat_driver/hook/pythonpath.ps1'
[17.034s] INFO:colcon.colcon_core.shell:Creating environment descriptor '/home/user/M_system/install/nmea_navsat_driver/share/nmea_navsat_driver/hook/pythonpath.dsv'
[17.036s] INFO:colcon.colcon_core.shell:Creating environment hook '/home/user/M_system/install/nmea_navsat_driver/share/nmea_navsat_driver/hook/pythonpath.sh'
[17.037s] Level 1:colcon.colcon_core.environment:checking '/home/user/M_system/install/nmea_navsat_driver/bin'
[17.038s] Level 1:colcon.colcon_core.environment:create_environment_scripts_only(nmea_navsat_driver)
[17.102s] INFO:colcon.colcon_core.shell:Creating package script '/home/user/M_system/install/nmea_navsat_driver/share/nmea_navsat_driver/package.ps1'
[17.104s] INFO:colcon.colcon_core.shell:Creating package descriptor '/home/user/M_system/install/nmea_navsat_driver/share/nmea_navsat_driver/package.dsv'
[17.106s] INFO:colcon.colcon_core.shell:Creating package script '/home/user/M_system/install/nmea_navsat_driver/share/nmea_navsat_driver/package.sh'
[17.107s] INFO:colcon.colcon_core.shell:Creating package script '/home/user/M_system/install/nmea_navsat_driver/share/nmea_navsat_driver/package.bash'
[17.108s] INFO:colcon.colcon_core.shell:Creating package script '/home/user/M_system/install/nmea_navsat_driver/share/nmea_navsat_driver/package.zsh'
[17.109s] Level 1:colcon.colcon_core.environment:create_file_with_runtime_dependencies(/home/user/M_system/install/nmea_navsat_driver/share/colcon-core/packages/nmea_navsat_driver)
[17.110s] DEBUG:colcon.colcon_parallel_executor.executor.parallel:closing loop
[17.111s] DEBUG:colcon.colcon_parallel_executor.executor.parallel:loop closed
[17.111s] DEBUG:colcon.colcon_parallel_executor.executor.parallel:run_until_complete finished with '0'
[17.112s] DEBUG:colcon.colcon_core.event_reactor:joining thread
[17.206s] INFO:colcon.colcon_core.plugin_system:Skipping extension 'colcon_notification.desktop_notification.terminal_notifier': Not used on non-Darwin systems
[17.206s] INFO:colcon.colcon_core.plugin_system:Skipping extension 'colcon_notification.desktop_notification.win32': Not used on non-Windows systems
[17.206s] INFO:colcon.colcon_notification.desktop_notification:Sending desktop notification using 'notify2'
[17.248s] DEBUG:colcon.colcon_core.event_reactor:joined thread
[17.344s] INFO:colcon.colcon_core.shell:Creating prefix script '/home/user/M_system/install/local_setup.ps1'
[17.346s] INFO:colcon.colcon_core.shell:Creating prefix util module '/home/user/M_system/install/_local_setup_util_ps1.py'
[17.351s] INFO:colcon.colcon_core.shell:Creating prefix chain script '/home/user/M_system/install/setup.ps1'
[17.436s] INFO:colcon.colcon_core.shell:Creating prefix script '/home/user/M_system/install/local_setup.sh'
[17.439s] INFO:colcon.colcon_core.shell:Creating prefix util module '/home/user/M_system/install/_local_setup_util_sh.py'
[17.441s] INFO:colcon.colcon_core.shell:Creating prefix chain script '/home/user/M_system/install/setup.sh'
[17.523s] INFO:colcon.colcon_core.shell:Creating prefix script '/home/user/M_system/install/local_setup.bash'
[17.525s] INFO:colcon.colcon_core.shell:Creating prefix chain script '/home/user/M_system/install/setup.bash'
[17.623s] INFO:colcon.colcon_core.shell:Creating prefix script '/home/user/M_system/install/local_setup.zsh'
[17.625s] INFO:colcon.colcon_core.shell:Creating prefix chain script '/home/user/M_system/install/setup.zsh'
