[3.705s] Invoking command in '/home/user/M_system/src/my_string_publisher': PYTHONPATH=/home/user/M_system/src/build/my_string_publisher/prefix_override:/home/user/M_system/src/install/my_string_publisher/lib/python3.10/site-packages:${PYTHONPATH} /usr/bin/python3 setup.py egg_info --egg-base ../build/my_string_publisher build --build-base /home/user/M_system/src/build/my_string_publisher/build install --record /home/user/M_system/src/build/my_string_publisher/install.log --single-version-externally-managed
[4.892s] running egg_info
[4.895s] writing ../build/my_string_publisher/my_string_publisher.egg-info/PKG-INFO
[4.897s] writing dependency_links to ../build/my_string_publisher/my_string_publisher.egg-info/dependency_links.txt
[4.897s] writing entry points to ../build/my_string_publisher/my_string_publisher.egg-info/entry_points.txt
[4.898s] writing requirements to ../build/my_string_publisher/my_string_publisher.egg-info/requires.txt
[4.899s] writing top-level names to ../build/my_string_publisher/my_string_publisher.egg-info/top_level.txt
[4.905s] reading manifest file '../build/my_string_publisher/my_string_publisher.egg-info/SOURCES.txt'
[4.909s] writing manifest file '../build/my_string_publisher/my_string_publisher.egg-info/SOURCES.txt'
[4.909s] running build
[4.910s] running build_py
[4.910s] running install
[4.913s] running install_lib
[4.918s] running install_egg_info
[4.924s] removing '/home/user/M_system/src/install/my_string_publisher/lib/python3.10/site-packages/my_string_publisher-0.0.1-py3.10.egg-info' (and everything under it)
[4.925s] Copying ../build/my_string_publisher/my_string_publisher.egg-info to /home/user/M_system/src/install/my_string_publisher/lib/python3.10/site-packages/my_string_publisher-0.0.1-py3.10.egg-info
[4.935s] running install_scripts
[5.023s] Installing StringPublisher script to /home/user/M_system/src/install/my_string_publisher/lib/my_string_publisher
[5.030s] writing list of installed files to '/home/user/M_system/src/build/my_string_publisher/install.log'
[5.286s] Invoked command in '/home/user/M_system/src/my_string_publisher' returned '0': PYTHONPATH=/home/user/M_system/src/build/my_string_publisher/prefix_override:/home/user/M_system/src/install/my_string_publisher/lib/python3.10/site-packages:${PYTHONPATH} /usr/bin/python3 setup.py egg_info --egg-base ../build/my_string_publisher build --build-base /home/user/M_system/src/build/my_string_publisher/build install --record /home/user/M_system/src/build/my_string_publisher/install.log --single-version-externally-managed
