running egg_info
creating ../build/P_m_gps_listener/P_m_gps_listener.egg-info
writing ../build/P_m_gps_listener/P_m_gps_listener.egg-info/PKG-INFO
writing dependency_links to ../build/P_m_gps_listener/P_m_gps_listener.egg-info/dependency_links.txt
writing entry points to ../build/P_m_gps_listener/P_m_gps_listener.egg-info/entry_points.txt
writing requirements to ../build/P_m_gps_listener/P_m_gps_listener.egg-info/requires.txt
writing top-level names to ../build/P_m_gps_listener/P_m_gps_listener.egg-info/top_level.txt
writing manifest file '../build/P_m_gps_listener/P_m_gps_listener.egg-info/SOURCES.txt'
reading manifest file '../build/P_m_gps_listener/P_m_gps_listener.egg-info/SOURCES.txt'
writing manifest file '../build/P_m_gps_listener/P_m_gps_listener.egg-info/SOURCES.txt'
running build
running build_py
creating /home/user/M_system/src/build/P_m_gps_listener/build
creating /home/user/M_system/src/build/P_m_gps_listener/build/lib
creating /home/user/M_system/src/build/P_m_gps_listener/build/lib/P_m_gps_listener
copying P_m_gps_listener/__init__.py -> /home/user/M_system/src/build/P_m_gps_listener/build/lib/P_m_gps_listener
copying P_m_gps_listener/N_m_gps_listener.py -> /home/user/M_system/src/build/P_m_gps_listener/build/lib/P_m_gps_listener
running install
running install_lib
creating /home/user/M_system/src/install/P_m_gps_listener/lib/python3.10/site-packages/P_m_gps_listener
copying /home/user/M_system/src/build/P_m_gps_listener/build/lib/P_m_gps_listener/__init__.py -> /home/user/M_system/src/install/P_m_gps_listener/lib/python3.10/site-packages/P_m_gps_listener
copying /home/user/M_system/src/build/P_m_gps_listener/build/lib/P_m_gps_listener/N_m_gps_listener.py -> /home/user/M_system/src/install/P_m_gps_listener/lib/python3.10/site-packages/P_m_gps_listener
byte-compiling /home/user/M_system/src/install/P_m_gps_listener/lib/python3.10/site-packages/P_m_gps_listener/__init__.py to __init__.cpython-310.pyc
byte-compiling /home/user/M_system/src/install/P_m_gps_listener/lib/python3.10/site-packages/P_m_gps_listener/N_m_gps_listener.py to N_m_gps_listener.cpython-310.pyc
running install_data
running install_egg_info
Copying ../build/P_m_gps_listener/P_m_gps_listener.egg-info to /home/user/M_system/src/install/P_m_gps_listener/lib/python3.10/site-packages/P_m_gps_listener-0.0.1-py3.10.egg-info
running install_scripts
Installing gps_listener script to /home/user/M_system/src/install/P_m_gps_listener/lib/P_m_gps_listener
writing list of installed files to '/home/user/M_system/src/build/P_m_gps_listener/install.log'
