[3.604s] Invoking command in '/home/user/M_system/src/P_m_gps_listener': PYTHONPATH=/home/user/M_system/src/build/P_m_gps_listener/prefix_override:/home/user/M_system/src/install/P_m_gps_listener/lib/python3.10/site-packages:${PYTHONPATH} /usr/bin/python3 setup.py egg_info --egg-base ../build/P_m_gps_listener build --build-base /home/user/M_system/src/build/P_m_gps_listener/build install --record /home/user/M_system/src/build/P_m_gps_listener/install.log --single-version-externally-managed
[4.663s] running egg_info
[4.665s] creating ../build/P_m_gps_listener/P_m_gps_listener.egg-info
[4.667s] writing ../build/P_m_gps_listener/P_m_gps_listener.egg-info/PKG-INFO
[4.667s] writing dependency_links to ../build/P_m_gps_listener/P_m_gps_listener.egg-info/dependency_links.txt
[4.670s] writing entry points to ../build/P_m_gps_listener/P_m_gps_listener.egg-info/entry_points.txt
[4.670s] writing requirements to ../build/P_m_gps_listener/P_m_gps_listener.egg-info/requires.txt
[4.670s] writing top-level names to ../build/P_m_gps_listener/P_m_gps_listener.egg-info/top_level.txt
[4.671s] writing manifest file '../build/P_m_gps_listener/P_m_gps_listener.egg-info/SOURCES.txt'
[4.675s] reading manifest file '../build/P_m_gps_listener/P_m_gps_listener.egg-info/SOURCES.txt'
[4.677s] writing manifest file '../build/P_m_gps_listener/P_m_gps_listener.egg-info/SOURCES.txt'
[4.678s] running build
[4.678s] running build_py
[4.678s] creating /home/user/M_system/src/build/P_m_gps_listener/build
[4.679s] creating /home/user/M_system/src/build/P_m_gps_listener/build/lib
[4.679s] creating /home/user/M_system/src/build/P_m_gps_listener/build/lib/P_m_gps_listener
[4.680s] copying P_m_gps_listener/__init__.py -> /home/user/M_system/src/build/P_m_gps_listener/build/lib/P_m_gps_listener
[4.680s] copying P_m_gps_listener/N_m_gps_listener.py -> /home/user/M_system/src/build/P_m_gps_listener/build/lib/P_m_gps_listener
[4.681s] running install
[4.681s] running install_lib
[4.684s] creating /home/user/M_system/src/install/P_m_gps_listener/lib/python3.10/site-packages/P_m_gps_listener
[4.684s] copying /home/user/M_system/src/build/P_m_gps_listener/build/lib/P_m_gps_listener/__init__.py -> /home/user/M_system/src/install/P_m_gps_listener/lib/python3.10/site-packages/P_m_gps_listener
[4.684s] copying /home/user/M_system/src/build/P_m_gps_listener/build/lib/P_m_gps_listener/N_m_gps_listener.py -> /home/user/M_system/src/install/P_m_gps_listener/lib/python3.10/site-packages/P_m_gps_listener
[4.686s] byte-compiling /home/user/M_system/src/install/P_m_gps_listener/lib/python3.10/site-packages/P_m_gps_listener/__init__.py to __init__.cpython-310.pyc
[4.687s] byte-compiling /home/user/M_system/src/install/P_m_gps_listener/lib/python3.10/site-packages/P_m_gps_listener/N_m_gps_listener.py to N_m_gps_listener.cpython-310.pyc
[4.688s] running install_data
[4.690s] running install_egg_info
[4.696s] Copying ../build/P_m_gps_listener/P_m_gps_listener.egg-info to /home/user/M_system/src/install/P_m_gps_listener/lib/python3.10/site-packages/P_m_gps_listener-0.0.1-py3.10.egg-info
[4.698s] running install_scripts
[4.764s] Installing gps_listener script to /home/user/M_system/src/install/P_m_gps_listener/lib/P_m_gps_listener
[4.765s] writing list of installed files to '/home/user/M_system/src/build/P_m_gps_listener/install.log'
[4.880s] Invoked command in '/home/user/M_system/src/P_m_gps_listener' returned '0': PYTHONPATH=/home/user/M_system/src/build/P_m_gps_listener/prefix_override:/home/user/M_system/src/install/P_m_gps_listener/lib/python3.10/site-packages:${PYTHONPATH} /usr/bin/python3 setup.py egg_info --egg-base ../build/P_m_gps_listener build --build-base /home/user/M_system/src/build/P_m_gps_listener/build install --record /home/user/M_system/src/build/P_m_gps_listener/install.log --single-version-externally-managed
