[5.881s] Invoking command in '/home/user/M_system/src/P_m_gps_listener': PYTHONPATH=/home/user/M_system/build/P_m_gps_listener/prefix_override:/home/user/M_system/install/P_m_gps_listener/lib/python3.10/site-packages:${PYTHONPATH} /usr/bin/python3 setup.py egg_info --egg-base ../../build/P_m_gps_listener build --build-base /home/user/M_system/build/P_m_gps_listener/build install --record /home/user/M_system/build/P_m_gps_listener/install.log --single-version-externally-managed
[7.148s] running egg_info
[7.151s] creating ../../build/P_m_gps_listener/P_m_gps_listener.egg-info
[7.152s] writing ../../build/P_m_gps_listener/P_m_gps_listener.egg-info/PKG-INFO
[7.153s] writing dependency_links to ../../build/P_m_gps_listener/P_m_gps_listener.egg-info/dependency_links.txt
[7.153s] writing entry points to ../../build/P_m_gps_listener/P_m_gps_listener.egg-info/entry_points.txt
[7.154s] writing requirements to ../../build/P_m_gps_listener/P_m_gps_listener.egg-info/requires.txt
[7.154s] writing top-level names to ../../build/P_m_gps_listener/P_m_gps_listener.egg-info/top_level.txt
[7.156s] writing manifest file '../../build/P_m_gps_listener/P_m_gps_listener.egg-info/SOURCES.txt'
[7.162s] reading manifest file '../../build/P_m_gps_listener/P_m_gps_listener.egg-info/SOURCES.txt'
[7.165s] writing manifest file '../../build/P_m_gps_listener/P_m_gps_listener.egg-info/SOURCES.txt'
[7.166s] running build
[7.166s] running build_py
[7.166s] creating /home/user/M_system/build/P_m_gps_listener/build
[7.167s] creating /home/user/M_system/build/P_m_gps_listener/build/lib
[7.167s] creating /home/user/M_system/build/P_m_gps_listener/build/lib/P_m_gps_listener
[7.167s] copying P_m_gps_listener/__init__.py -> /home/user/M_system/build/P_m_gps_listener/build/lib/P_m_gps_listener
[7.168s] copying P_m_gps_listener/N_m_gps_listener.py -> /home/user/M_system/build/P_m_gps_listener/build/lib/P_m_gps_listener
[7.169s] running install
[7.170s] running install_lib
[7.174s] creating /home/user/M_system/install/P_m_gps_listener/lib/python3.10/site-packages/P_m_gps_listener
[7.174s] copying /home/user/M_system/build/P_m_gps_listener/build/lib/P_m_gps_listener/__init__.py -> /home/user/M_system/install/P_m_gps_listener/lib/python3.10/site-packages/P_m_gps_listener
[7.175s] copying /home/user/M_system/build/P_m_gps_listener/build/lib/P_m_gps_listener/N_m_gps_listener.py -> /home/user/M_system/install/P_m_gps_listener/lib/python3.10/site-packages/P_m_gps_listener
[7.179s] byte-compiling /home/user/M_system/install/P_m_gps_listener/lib/python3.10/site-packages/P_m_gps_listener/__init__.py to __init__.cpython-310.pyc
[7.180s] byte-compiling /home/user/M_system/install/P_m_gps_listener/lib/python3.10/site-packages/P_m_gps_listener/N_m_gps_listener.py to N_m_gps_listener.cpython-310.pyc
[7.181s] running install_data
[7.184s] creating /home/user/M_system/install/P_m_gps_listener/share/ament_index
[7.184s] creating /home/user/M_system/install/P_m_gps_listener/share/ament_index/resource_index
[7.184s] creating /home/user/M_system/install/P_m_gps_listener/share/ament_index/resource_index/packages
[7.185s] copying resource/P_m_gps_listener -> /home/user/M_system/install/P_m_gps_listener/share/ament_index/resource_index/packages
[7.185s] copying package.xml -> /home/user/M_system/install/P_m_gps_listener/share/P_m_gps_listener
[7.186s] running install_egg_info
[7.195s] Copying ../../build/P_m_gps_listener/P_m_gps_listener.egg-info to /home/user/M_system/install/P_m_gps_listener/lib/python3.10/site-packages/P_m_gps_listener-0.0.1-py3.10.egg-info
[7.198s] running install_scripts
[7.281s] Installing gps_listener script to /home/user/M_system/install/P_m_gps_listener/lib/P_m_gps_listener
[7.283s] writing list of installed files to '/home/user/M_system/build/P_m_gps_listener/install.log'
[8.298s] Invoked command in '/home/user/M_system/src/P_m_gps_listener' returned '0': PYTHONPATH=/home/user/M_system/build/P_m_gps_listener/prefix_override:/home/user/M_system/install/P_m_gps_listener/lib/python3.10/site-packages:${PYTHONPATH} /usr/bin/python3 setup.py egg_info --egg-base ../../build/P_m_gps_listener build --build-base /home/user/M_system/build/P_m_gps_listener/build install --record /home/user/M_system/build/P_m_gps_listener/install.log --single-version-externally-managed
