[2.132s] Invoking command in '/home/user/M_system/src/my_string_publisher': PYTHONPATH=/home/user/M_system/build/my_string_publisher/prefix_override:/home/user/M_system/install/my_string_publisher/lib/python3.10/site-packages:${PYTHONPATH} /usr/bin/python3 setup.py egg_info --egg-base ../../build/my_string_publisher build --build-base /home/user/M_system/build/my_string_publisher/build install --record /home/user/M_system/build/my_string_publisher/install.log --single-version-externally-managed
[2.820s] running egg_info
[2.822s] writing ../../build/my_string_publisher/my_string_publisher.egg-info/PKG-INFO
[2.823s] writing dependency_links to ../../build/my_string_publisher/my_string_publisher.egg-info/dependency_links.txt
[2.824s] writing entry points to ../../build/my_string_publisher/my_string_publisher.egg-info/entry_points.txt
[2.824s] writing requirements to ../../build/my_string_publisher/my_string_publisher.egg-info/requires.txt
[2.824s] writing top-level names to ../../build/my_string_publisher/my_string_publisher.egg-info/top_level.txt
[2.829s] reading manifest file '../../build/my_string_publisher/my_string_publisher.egg-info/SOURCES.txt'
[2.831s] writing manifest file '../../build/my_string_publisher/my_string_publisher.egg-info/SOURCES.txt'
[2.831s] running build
[2.832s] running build_py
[2.832s] copying my_string_publisher/publisher_node.py -> /home/user/M_system/build/my_string_publisher/build/lib/my_string_publisher
[2.832s] running install
[2.833s] /usr/lib/python3/dist-packages/setuptools/command/install.py:34: SetuptoolsDeprecationWarning: setup.py install is deprecated. Use build and pip and other standards-based tools.
[2.833s]   warnings.warn(
[2.834s] running install_lib
[2.836s] copying /home/user/M_system/build/my_string_publisher/build/lib/my_string_publisher/publisher_node.py -> /home/user/M_system/install/my_string_publisher/lib/python3.10/site-packages/my_string_publisher
[2.838s] byte-compiling /home/user/M_system/install/my_string_publisher/lib/python3.10/site-packages/my_string_publisher/publisher_node.py to publisher_node.cpython-310.pyc
[2.846s] running install_egg_info
[2.846s] removing '/home/user/M_system/install/my_string_publisher/lib/python3.10/site-packages/my_string_publisher-0.0.1-py3.10.egg-info' (and everything under it)
[2.847s] Copying ../../build/my_string_publisher/my_string_publisher.egg-info to /home/user/M_system/install/my_string_publisher/lib/python3.10/site-packages/my_string_publisher-0.0.1-py3.10.egg-info
[2.851s] running install_scripts
[2.901s] Installing publisher_node script to /home/user/M_system/install/my_string_publisher/lib/my_string_publisher
[2.905s] writing list of installed files to '/home/user/M_system/build/my_string_publisher/install.log'
[2.982s] Invoked command in '/home/user/M_system/src/my_string_publisher' returned '0': PYTHONPATH=/home/user/M_system/build/my_string_publisher/prefix_override:/home/user/M_system/install/my_string_publisher/lib/python3.10/site-packages:${PYTHONPATH} /usr/bin/python3 setup.py egg_info --egg-base ../../build/my_string_publisher build --build-base /home/user/M_system/build/my_string_publisher/build install --record /home/user/M_system/build/my_string_publisher/install.log --single-version-externally-managed
