[2.061s] Invoking command in '/home/user/M_system/src/my_string_publisher': PYTHONPATH=/home/user/M_system/build/my_string_publisher/prefix_override:/home/user/M_system/install/my_string_publisher/lib/python3.10/site-packages:${PYTHONPATH} /usr/bin/python3 setup.py egg_info --egg-base ../../build/my_string_publisher build --build-base /home/user/M_system/build/my_string_publisher/build install --record /home/user/M_system/build/my_string_publisher/install.log --single-version-externally-managed
[2.816s] running egg_info
[2.818s] writing ../../build/my_string_publisher/my_string_publisher.egg-info/PKG-INFO
[2.818s] writing dependency_links to ../../build/my_string_publisher/my_string_publisher.egg-info/dependency_links.txt
[2.820s] writing entry points to ../../build/my_string_publisher/my_string_publisher.egg-info/entry_points.txt
[2.820s] writing requirements to ../../build/my_string_publisher/my_string_publisher.egg-info/requires.txt
[2.820s] writing top-level names to ../../build/my_string_publisher/my_string_publisher.egg-info/top_level.txt
[2.825s] reading manifest file '../../build/my_string_publisher/my_string_publisher.egg-info/SOURCES.txt'
[2.827s] writing manifest file '../../build/my_string_publisher/my_string_publisher.egg-info/SOURCES.txt'
[2.827s] running build
[2.827s] running build_py
[2.828s] running install
[2.829s] running install_lib
[2.831s] running install_egg_info
[2.835s] removing '/home/user/M_system/install/my_string_publisher/lib/python3.10/site-packages/my_string_publisher-0.0.1-py3.10.egg-info' (and everything under it)
[2.836s] Copying ../../build/my_string_publisher/my_string_publisher.egg-info to /home/user/M_system/install/my_string_publisher/lib/python3.10/site-packages/my_string_publisher-0.0.1-py3.10.egg-info
[2.848s] running install_scripts
[2.892s] Installing StringPublisher script to /home/user/M_system/install/my_string_publisher/lib/my_string_publisher
[2.893s] writing list of installed files to '/home/user/M_system/build/my_string_publisher/install.log'
[2.979s] Invoked command in '/home/user/M_system/src/my_string_publisher' returned '0': PYTHONPATH=/home/user/M_system/build/my_string_publisher/prefix_override:/home/user/M_system/install/my_string_publisher/lib/python3.10/site-packages:${PYTHONPATH} /usr/bin/python3 setup.py egg_info --egg-base ../../build/my_string_publisher build --build-base /home/user/M_system/build/my_string_publisher/build install --record /home/user/M_system/build/my_string_publisher/install.log --single-version-externally-managed
