[1.679s] Invoking command in '/home/user/M_system/src/my_string_publisher': PYTHONPATH=/home/user/M_system/build/my_string_publisher/prefix_override:/home/user/M_system/install/my_string_publisher/lib/python3.10/site-packages:${PYTHONPATH} /usr/bin/python3 setup.py egg_info --egg-base ../../build/my_string_publisher build --build-base /home/user/M_system/build/my_string_publisher/build install --record /home/user/M_system/build/my_string_publisher/install.log --single-version-externally-managed
[2.372s] running egg_info
[2.424s] writing ../../build/my_string_publisher/my_string_publisher.egg-info/PKG-INFO
[2.425s] writing dependency_links to ../../build/my_string_publisher/my_string_publisher.egg-info/dependency_links.txt
[2.426s] writing entry points to ../../build/my_string_publisher/my_string_publisher.egg-info/entry_points.txt
[2.427s] writing requirements to ../../build/my_string_publisher/my_string_publisher.egg-info/requires.txt
[2.428s] writing top-level names to ../../build/my_string_publisher/my_string_publisher.egg-info/top_level.txt
[2.551s] reading manifest file '../../build/my_string_publisher/my_string_publisher.egg-info/SOURCES.txt'
[2.557s] writing manifest file '../../build/my_string_publisher/my_string_publisher.egg-info/SOURCES.txt'
[2.558s] running build
[2.559s] running build_py
[2.561s] copying my_string_publisher/__init__.py -> /home/user/M_system/build/my_string_publisher/build/lib/my_string_publisher
[2.562s] copying my_string_publisher/publisher_node.py -> /home/user/M_system/build/my_string_publisher/build/lib/my_string_publisher
[2.564s] running install
[2.565s] /home/user/.local/lib/python3.10/site-packages/setuptools/_distutils/cmd.py:66: SetuptoolsDeprecationWarning: setup.py install is deprecated.
[2.566s] !!
[2.566s] 
[2.566s]         ********************************************************************************
[2.567s]         Please avoid running ``setup.py`` directly.
[2.567s]         Instead, use pypa/build, pypa/installer or other
[2.568s]         standards-based tools.
[2.568s] 
[2.569s]         See https://blog.ganssle.io/articles/2021/10/setup-py-deprecated.html for details.
[2.569s]         ********************************************************************************
[2.569s] 
[2.570s] !!
[2.570s]   self.initialize_options()
[2.587s] running install_lib
[2.636s] running install_egg_info
[2.694s] removing '/home/user/M_system/install/my_string_publisher/lib/python3.10/site-packages/my_string_publisher-0.0.1-py3.10.egg-info' (and everything under it)
[2.695s] Copying ../../build/my_string_publisher/my_string_publisher.egg-info to /home/user/M_system/install/my_string_publisher/lib/python3.10/site-packages/my_string_publisher-0.0.1-py3.10.egg-info
[2.697s] running install_scripts
[3.085s] Installing publisher_node script to /home/user/M_system/install/my_string_publisher/lib/my_string_publisher
[3.086s] writing list of installed files to '/home/user/M_system/build/my_string_publisher/install.log'
[3.174s] Invoked command in '/home/user/M_system/src/my_string_publisher' returned '0': PYTHONPATH=/home/user/M_system/build/my_string_publisher/prefix_override:/home/user/M_system/install/my_string_publisher/lib/python3.10/site-packages:${PYTHONPATH} /usr/bin/python3 setup.py egg_info --egg-base ../../build/my_string_publisher build --build-base /home/user/M_system/build/my_string_publisher/build install --record /home/user/M_system/build/my_string_publisher/install.log --single-version-externally-managed
